{"/home/devbox/Documents/glayzzle/php-parser/src/index.js":{"path":"/home/devbox/Documents/glayzzle/php-parser/src/index.js","s":{"1":1,"2":1,"3":1,"4":1,"5":1,"6":4,"7":4,"8":4,"9":6,"10":6,"11":6,"12":0,"13":6,"14":0,"15":6,"16":0,"17":6,"18":2,"19":4,"20":4,"21":1,"22":7,"23":0,"24":7,"25":7,"26":7,"27":7,"28":7,"29":2,"30":1,"31":0,"32":1,"33":5,"34":5,"35":1,"36":5,"37":5,"38":5,"39":1,"40":1,"41":1,"42":1,"43":1,"44":1,"45":1,"46":1,"47":0,"48":0,"49":1,"50":0,"51":0,"52":0,"53":0,"54":0,"55":0,"56":0,"57":0,"58":0,"59":0,"60":0,"61":0,"62":0,"63":0,"64":1},"b":{"1":[0,6],"2":[0,6],"3":[0,6],"4":[0,0],"5":[2,4],"6":[2,0],"7":[0,7],"8":[2,5],"9":[7,2],"10":[0,0],"11":[0,0],"12":[0,0]},"f":{"1":4,"2":7,"3":0,"4":5,"5":5,"6":1,"7":1,"8":0,"9":0},"fnMap":{"1":{"name":"combine","line":15,"loc":{"start":{"line":15,"column":0},"end":{"line":15,"column":26}}},"2":{"name":"(anonymous_2)","line":44,"loc":{"start":{"line":44,"column":13},"end":{"line":44,"column":31}}},"3":{"name":"(anonymous_3)","line":62,"loc":{"start":{"line":62,"column":16},"end":{"line":62,"column":34}}},"4":{"name":"(anonymous_4)","line":69,"loc":{"start":{"line":69,"column":19},"end":{"line":69,"column":45}}},"5":{"name":"(anonymous_5)","line":78,"loc":{"start":{"line":78,"column":29},"end":{"line":78,"column":46}}},"6":{"name":"(anonymous_6)","line":87,"loc":{"start":{"line":87,"column":19},"end":{"line":87,"column":45}}},"7":{"name":"(anonymous_7)","line":95,"loc":{"start":{"line":95,"column":29},"end":{"line":95,"column":46}}},"8":{"name":"(anonymous_8)","line":104,"loc":{"start":{"line":104,"column":21},"end":{"line":104,"column":47}}},"9":{"name":"(anonymous_9)","line":112,"loc":{"start":{"line":112,"column":31},"end":{"line":112,"column":48}}}},"statementMap":{"1":{"start":{"line":7,"column":0},"end":{"line":7,"column":31}},"2":{"start":{"line":8,"column":0},"end":{"line":8,"column":33}},"3":{"start":{"line":9,"column":0},"end":{"line":9,"column":33}},"4":{"start":{"line":10,"column":0},"end":{"line":10,"column":27}},"5":{"start":{"line":15,"column":0},"end":{"line":34,"column":1}},"6":{"start":{"line":16,"column":2},"end":{"line":16,"column":30}},"7":{"start":{"line":17,"column":2},"end":{"line":17,"column":22}},"8":{"start":{"line":18,"column":2},"end":{"line":32,"column":3}},"9":{"start":{"line":19,"column":4},"end":{"line":19,"column":20}},"10":{"start":{"line":20,"column":4},"end":{"line":20,"column":21}},"11":{"start":{"line":21,"column":4},"end":{"line":31,"column":5}},"12":{"start":{"line":22,"column":6},"end":{"line":22,"column":19}},"13":{"start":{"line":23,"column":11},"end":{"line":31,"column":5}},"14":{"start":{"line":24,"column":6},"end":{"line":24,"column":27}},"15":{"start":{"line":25,"column":11},"end":{"line":31,"column":5}},"16":{"start":{"line":26,"column":6},"end":{"line":26,"column":61}},"17":{"start":{"line":27,"column":11},"end":{"line":31,"column":5}},"18":{"start":{"line":28,"column":6},"end":{"line":28,"column":68}},"19":{"start":{"line":30,"column":6},"end":{"line":30,"column":18}},"20":{"start":{"line":33,"column":2},"end":{"line":33,"column":12}},"21":{"start":{"line":44,"column":0},"end":{"line":55,"column":2}},"22":{"start":{"line":45,"column":2},"end":{"line":47,"column":3}},"23":{"start":{"line":46,"column":4},"end":{"line":46,"column":29}},"24":{"start":{"line":48,"column":2},"end":{"line":48,"column":23}},"25":{"start":{"line":49,"column":2},"end":{"line":49,"column":31}},"26":{"start":{"line":50,"column":2},"end":{"line":50,"column":23}},"27":{"start":{"line":51,"column":2},"end":{"line":51,"column":49}},"28":{"start":{"line":52,"column":2},"end":{"line":54,"column":3}},"29":{"start":{"line":53,"column":4},"end":{"line":53,"column":27}},"30":{"start":{"line":62,"column":0},"end":{"line":64,"column":2}},"31":{"start":{"line":63,"column":2},"end":{"line":63,"column":29}},"32":{"start":{"line":69,"column":0},"end":{"line":72,"column":2}},"33":{"start":{"line":70,"column":2},"end":{"line":70,"column":33}},"34":{"start":{"line":71,"column":2},"end":{"line":71,"column":32}},"35":{"start":{"line":78,"column":0},"end":{"line":82,"column":2}},"36":{"start":{"line":79,"column":2},"end":{"line":79,"column":30}},"37":{"start":{"line":80,"column":2},"end":{"line":80,"column":32}},"38":{"start":{"line":81,"column":2},"end":{"line":81,"column":35}},"39":{"start":{"line":87,"column":0},"end":{"line":90,"column":2}},"40":{"start":{"line":88,"column":2},"end":{"line":88,"column":33}},"41":{"start":{"line":89,"column":2},"end":{"line":89,"column":32}},"42":{"start":{"line":95,"column":0},"end":{"line":99,"column":2}},"43":{"start":{"line":96,"column":2},"end":{"line":96,"column":31}},"44":{"start":{"line":97,"column":2},"end":{"line":97,"column":32}},"45":{"start":{"line":98,"column":2},"end":{"line":98,"column":35}},"46":{"start":{"line":104,"column":0},"end":{"line":107,"column":2}},"47":{"start":{"line":105,"column":2},"end":{"line":105,"column":33}},"48":{"start":{"line":106,"column":2},"end":{"line":106,"column":34}},"49":{"start":{"line":112,"column":0},"end":{"line":129,"column":2}},"50":{"start":{"line":113,"column":2},"end":{"line":113,"column":31}},"51":{"start":{"line":114,"column":2},"end":{"line":114,"column":31}},"52":{"start":{"line":115,"column":2},"end":{"line":115,"column":27}},"53":{"start":{"line":116,"column":2},"end":{"line":116,"column":33}},"54":{"start":{"line":117,"column":2},"end":{"line":117,"column":30}},"55":{"start":{"line":118,"column":2},"end":{"line":118,"column":38}},"56":{"start":{"line":119,"column":2},"end":{"line":119,"column":18}},"57":{"start":{"line":120,"column":2},"end":{"line":127,"column":3}},"58":{"start":{"line":121,"column":4},"end":{"line":121,"column":34}},"59":{"start":{"line":122,"column":4},"end":{"line":124,"column":5}},"60":{"start":{"line":123,"column":6},"end":{"line":123,"column":66}},"61":{"start":{"line":125,"column":4},"end":{"line":125,"column":23}},"62":{"start":{"line":126,"column":4},"end":{"line":126,"column":36}},"63":{"start":{"line":128,"column":2},"end":{"line":128,"column":16}},"64":{"start":{"line":132,"column":0},"end":{"line":132,"column":24}}},"branchMap":{"1":{"line":21,"type":"if","locations":[{"start":{"line":21,"column":4},"end":{"line":21,"column":4}},{"start":{"line":21,"column":4},"end":{"line":21,"column":4}}]},"2":{"line":23,"type":"if","locations":[{"start":{"line":23,"column":11},"end":{"line":23,"column":11}},{"start":{"line":23,"column":11},"end":{"line":23,"column":11}}]},"3":{"line":25,"type":"if","locations":[{"start":{"line":25,"column":11},"end":{"line":25,"column":11}},{"start":{"line":25,"column":11},"end":{"line":25,"column":11}}]},"4":{"line":26,"type":"cond-expr","locations":[{"start":{"line":26,"column":37},"end":{"line":26,"column":54}},{"start":{"line":26,"column":57},"end":{"line":26,"column":60}}]},"5":{"line":27,"type":"if","locations":[{"start":{"line":27,"column":11},"end":{"line":27,"column":11}},{"start":{"line":27,"column":11},"end":{"line":27,"column":11}}]},"6":{"line":28,"type":"cond-expr","locations":[{"start":{"line":28,"column":42},"end":{"line":28,"column":61}},{"start":{"line":28,"column":64},"end":{"line":28,"column":67}}]},"7":{"line":45,"type":"if","locations":[{"start":{"line":45,"column":2},"end":{"line":45,"column":2}},{"start":{"line":45,"column":2},"end":{"line":45,"column":2}}]},"8":{"line":52,"type":"if","locations":[{"start":{"line":52,"column":2},"end":{"line":52,"column":2}},{"start":{"line":52,"column":2},"end":{"line":52,"column":2}}]},"9":{"line":52,"type":"binary-expr","locations":[{"start":{"line":52,"column":6},"end":{"line":52,"column":13}},{"start":{"line":52,"column":17},"end":{"line":52,"column":44}}]},"10":{"line":118,"type":"binary-expr","locations":[{"start":{"line":118,"column":14},"end":{"line":118,"column":30}},{"start":{"line":118,"column":34},"end":{"line":118,"column":37}}]},"11":{"line":122,"type":"if","locations":[{"start":{"line":122,"column":4},"end":{"line":122,"column":4}},{"start":{"line":122,"column":4},"end":{"line":122,"column":4}}]},"12":{"line":126,"type":"binary-expr","locations":[{"start":{"line":126,"column":12},"end":{"line":126,"column":28}},{"start":{"line":126,"column":32},"end":{"line":126,"column":35}}]}}},"/home/devbox/Documents/glayzzle/php-parser/src/lexer.js":{"path":"/home/devbox/Documents/glayzzle/php-parser/src/lexer.js","s":{"1":1,"2":7,"3":7,"4":7,"5":7,"6":7,"7":7,"8":7,"9":7,"10":7,"11":7,"12":7,"13":1,"14":6,"15":6,"16":6,"17":6,"18":6,"19":6,"20":6,"21":6,"22":6,"23":6,"24":6,"25":5,"26":1,"27":6,"28":1,"29":197,"30":197,"31":0,"32":197,"33":197,"34":197,"35":0,"36":0,"37":197,"38":11,"39":11,"40":11,"41":186,"42":197,"43":1,"44":36,"45":35,"46":35,"47":0,"48":0,"49":35,"50":1,"51":1,"52":1,"53":35,"54":1,"55":1,"56":1,"57":1,"58":1,"59":1,"60":1,"61":1,"62":1,"63":0,"64":0,"65":0,"66":0,"67":0,"68":0,"69":0,"70":0,"71":1,"72":0,"73":0,"74":0,"75":1,"76":1,"77":0,"78":0,"79":0,"80":36,"81":1,"82":2,"83":1,"84":1,"85":1,"86":4,"87":4,"88":0,"89":4,"90":1,"91":2,"92":7,"93":7,"94":0,"95":7,"96":7,"97":7,"98":0,"99":0,"100":0,"101":7,"102":0,"103":0,"104":0,"105":7,"106":2,"107":1,"108":0,"109":1,"110":0,"111":0,"112":0,"113":0,"114":0,"115":0,"116":1,"117":2,"118":2,"119":1,"120":51,"121":51,"122":51,"123":17,"124":51,"125":0,"126":51,"127":1,"128":9,"129":9,"130":9,"131":9,"132":0,"133":9,"134":1,"135":1,"136":1,"137":1,"138":1,"139":1,"140":0,"141":1,"142":1,"143":68,"144":68,"145":0,"146":68,"147":6,"148":62,"149":62,"150":62,"151":62,"152":62,"153":2,"154":2,"155":0,"156":2,"157":2,"158":60,"159":62,"160":6,"161":62,"162":1,"163":8,"164":35,"165":1},"b":{"1":[5,1],"2":[6,6],"3":[0,197],"4":[0,197],"5":[197,0],"6":[11,186],"7":[197,186],"8":[35,1],"9":[0,35],"10":[35,1],"11":[1,34],"12":[35,35],"13":[1,0],"14":[1,0],"15":[0,1],"16":[0,0],"17":[0,0],"18":[0,1],"19":[0,4],"20":[4,0],"21":[0,7],"22":[0,7],"23":[7,0],"24":[0,7],"25":[7,7],"26":[51,0],"27":[51,0],"28":[68,52,52,52,52,8],"29":[17,0],"30":[0,51],"31":[51,7],"32":[0,9],"33":[1,0],"34":[0,1],"35":[0,68],"36":[6,62],"37":[2,60],"38":[0,2],"39":[6,56],"40":[62,6]},"f":{"1":7,"2":6,"3":197,"4":36,"5":2,"6":1,"7":4,"8":2,"9":0,"10":0,"11":2,"12":51,"13":9,"14":1,"15":68,"16":8},"fnMap":{"1":{"name":"(anonymous_1)","line":21,"loc":{"start":{"line":21,"column":12},"end":{"line":21,"column":29}}},"2":{"name":"(anonymous_2)","line":126,"loc":{"start":{"line":126,"column":27},"end":{"line":126,"column":43}}},"3":{"name":"(anonymous_3)","line":155,"loc":{"start":{"line":155,"column":24},"end":{"line":155,"column":39}}},"4":{"name":"(anonymous_4)","line":177,"loc":{"start":{"line":177,"column":24},"end":{"line":177,"column":39}}},"5":{"name":"(anonymous_5)","line":233,"loc":{"start":{"line":233,"column":27},"end":{"line":233,"column":42}}},"6":{"name":"(anonymous_6)","line":238,"loc":{"start":{"line":238,"column":35},"end":{"line":238,"column":50}}},"7":{"name":"(anonymous_7)","line":243,"loc":{"start":{"line":243,"column":24},"end":{"line":243,"column":39}}},"8":{"name":"(anonymous_8)","line":252,"loc":{"start":{"line":252,"column":26},"end":{"line":252,"column":41}}},"9":{"name":"(anonymous_9)","line":277,"loc":{"start":{"line":277,"column":27},"end":{"line":277,"column":38}}},"10":{"name":"(anonymous_10)","line":296,"loc":{"start":{"line":296,"column":27},"end":{"line":296,"column":43}}},"11":{"name":"(anonymous_11)","line":306,"loc":{"start":{"line":306,"column":30},"end":{"line":306,"column":53}}},"12":{"name":"(anonymous_12)","line":312,"loc":{"start":{"line":312,"column":22},"end":{"line":312,"column":33}}},"13":{"name":"(anonymous_13)","line":341,"loc":{"start":{"line":341,"column":24},"end":{"line":341,"column":44}}},"14":{"name":"(anonymous_14)","line":352,"loc":{"start":{"line":352,"column":27},"end":{"line":352,"column":38}}},"15":{"name":"(anonymous_15)","line":364,"loc":{"start":{"line":364,"column":23},"end":{"line":364,"column":35}}},"16":{"name":"(anonymous_16)","line":404,"loc":{"start":{"line":404,"column":10},"end":{"line":404,"column":25}}}},"statementMap":{"1":{"start":{"line":21,"column":0},"end":{"line":121,"column":2}},"2":{"start":{"line":22,"column":2},"end":{"line":22,"column":23}},"3":{"start":{"line":23,"column":2},"end":{"line":23,"column":38}},"4":{"start":{"line":24,"column":2},"end":{"line":24,"column":15}},"5":{"start":{"line":25,"column":2},"end":{"line":25,"column":25}},"6":{"start":{"line":26,"column":2},"end":{"line":26,"column":30}},"7":{"start":{"line":27,"column":2},"end":{"line":27,"column":25}},"8":{"start":{"line":28,"column":2},"end":{"line":28,"column":24}},"9":{"start":{"line":29,"column":2},"end":{"line":29,"column":25}},"10":{"start":{"line":30,"column":2},"end":{"line":30,"column":21}},"11":{"start":{"line":31,"column":2},"end":{"line":106,"column":4}},"12":{"start":{"line":107,"column":2},"end":{"line":120,"column":4}},"13":{"start":{"line":126,"column":0},"end":{"line":149,"column":2}},"14":{"start":{"line":127,"column":2},"end":{"line":127,"column":22}},"15":{"start":{"line":128,"column":2},"end":{"line":128,"column":27}},"16":{"start":{"line":129,"column":2},"end":{"line":129,"column":20}},"17":{"start":{"line":130,"column":2},"end":{"line":130,"column":18}},"18":{"start":{"line":131,"column":2},"end":{"line":131,"column":21}},"19":{"start":{"line":132,"column":2},"end":{"line":132,"column":19}},"20":{"start":{"line":133,"column":2},"end":{"line":139,"column":4}},"21":{"start":{"line":140,"column":2},"end":{"line":140,"column":19}},"22":{"start":{"line":141,"column":2},"end":{"line":141,"column":27}},"23":{"start":{"line":142,"column":2},"end":{"line":142,"column":39}},"24":{"start":{"line":143,"column":2},"end":{"line":147,"column":3}},"25":{"start":{"line":144,"column":4},"end":{"line":144,"column":34}},"26":{"start":{"line":146,"column":4},"end":{"line":146,"column":26}},"27":{"start":{"line":148,"column":2},"end":{"line":148,"column":14}},"28":{"start":{"line":155,"column":0},"end":{"line":172,"column":2}},"29":{"start":{"line":156,"column":2},"end":{"line":156,"column":36}},"30":{"start":{"line":157,"column":2},"end":{"line":157,"column":21}},"31":{"start":{"line":157,"column":11},"end":{"line":157,"column":21}},"32":{"start":{"line":158,"column":2},"end":{"line":158,"column":20}},"33":{"start":{"line":159,"column":2},"end":{"line":159,"column":17}},"34":{"start":{"line":160,"column":2},"end":{"line":163,"column":3}},"35":{"start":{"line":161,"column":4},"end":{"line":161,"column":24}},"36":{"start":{"line":162,"column":4},"end":{"line":162,"column":18}},"37":{"start":{"line":164,"column":2},"end":{"line":170,"column":3}},"38":{"start":{"line":165,"column":4},"end":{"line":165,"column":44}},"39":{"start":{"line":166,"column":4},"end":{"line":166,"column":45}},"40":{"start":{"line":167,"column":4},"end":{"line":167,"column":32}},"41":{"start":{"line":169,"column":4},"end":{"line":169,"column":30}},"42":{"start":{"line":171,"column":2},"end":{"line":171,"column":12}},"43":{"start":{"line":177,"column":0},"end":{"line":230,"column":2}},"44":{"start":{"line":178,"column":2},"end":{"line":227,"column":3}},"45":{"start":{"line":180,"column":4},"end":{"line":180,"column":19}},"46":{"start":{"line":181,"column":4},"end":{"line":184,"column":5}},"47":{"start":{"line":182,"column":6},"end":{"line":182,"column":21}},"48":{"start":{"line":183,"column":6},"end":{"line":183,"column":14}},"49":{"start":{"line":185,"column":4},"end":{"line":189,"column":5}},"50":{"start":{"line":186,"column":6},"end":{"line":186,"column":31}},"51":{"start":{"line":187,"column":6},"end":{"line":187,"column":23}},"52":{"start":{"line":188,"column":6},"end":{"line":188,"column":47}},"53":{"start":{"line":190,"column":4},"end":{"line":190,"column":70}},"54":{"start":{"line":191,"column":9},"end":{"line":227,"column":3}},"55":{"start":{"line":192,"column":4},"end":{"line":192,"column":24}},"56":{"start":{"line":193,"column":4},"end":{"line":226,"column":5}},"57":{"start":{"line":194,"column":6},"end":{"line":194,"column":72}},"58":{"start":{"line":196,"column":6},"end":{"line":196,"column":53}},"59":{"start":{"line":197,"column":6},"end":{"line":197,"column":68}},"60":{"start":{"line":198,"column":6},"end":{"line":219,"column":7}},"61":{"start":{"line":199,"column":8},"end":{"line":199,"column":31}},"62":{"start":{"line":200,"column":8},"end":{"line":218,"column":9}},"63":{"start":{"line":201,"column":10},"end":{"line":201,"column":31}},"64":{"start":{"line":202,"column":10},"end":{"line":202,"column":48}},"65":{"start":{"line":203,"column":10},"end":{"line":203,"column":35}},"66":{"start":{"line":204,"column":10},"end":{"line":204,"column":35}},"67":{"start":{"line":205,"column":10},"end":{"line":211,"column":11}},"68":{"start":{"line":206,"column":12},"end":{"line":210,"column":13}},"69":{"start":{"line":207,"column":14},"end":{"line":207,"column":39}},"70":{"start":{"line":209,"column":14},"end":{"line":209,"column":38}},"71":{"start":{"line":212,"column":15},"end":{"line":218,"column":9}},"72":{"start":{"line":213,"column":10},"end":{"line":213,"column":48}},"73":{"start":{"line":214,"column":10},"end":{"line":214,"column":35}},"74":{"start":{"line":215,"column":10},"end":{"line":215,"column":35}},"75":{"start":{"line":217,"column":10},"end":{"line":217,"column":34}},"76":{"start":{"line":220,"column":6},"end":{"line":220,"column":44}},"77":{"start":{"line":223,"column":6},"end":{"line":223,"column":23}},"78":{"start":{"line":224,"column":6},"end":{"line":224,"column":69}},"79":{"start":{"line":225,"column":6},"end":{"line":225,"column":57}},"80":{"start":{"line":229,"column":2},"end":{"line":229,"column":14}},"81":{"start":{"line":233,"column":0},"end":{"line":235,"column":2}},"82":{"start":{"line":234,"column":2},"end":{"line":234,"column":42}},"83":{"start":{"line":238,"column":0},"end":{"line":240,"column":2}},"84":{"start":{"line":239,"column":2},"end":{"line":239,"column":56}},"85":{"start":{"line":243,"column":0},"end":{"line":249,"column":2}},"86":{"start":{"line":244,"column":2},"end":{"line":244,"column":68}},"87":{"start":{"line":245,"column":2},"end":{"line":247,"column":3}},"88":{"start":{"line":246,"column":4},"end":{"line":246,"column":17}},"89":{"start":{"line":248,"column":2},"end":{"line":248,"column":14}},"90":{"start":{"line":252,"column":0},"end":{"line":272,"column":2}},"91":{"start":{"line":253,"column":2},"end":{"line":270,"column":3}},"92":{"start":{"line":254,"column":4},"end":{"line":254,"column":38}},"93":{"start":{"line":255,"column":4},"end":{"line":255,"column":19}},"94":{"start":{"line":255,"column":13},"end":{"line":255,"column":19}},"95":{"start":{"line":256,"column":4},"end":{"line":256,"column":22}},"96":{"start":{"line":257,"column":4},"end":{"line":257,"column":19}},"97":{"start":{"line":258,"column":4},"end":{"line":262,"column":5}},"98":{"start":{"line":259,"column":6},"end":{"line":259,"column":26}},"99":{"start":{"line":260,"column":6},"end":{"line":260,"column":20}},"100":{"start":{"line":261,"column":6},"end":{"line":261,"column":10}},"101":{"start":{"line":263,"column":4},"end":{"line":269,"column":5}},"102":{"start":{"line":264,"column":6},"end":{"line":264,"column":46}},"103":{"start":{"line":265,"column":6},"end":{"line":265,"column":47}},"104":{"start":{"line":266,"column":6},"end":{"line":266,"column":34}},"105":{"start":{"line":268,"column":6},"end":{"line":268,"column":32}},"106":{"start":{"line":271,"column":2},"end":{"line":271,"column":14}},"107":{"start":{"line":277,"column":0},"end":{"line":291,"column":2}},"108":{"start":{"line":278,"column":2},"end":{"line":290,"column":4}},"109":{"start":{"line":296,"column":0},"end":{"line":303,"column":2}},"110":{"start":{"line":297,"column":2},"end":{"line":297,"column":29}},"111":{"start":{"line":298,"column":2},"end":{"line":298,"column":29}},"112":{"start":{"line":299,"column":2},"end":{"line":299,"column":33}},"113":{"start":{"line":300,"column":2},"end":{"line":300,"column":35}},"114":{"start":{"line":301,"column":2},"end":{"line":301,"column":29}},"115":{"start":{"line":302,"column":2},"end":{"line":302,"column":14}},"116":{"start":{"line":306,"column":0},"end":{"line":309,"column":2}},"117":{"start":{"line":307,"column":2},"end":{"line":307,"column":35}},"118":{"start":{"line":308,"column":2},"end":{"line":308,"column":14}},"119":{"start":{"line":312,"column":0},"end":{"line":338,"column":2}},"120":{"start":{"line":313,"column":2},"end":{"line":313,"column":40}},"121":{"start":{"line":314,"column":2},"end":{"line":336,"column":3}},"122":{"start":{"line":315,"column":4},"end":{"line":331,"column":5}},"123":{"start":{"line":330,"column":6},"end":{"line":330,"column":40}},"124":{"start":{"line":332,"column":4},"end":{"line":335,"column":5}},"125":{"start":{"line":334,"column":6},"end":{"line":334,"column":29}},"126":{"start":{"line":337,"column":2},"end":{"line":337,"column":15}},"127":{"start":{"line":341,"column":0},"end":{"line":349,"column":2}},"128":{"start":{"line":342,"column":2},"end":{"line":342,"column":38}},"129":{"start":{"line":343,"column":2},"end":{"line":343,"column":32}},"130":{"start":{"line":344,"column":2},"end":{"line":344,"column":43}},"131":{"start":{"line":345,"column":2},"end":{"line":347,"column":3}},"132":{"start":{"line":346,"column":4},"end":{"line":346,"column":65}},"133":{"start":{"line":348,"column":2},"end":{"line":348,"column":14}},"134":{"start":{"line":352,"column":0},"end":{"line":361,"column":2}},"135":{"start":{"line":353,"column":2},"end":{"line":353,"column":41}},"136":{"start":{"line":354,"column":2},"end":{"line":354,"column":79}},"137":{"start":{"line":355,"column":2},"end":{"line":355,"column":74}},"138":{"start":{"line":356,"column":2},"end":{"line":356,"column":51}},"139":{"start":{"line":357,"column":2},"end":{"line":359,"column":3}},"140":{"start":{"line":358,"column":4},"end":{"line":358,"column":73}},"141":{"start":{"line":360,"column":2},"end":{"line":360,"column":19}},"142":{"start":{"line":364,"column":0},"end":{"line":391,"column":2}},"143":{"start":{"line":365,"column":2},"end":{"line":365,"column":12}},"144":{"start":{"line":366,"column":2},"end":{"line":368,"column":3}},"145":{"start":{"line":367,"column":4},"end":{"line":367,"column":21}},"146":{"start":{"line":369,"column":2},"end":{"line":371,"column":3}},"147":{"start":{"line":370,"column":4},"end":{"line":370,"column":20}},"148":{"start":{"line":372,"column":2},"end":{"line":372,"column":41}},"149":{"start":{"line":373,"column":2},"end":{"line":373,"column":49}},"150":{"start":{"line":374,"column":2},"end":{"line":374,"column":53}},"151":{"start":{"line":375,"column":2},"end":{"line":375,"column":19}},"152":{"start":{"line":376,"column":2},"end":{"line":386,"column":3}},"153":{"start":{"line":377,"column":4},"end":{"line":377,"column":32}},"154":{"start":{"line":378,"column":4},"end":{"line":382,"column":5}},"155":{"start":{"line":379,"column":6},"end":{"line":379,"column":30}},"156":{"start":{"line":381,"column":6},"end":{"line":381,"column":29}},"157":{"start":{"line":383,"column":4},"end":{"line":383,"column":21}},"158":{"start":{"line":385,"column":4},"end":{"line":385,"column":41}},"159":{"start":{"line":387,"column":2},"end":{"line":389,"column":3}},"160":{"start":{"line":388,"column":4},"end":{"line":388,"column":21}},"161":{"start":{"line":390,"column":2},"end":{"line":390,"column":15}},"162":{"start":{"line":395,"column":0},"end":{"line":408,"column":3}},"163":{"start":{"line":405,"column":2},"end":{"line":407,"column":3}},"164":{"start":{"line":406,"column":4},"end":{"line":406,"column":32}},"165":{"start":{"line":410,"column":0},"end":{"line":410,"column":23}}},"branchMap":{"1":{"line":143,"type":"if","locations":[{"start":{"line":143,"column":2},"end":{"line":143,"column":2}},{"start":{"line":143,"column":2},"end":{"line":143,"column":2}}]},"2":{"line":143,"type":"binary-expr","locations":[{"start":{"line":143,"column":6},"end":{"line":143,"column":22}},{"start":{"line":143,"column":26},"end":{"line":143,"column":40}}]},"3":{"line":157,"type":"if","locations":[{"start":{"line":157,"column":2},"end":{"line":157,"column":2}},{"start":{"line":157,"column":2},"end":{"line":157,"column":2}}]},"4":{"line":160,"type":"if","locations":[{"start":{"line":160,"column":2},"end":{"line":160,"column":2}},{"start":{"line":160,"column":2},"end":{"line":160,"column":2}}]},"5":{"line":160,"type":"binary-expr","locations":[{"start":{"line":160,"column":7},"end":{"line":160,"column":18}},{"start":{"line":160,"column":22},"end":{"line":160,"column":55}}]},"6":{"line":164,"type":"if","locations":[{"start":{"line":164,"column":2},"end":{"line":164,"column":2}},{"start":{"line":164,"column":2},"end":{"line":164,"column":2}}]},"7":{"line":164,"type":"binary-expr","locations":[{"start":{"line":164,"column":6},"end":{"line":164,"column":17}},{"start":{"line":164,"column":21},"end":{"line":164,"column":32}}]},"8":{"line":178,"type":"if","locations":[{"start":{"line":178,"column":2},"end":{"line":178,"column":2}},{"start":{"line":178,"column":2},"end":{"line":178,"column":2}}]},"9":{"line":181,"type":"if","locations":[{"start":{"line":181,"column":4},"end":{"line":181,"column":4}},{"start":{"line":181,"column":4},"end":{"line":181,"column":4}}]},"10":{"line":181,"type":"binary-expr","locations":[{"start":{"line":181,"column":8},"end":{"line":181,"column":41}},{"start":{"line":181,"column":45},"end":{"line":181,"column":82}}]},"11":{"line":185,"type":"if","locations":[{"start":{"line":185,"column":4},"end":{"line":185,"column":4}},{"start":{"line":185,"column":4},"end":{"line":185,"column":4}}]},"12":{"line":185,"type":"binary-expr","locations":[{"start":{"line":185,"column":8},"end":{"line":185,"column":41}},{"start":{"line":185,"column":45},"end":{"line":185,"column":78}}]},"13":{"line":191,"type":"if","locations":[{"start":{"line":191,"column":9},"end":{"line":191,"column":9}},{"start":{"line":191,"column":9},"end":{"line":191,"column":9}}]},"14":{"line":193,"type":"if","locations":[{"start":{"line":193,"column":4},"end":{"line":193,"column":4}},{"start":{"line":193,"column":4},"end":{"line":193,"column":4}}]},"15":{"line":200,"type":"if","locations":[{"start":{"line":200,"column":8},"end":{"line":200,"column":8}},{"start":{"line":200,"column":8},"end":{"line":200,"column":8}}]},"16":{"line":205,"type":"if","locations":[{"start":{"line":205,"column":10},"end":{"line":205,"column":10}},{"start":{"line":205,"column":10},"end":{"line":205,"column":10}}]},"17":{"line":206,"type":"if","locations":[{"start":{"line":206,"column":12},"end":{"line":206,"column":12}},{"start":{"line":206,"column":12},"end":{"line":206,"column":12}}]},"18":{"line":212,"type":"if","locations":[{"start":{"line":212,"column":15},"end":{"line":212,"column":15}},{"start":{"line":212,"column":15},"end":{"line":212,"column":15}}]},"19":{"line":245,"type":"if","locations":[{"start":{"line":245,"column":2},"end":{"line":245,"column":2}},{"start":{"line":245,"column":2},"end":{"line":245,"column":2}}]},"20":{"line":245,"type":"binary-expr","locations":[{"start":{"line":245,"column":6},"end":{"line":245,"column":36}},{"start":{"line":245,"column":40},"end":{"line":245,"column":84}}]},"21":{"line":255,"type":"if","locations":[{"start":{"line":255,"column":4},"end":{"line":255,"column":4}},{"start":{"line":255,"column":4},"end":{"line":255,"column":4}}]},"22":{"line":258,"type":"if","locations":[{"start":{"line":258,"column":4},"end":{"line":258,"column":4}},{"start":{"line":258,"column":4},"end":{"line":258,"column":4}}]},"23":{"line":258,"type":"binary-expr","locations":[{"start":{"line":258,"column":9},"end":{"line":258,"column":20}},{"start":{"line":258,"column":24},"end":{"line":258,"column":57}}]},"24":{"line":263,"type":"if","locations":[{"start":{"line":263,"column":4},"end":{"line":263,"column":4}},{"start":{"line":263,"column":4},"end":{"line":263,"column":4}}]},"25":{"line":263,"type":"binary-expr","locations":[{"start":{"line":263,"column":8},"end":{"line":263,"column":19}},{"start":{"line":263,"column":23},"end":{"line":263,"column":34}}]},"26":{"line":313,"type":"binary-expr","locations":[{"start":{"line":313,"column":14},"end":{"line":313,"column":25}},{"start":{"line":313,"column":29},"end":{"line":313,"column":39}}]},"27":{"line":314,"type":"if","locations":[{"start":{"line":314,"column":2},"end":{"line":314,"column":2}},{"start":{"line":314,"column":2},"end":{"line":314,"column":2}}]},"28":{"line":316,"type":"binary-expr","locations":[{"start":{"line":316,"column":6},"end":{"line":316,"column":37}},{"start":{"line":318,"column":8},"end":{"line":318,"column":28}},{"start":{"line":319,"column":10},"end":{"line":319,"column":38}},{"start":{"line":320,"column":13},"end":{"line":320,"column":45}},{"start":{"line":324,"column":8},"end":{"line":324,"column":23}},{"start":{"line":325,"column":11},"end":{"line":325,"column":40}}]},"29":{"line":330,"type":"binary-expr","locations":[{"start":{"line":330,"column":14},"end":{"line":330,"column":25}},{"start":{"line":330,"column":29},"end":{"line":330,"column":39}}]},"30":{"line":332,"type":"if","locations":[{"start":{"line":332,"column":4},"end":{"line":332,"column":4}},{"start":{"line":332,"column":4},"end":{"line":332,"column":4}}]},"31":{"line":332,"type":"binary-expr","locations":[{"start":{"line":332,"column":8},"end":{"line":332,"column":23}},{"start":{"line":332,"column":27},"end":{"line":332,"column":65}}]},"32":{"line":345,"type":"if","locations":[{"start":{"line":345,"column":2},"end":{"line":345,"column":2}},{"start":{"line":345,"column":2},"end":{"line":345,"column":2}}]},"33":{"line":354,"type":"cond-expr","locations":[{"start":{"line":354,"column":28},"end":{"line":354,"column":53}},{"start":{"line":354,"column":56},"end":{"line":354,"column":78}}]},"34":{"line":357,"type":"if","locations":[{"start":{"line":357,"column":2},"end":{"line":357,"column":2}},{"start":{"line":357,"column":2},"end":{"line":357,"column":2}}]},"35":{"line":366,"type":"if","locations":[{"start":{"line":366,"column":2},"end":{"line":366,"column":2}},{"start":{"line":366,"column":2},"end":{"line":366,"column":2}}]},"36":{"line":369,"type":"if","locations":[{"start":{"line":369,"column":2},"end":{"line":369,"column":2}},{"start":{"line":369,"column":2},"end":{"line":369,"column":2}}]},"37":{"line":376,"type":"if","locations":[{"start":{"line":376,"column":2},"end":{"line":376,"column":2}},{"start":{"line":376,"column":2},"end":{"line":376,"column":2}}]},"38":{"line":378,"type":"if","locations":[{"start":{"line":378,"column":4},"end":{"line":378,"column":4}},{"start":{"line":378,"column":4},"end":{"line":378,"column":4}}]},"39":{"line":387,"type":"if","locations":[{"start":{"line":387,"column":2},"end":{"line":387,"column":2}},{"start":{"line":387,"column":2},"end":{"line":387,"column":2}}]},"40":{"line":387,"type":"binary-expr","locations":[{"start":{"line":387,"column":6},"end":{"line":387,"column":30}},{"start":{"line":387,"column":34},"end":{"line":387,"column":58}}]}}},"/home/devbox/Documents/glayzzle/php-parser/src/lexer/comments.js":{"path":"/home/devbox/Documents/glayzzle/php-parser/src/lexer/comments.js","s":{"1":1,"2":0,"3":0,"4":0,"5":0,"6":0,"7":0,"8":0,"9":0,"10":0,"11":0,"12":0,"13":0,"14":0,"15":0,"16":0,"17":0,"18":0,"19":0,"20":0,"21":0,"22":0,"23":0,"24":0,"25":0,"26":0,"27":0},"b":{"1":[0,0],"2":[0,0],"3":[0,0],"4":[0,0,0],"5":[0,0],"6":[0,0,0],"7":[0,0],"8":[0,0],"9":[0,0],"10":[0,0],"11":[0,0]},"f":{"1":0,"2":0},"fnMap":{"1":{"name":"(anonymous_1)","line":7,"loc":{"start":{"line":7,"column":13},"end":{"line":7,"column":24}}},"2":{"name":"(anonymous_2)","line":25,"loc":{"start":{"line":25,"column":17},"end":{"line":25,"column":28}}}},"statementMap":{"1":{"start":{"line":6,"column":0},"end":{"line":48,"column":2}},"2":{"start":{"line":8,"column":4},"end":{"line":19,"column":5}},"3":{"start":{"line":9,"column":6},"end":{"line":9,"column":28}},"4":{"start":{"line":10,"column":6},"end":{"line":18,"column":7}},"5":{"start":{"line":11,"column":8},"end":{"line":11,"column":34}},"6":{"start":{"line":12,"column":13},"end":{"line":18,"column":7}},"7":{"start":{"line":13,"column":8},"end":{"line":13,"column":22}},"8":{"start":{"line":14,"column":8},"end":{"line":14,"column":34}},"9":{"start":{"line":15,"column":13},"end":{"line":18,"column":7}},"10":{"start":{"line":16,"column":8},"end":{"line":16,"column":22}},"11":{"start":{"line":17,"column":8},"end":{"line":17,"column":35}},"12":{"start":{"line":20,"column":4},"end":{"line":20,"column":30}},"13":{"start":{"line":26,"column":4},"end":{"line":26,"column":26}},"14":{"start":{"line":27,"column":4},"end":{"line":27,"column":35}},"15":{"start":{"line":28,"column":4},"end":{"line":38,"column":5}},"16":{"start":{"line":29,"column":6},"end":{"line":29,"column":24}},"17":{"start":{"line":30,"column":6},"end":{"line":32,"column":7}},"18":{"start":{"line":31,"column":8},"end":{"line":31,"column":39}},"19":{"start":{"line":33,"column":6},"end":{"line":37,"column":7}},"20":{"start":{"line":34,"column":8},"end":{"line":34,"column":21}},"21":{"start":{"line":36,"column":8},"end":{"line":36,"column":22}},"22":{"start":{"line":39,"column":4},"end":{"line":45,"column":5}},"23":{"start":{"line":40,"column":6},"end":{"line":40,"column":24}},"24":{"start":{"line":41,"column":6},"end":{"line":44,"column":7}},"25":{"start":{"line":42,"column":8},"end":{"line":42,"column":21}},"26":{"start":{"line":43,"column":8},"end":{"line":43,"column":14}},"27":{"start":{"line":46,"column":4},"end":{"line":46,"column":17}}},"branchMap":{"1":{"line":10,"type":"if","locations":[{"start":{"line":10,"column":6},"end":{"line":10,"column":6}},{"start":{"line":10,"column":6},"end":{"line":10,"column":6}}]},"2":{"line":10,"type":"binary-expr","locations":[{"start":{"line":10,"column":10},"end":{"line":10,"column":21}},{"start":{"line":10,"column":25},"end":{"line":10,"column":36}}]},"3":{"line":12,"type":"if","locations":[{"start":{"line":12,"column":13},"end":{"line":12,"column":13}},{"start":{"line":12,"column":13},"end":{"line":12,"column":13}}]},"4":{"line":12,"type":"binary-expr","locations":[{"start":{"line":12,"column":17},"end":{"line":12,"column":27}},{"start":{"line":12,"column":31},"end":{"line":12,"column":47}},{"start":{"line":12,"column":51},"end":{"line":12,"column":83}}]},"5":{"line":15,"type":"if","locations":[{"start":{"line":15,"column":13},"end":{"line":15,"column":13}},{"start":{"line":15,"column":13},"end":{"line":15,"column":13}}]},"6":{"line":15,"type":"binary-expr","locations":[{"start":{"line":15,"column":17},"end":{"line":15,"column":27}},{"start":{"line":15,"column":31},"end":{"line":15,"column":46}},{"start":{"line":15,"column":50},"end":{"line":15,"column":82}}]},"7":{"line":28,"type":"if","locations":[{"start":{"line":28,"column":4},"end":{"line":28,"column":4}},{"start":{"line":28,"column":4},"end":{"line":28,"column":4}}]},"8":{"line":30,"type":"if","locations":[{"start":{"line":30,"column":6},"end":{"line":30,"column":6}},{"start":{"line":30,"column":6},"end":{"line":30,"column":6}}]},"9":{"line":33,"type":"if","locations":[{"start":{"line":33,"column":6},"end":{"line":33,"column":6}},{"start":{"line":33,"column":6},"end":{"line":33,"column":6}}]},"10":{"line":41,"type":"if","locations":[{"start":{"line":41,"column":6},"end":{"line":41,"column":6}},{"start":{"line":41,"column":6},"end":{"line":41,"column":6}}]},"11":{"line":41,"type":"binary-expr","locations":[{"start":{"line":41,"column":10},"end":{"line":41,"column":20}},{"start":{"line":41,"column":24},"end":{"line":41,"column":56}}]}}},"/home/devbox/Documents/glayzzle/php-parser/src/lexer/initial.js":{"path":"/home/devbox/Documents/glayzzle/php-parser/src/lexer/initial.js","s":{"1":1,"2":1,"3":0,"4":1,"5":1,"6":2,"7":9,"8":9,"9":1,"10":1,"11":1,"12":0,"13":0,"14":1,"15":1,"16":1,"17":1,"18":1,"19":0,"20":0,"21":0,"22":0,"23":0,"24":0,"25":0,"26":0,"27":0,"28":0,"29":0,"30":2,"31":2,"32":0},"b":{"1":[0,1],"2":[1,0],"3":[1,8],"4":[1,0],"5":[0,1],"6":[1,0],"7":[1,0],"8":[1,0,0,0],"9":[0,0],"10":[0,0],"11":[0,0],"12":[0,0],"13":[2,0]},"f":{"1":1,"2":2},"fnMap":{"1":{"name":"(anonymous_1)","line":7,"loc":{"start":{"line":7,"column":15},"end":{"line":7,"column":26}}},"2":{"name":"(anonymous_2)","line":19,"loc":{"start":{"line":19,"column":16},"end":{"line":19,"column":27}}}},"statementMap":{"1":{"start":{"line":6,"column":0},"end":{"line":58,"column":2}},"2":{"start":{"line":8,"column":4},"end":{"line":16,"column":5}},"3":{"start":{"line":13,"column":6},"end":{"line":13,"column":22}},"4":{"start":{"line":15,"column":6},"end":{"line":15,"column":36}},"5":{"start":{"line":17,"column":4},"end":{"line":17,"column":16}},"6":{"start":{"line":20,"column":4},"end":{"line":51,"column":5}},"7":{"start":{"line":21,"column":6},"end":{"line":21,"column":28}},"8":{"start":{"line":22,"column":6},"end":{"line":50,"column":7}},"9":{"start":{"line":23,"column":8},"end":{"line":23,"column":27}},"10":{"start":{"line":24,"column":8},"end":{"line":49,"column":9}},"11":{"start":{"line":25,"column":10},"end":{"line":34,"column":11}},"12":{"start":{"line":26,"column":12},"end":{"line":26,"column":86}},"13":{"start":{"line":27,"column":12},"end":{"line":27,"column":18}},"14":{"start":{"line":28,"column":17},"end":{"line":34,"column":11}},"15":{"start":{"line":29,"column":12},"end":{"line":29,"column":46}},"16":{"start":{"line":30,"column":12},"end":{"line":33,"column":13}},"17":{"start":{"line":31,"column":14},"end":{"line":31,"column":78}},"18":{"start":{"line":32,"column":14},"end":{"line":32,"column":20}},"19":{"start":{"line":35,"column":10},"end":{"line":38,"column":11}},"20":{"start":{"line":36,"column":12},"end":{"line":36,"column":76}},"21":{"start":{"line":37,"column":12},"end":{"line":37,"column":18}},"22":{"start":{"line":39,"column":15},"end":{"line":49,"column":9}},"23":{"start":{"line":40,"column":10},"end":{"line":48,"column":11}},"24":{"start":{"line":41,"column":12},"end":{"line":41,"column":35}},"25":{"start":{"line":42,"column":12},"end":{"line":42,"column":86}},"26":{"start":{"line":43,"column":12},"end":{"line":43,"column":18}},"27":{"start":{"line":45,"column":12},"end":{"line":45,"column":35}},"28":{"start":{"line":46,"column":12},"end":{"line":46,"column":76}},"29":{"start":{"line":47,"column":12},"end":{"line":47,"column":18}},"30":{"start":{"line":52,"column":4},"end":{"line":56,"column":5}},"31":{"start":{"line":53,"column":6},"end":{"line":53,"column":36}},"32":{"start":{"line":55,"column":6},"end":{"line":55,"column":19}}},"branchMap":{"1":{"line":8,"type":"if","locations":[{"start":{"line":8,"column":4},"end":{"line":8,"column":4}},{"start":{"line":8,"column":4},"end":{"line":8,"column":4}}]},"2":{"line":9,"type":"binary-expr","locations":[{"start":{"line":9,"column":6},"end":{"line":9,"column":36}},{"start":{"line":10,"column":9},"end":{"line":10,"column":75}}]},"3":{"line":22,"type":"if","locations":[{"start":{"line":22,"column":6},"end":{"line":22,"column":6}},{"start":{"line":22,"column":6},"end":{"line":22,"column":6}}]},"4":{"line":24,"type":"if","locations":[{"start":{"line":24,"column":8},"end":{"line":24,"column":8}},{"start":{"line":24,"column":8},"end":{"line":24,"column":8}}]},"5":{"line":25,"type":"if","locations":[{"start":{"line":25,"column":10},"end":{"line":25,"column":10}},{"start":{"line":25,"column":10},"end":{"line":25,"column":10}}]},"6":{"line":28,"type":"if","locations":[{"start":{"line":28,"column":17},"end":{"line":28,"column":17}},{"start":{"line":28,"column":17},"end":{"line":28,"column":17}}]},"7":{"line":30,"type":"if","locations":[{"start":{"line":30,"column":12},"end":{"line":30,"column":12}},{"start":{"line":30,"column":12},"end":{"line":30,"column":12}}]},"8":{"line":30,"type":"binary-expr","locations":[{"start":{"line":30,"column":16},"end":{"line":30,"column":26}},{"start":{"line":30,"column":30},"end":{"line":30,"column":41}},{"start":{"line":30,"column":45},"end":{"line":30,"column":56}},{"start":{"line":30,"column":60},"end":{"line":30,"column":71}}]},"9":{"line":35,"type":"if","locations":[{"start":{"line":35,"column":10},"end":{"line":35,"column":10}},{"start":{"line":35,"column":10},"end":{"line":35,"column":10}}]},"10":{"line":39,"type":"if","locations":[{"start":{"line":39,"column":15},"end":{"line":39,"column":15}},{"start":{"line":39,"column":15},"end":{"line":39,"column":15}}]},"11":{"line":39,"type":"binary-expr","locations":[{"start":{"line":39,"column":18},"end":{"line":39,"column":31}},{"start":{"line":39,"column":35},"end":{"line":39,"column":44}}]},"12":{"line":40,"type":"if","locations":[{"start":{"line":40,"column":10},"end":{"line":40,"column":10}},{"start":{"line":40,"column":10},"end":{"line":40,"column":10}}]},"13":{"line":52,"type":"if","locations":[{"start":{"line":52,"column":4},"end":{"line":52,"column":4}},{"start":{"line":52,"column":4},"end":{"line":52,"column":4}}]}}},"/home/devbox/Documents/glayzzle/php-parser/src/lexer/numbers.js":{"path":"/home/devbox/Documents/glayzzle/php-parser/src/lexer/numbers.js","s":{"1":1,"2":1,"3":1,"4":1,"5":0,"6":0,"7":0,"8":1,"9":0,"10":0,"11":0,"12":0,"13":0,"14":0,"15":0,"16":0,"17":0,"18":0,"19":0,"20":0,"21":0,"22":0,"23":0,"24":0,"25":0,"26":0,"27":0,"28":0,"29":0,"30":0,"31":0,"32":0,"33":0,"34":0,"35":0,"36":0,"37":0,"38":0,"39":0,"40":0,"41":0,"42":0,"43":0,"44":0,"45":0,"46":0,"47":0,"48":0,"49":0,"50":0,"51":0,"52":0,"53":0,"54":0,"55":0,"56":0,"57":0,"58":0,"59":0,"60":0,"61":0,"62":0,"63":0,"64":0,"65":0,"66":0,"67":0,"68":0,"69":0,"70":0,"71":0},"b":{"1":[1,0],"2":[0,0],"3":[0,0],"4":[0,0],"5":[0,0],"6":[0,0],"7":[0,0],"8":[0,0],"9":[0,0],"10":[0,0],"11":[0,0],"12":[0,0],"13":[0,0],"14":[0,0],"15":[0,0],"16":[0,0],"17":[0,0],"18":[0,0],"19":[0,0],"20":[0,0],"21":[0,0],"22":[0,0],"23":[0,0],"24":[0,0],"25":[0,0],"26":[0,0],"27":[0,0]},"f":{"1":0,"2":0,"3":0,"4":0},"fnMap":{"1":{"name":"(anonymous_1)","line":19,"loc":{"start":{"line":19,"column":15},"end":{"line":19,"column":26}}},"2":{"name":"(anonymous_2)","line":88,"loc":{"start":{"line":88,"column":16},"end":{"line":88,"column":27}}},"3":{"name":"(anonymous_3)","line":99,"loc":{"start":{"line":99,"column":16},"end":{"line":99,"column":27}}},"4":{"name":"(anonymous_4)","line":110,"loc":{"start":{"line":110,"column":16},"end":{"line":110,"column":27}}}},"statementMap":{"1":{"start":{"line":8,"column":0},"end":{"line":16,"column":1}},"2":{"start":{"line":9,"column":2},"end":{"line":9,"column":22}},"3":{"start":{"line":10,"column":2},"end":{"line":10,"column":30}},"4":{"start":{"line":11,"column":2},"end":{"line":11,"column":46}},"5":{"start":{"line":13,"column":2},"end":{"line":13,"column":22}},"6":{"start":{"line":14,"column":2},"end":{"line":14,"column":30}},"7":{"start":{"line":15,"column":2},"end":{"line":15,"column":37}},"8":{"start":{"line":18,"column":0},"end":{"line":121,"column":2}},"9":{"start":{"line":20,"column":4},"end":{"line":20,"column":28}},"10":{"start":{"line":21,"column":4},"end":{"line":21,"column":42}},"11":{"start":{"line":22,"column":4},"end":{"line":42,"column":5}},"12":{"start":{"line":23,"column":6},"end":{"line":23,"column":24}},"13":{"start":{"line":25,"column":6},"end":{"line":41,"column":7}},"14":{"start":{"line":26,"column":8},"end":{"line":26,"column":21}},"15":{"start":{"line":27,"column":8},"end":{"line":31,"column":9}},"16":{"start":{"line":28,"column":10},"end":{"line":28,"column":37}},"17":{"start":{"line":30,"column":10},"end":{"line":30,"column":24}},"18":{"start":{"line":32,"column":13},"end":{"line":41,"column":7}},"19":{"start":{"line":33,"column":8},"end":{"line":33,"column":26}},"20":{"start":{"line":34,"column":8},"end":{"line":38,"column":9}},"21":{"start":{"line":35,"column":10},"end":{"line":35,"column":37}},"22":{"start":{"line":37,"column":10},"end":{"line":37,"column":24}},"23":{"start":{"line":39,"column":13},"end":{"line":41,"column":7}},"24":{"start":{"line":40,"column":8},"end":{"line":40,"column":22}},"25":{"start":{"line":44,"column":4},"end":{"line":72,"column":5}},"26":{"start":{"line":45,"column":6},"end":{"line":45,"column":24}},"27":{"start":{"line":46,"column":6},"end":{"line":71,"column":7}},"28":{"start":{"line":47,"column":8},"end":{"line":70,"column":9}},"29":{"start":{"line":48,"column":10},"end":{"line":48,"column":26}},"30":{"start":{"line":49,"column":15},"end":{"line":70,"column":9}},"31":{"start":{"line":50,"column":10},"end":{"line":50,"column":28}},"32":{"start":{"line":51,"column":10},"end":{"line":66,"column":11}},"33":{"start":{"line":52,"column":12},"end":{"line":52,"column":30}},"34":{"start":{"line":53,"column":12},"end":{"line":59,"column":13}},"35":{"start":{"line":54,"column":14},"end":{"line":54,"column":34}},"36":{"start":{"line":55,"column":14},"end":{"line":55,"column":40}},"37":{"start":{"line":57,"column":14},"end":{"line":57,"column":28}},"38":{"start":{"line":58,"column":14},"end":{"line":58,"column":20}},"39":{"start":{"line":60,"column":17},"end":{"line":66,"column":11}},"40":{"start":{"line":61,"column":12},"end":{"line":61,"column":32}},"41":{"start":{"line":62,"column":12},"end":{"line":62,"column":38}},"42":{"start":{"line":64,"column":12},"end":{"line":64,"column":26}},"43":{"start":{"line":65,"column":12},"end":{"line":65,"column":18}},"44":{"start":{"line":68,"column":10},"end":{"line":68,"column":24}},"45":{"start":{"line":69,"column":10},"end":{"line":69,"column":16}},"46":{"start":{"line":73,"column":4},"end":{"line":85,"column":5}},"47":{"start":{"line":74,"column":6},"end":{"line":74,"column":32}},"48":{"start":{"line":75,"column":11},"end":{"line":85,"column":5}},"49":{"start":{"line":76,"column":6},"end":{"line":76,"column":32}},"50":{"start":{"line":78,"column":6},"end":{"line":83,"column":7}},"51":{"start":{"line":82,"column":8},"end":{"line":82,"column":34}},"52":{"start":{"line":84,"column":6},"end":{"line":84,"column":32}},"53":{"start":{"line":89,"column":4},"end":{"line":95,"column":5}},"54":{"start":{"line":90,"column":6},"end":{"line":90,"column":19}},"55":{"start":{"line":91,"column":6},"end":{"line":94,"column":7}},"56":{"start":{"line":92,"column":8},"end":{"line":92,"column":22}},"57":{"start":{"line":93,"column":8},"end":{"line":93,"column":14}},"58":{"start":{"line":96,"column":4},"end":{"line":96,"column":30}},"59":{"start":{"line":100,"column":4},"end":{"line":106,"column":5}},"60":{"start":{"line":101,"column":6},"end":{"line":101,"column":19}},"61":{"start":{"line":102,"column":6},"end":{"line":105,"column":7}},"62":{"start":{"line":103,"column":8},"end":{"line":103,"column":22}},"63":{"start":{"line":104,"column":8},"end":{"line":104,"column":14}},"64":{"start":{"line":107,"column":4},"end":{"line":107,"column":30}},"65":{"start":{"line":111,"column":4},"end":{"line":111,"column":11}},"66":{"start":{"line":112,"column":4},"end":{"line":118,"column":5}},"67":{"start":{"line":113,"column":6},"end":{"line":113,"column":24}},"68":{"start":{"line":114,"column":6},"end":{"line":117,"column":7}},"69":{"start":{"line":115,"column":8},"end":{"line":115,"column":22}},"70":{"start":{"line":116,"column":8},"end":{"line":116,"column":14}},"71":{"start":{"line":119,"column":4},"end":{"line":119,"column":30}}},"branchMap":{"1":{"line":8,"type":"if","locations":[{"start":{"line":8,"column":0},"end":{"line":8,"column":0}},{"start":{"line":8,"column":0},"end":{"line":8,"column":0}}]},"2":{"line":22,"type":"if","locations":[{"start":{"line":22,"column":4},"end":{"line":22,"column":4}},{"start":{"line":22,"column":4},"end":{"line":22,"column":4}}]},"3":{"line":25,"type":"if","locations":[{"start":{"line":25,"column":6},"end":{"line":25,"column":6}},{"start":{"line":25,"column":6},"end":{"line":25,"column":6}}]},"4":{"line":25,"type":"binary-expr","locations":[{"start":{"line":25,"column":10},"end":{"line":25,"column":20}},{"start":{"line":25,"column":24},"end":{"line":25,"column":34}}]},"5":{"line":27,"type":"if","locations":[{"start":{"line":27,"column":8},"end":{"line":27,"column":8}},{"start":{"line":27,"column":8},"end":{"line":27,"column":8}}]},"6":{"line":32,"type":"if","locations":[{"start":{"line":32,"column":13},"end":{"line":32,"column":13}},{"start":{"line":32,"column":13},"end":{"line":32,"column":13}}]},"7":{"line":32,"type":"binary-expr","locations":[{"start":{"line":32,"column":17},"end":{"line":32,"column":27}},{"start":{"line":32,"column":31},"end":{"line":32,"column":41}}]},"8":{"line":34,"type":"if","locations":[{"start":{"line":34,"column":8},"end":{"line":34,"column":8}},{"start":{"line":34,"column":8},"end":{"line":34,"column":8}}]},"9":{"line":34,"type":"binary-expr","locations":[{"start":{"line":34,"column":12},"end":{"line":34,"column":22}},{"start":{"line":34,"column":26},"end":{"line":34,"column":36}}]},"10":{"line":39,"type":"if","locations":[{"start":{"line":39,"column":13},"end":{"line":39,"column":13}},{"start":{"line":39,"column":13},"end":{"line":39,"column":13}}]},"11":{"line":46,"type":"if","locations":[{"start":{"line":46,"column":6},"end":{"line":46,"column":6}},{"start":{"line":46,"column":6},"end":{"line":46,"column":6}}]},"12":{"line":47,"type":"if","locations":[{"start":{"line":47,"column":8},"end":{"line":47,"column":8}},{"start":{"line":47,"column":8},"end":{"line":47,"column":8}}]},"13":{"line":47,"type":"binary-expr","locations":[{"start":{"line":47,"column":12},"end":{"line":47,"column":22}},{"start":{"line":47,"column":26},"end":{"line":47,"column":35}}]},"14":{"line":49,"type":"if","locations":[{"start":{"line":49,"column":15},"end":{"line":49,"column":15}},{"start":{"line":49,"column":15},"end":{"line":49,"column":15}}]},"15":{"line":49,"type":"binary-expr","locations":[{"start":{"line":49,"column":19},"end":{"line":49,"column":29}},{"start":{"line":49,"column":33},"end":{"line":49,"column":43}}]},"16":{"line":51,"type":"if","locations":[{"start":{"line":51,"column":10},"end":{"line":51,"column":10}},{"start":{"line":51,"column":10},"end":{"line":51,"column":10}}]},"17":{"line":51,"type":"binary-expr","locations":[{"start":{"line":51,"column":14},"end":{"line":51,"column":24}},{"start":{"line":51,"column":28},"end":{"line":51,"column":38}}]},"18":{"line":53,"type":"if","locations":[{"start":{"line":53,"column":12},"end":{"line":53,"column":12}},{"start":{"line":53,"column":12},"end":{"line":53,"column":12}}]},"19":{"line":60,"type":"if","locations":[{"start":{"line":60,"column":17},"end":{"line":60,"column":17}},{"start":{"line":60,"column":17},"end":{"line":60,"column":17}}]},"20":{"line":73,"type":"if","locations":[{"start":{"line":73,"column":4},"end":{"line":73,"column":4}},{"start":{"line":73,"column":4},"end":{"line":73,"column":4}}]},"21":{"line":75,"type":"if","locations":[{"start":{"line":75,"column":11},"end":{"line":75,"column":11}},{"start":{"line":75,"column":11},"end":{"line":75,"column":11}}]},"22":{"line":78,"type":"if","locations":[{"start":{"line":78,"column":6},"end":{"line":78,"column":6}},{"start":{"line":78,"column":6},"end":{"line":78,"column":6}}]},"23":{"line":79,"type":"binary-expr","locations":[{"start":{"line":79,"column":8},"end":{"line":79,"column":48}},{"start":{"line":80,"column":11},"end":{"line":80,"column":40}}]},"24":{"line":91,"type":"if","locations":[{"start":{"line":91,"column":6},"end":{"line":91,"column":6}},{"start":{"line":91,"column":6},"end":{"line":91,"column":6}}]},"25":{"line":102,"type":"if","locations":[{"start":{"line":102,"column":6},"end":{"line":102,"column":6}},{"start":{"line":102,"column":6},"end":{"line":102,"column":6}}]},"26":{"line":114,"type":"if","locations":[{"start":{"line":114,"column":6},"end":{"line":114,"column":6}},{"start":{"line":114,"column":6},"end":{"line":114,"column":6}}]},"27":{"line":114,"type":"binary-expr","locations":[{"start":{"line":114,"column":10},"end":{"line":114,"column":20}},{"start":{"line":114,"column":24},"end":{"line":114,"column":34}}]}}},"/home/devbox/Documents/glayzzle/php-parser/src/lexer/property.js":{"path":"/home/devbox/Documents/glayzzle/php-parser/src/lexer/property.js","s":{"1":1,"2":0,"3":0,"4":0,"5":0,"6":0,"7":0,"8":0,"9":0,"10":0,"11":0,"12":0,"13":0,"14":0,"15":0,"16":0,"17":0,"18":0,"19":0,"20":0,"21":0,"22":0,"23":0,"24":0,"25":0,"26":0,"27":0,"28":0,"29":0,"30":0,"31":0,"32":0,"33":0,"34":0,"35":0,"36":0,"37":0,"38":0,"39":0,"40":0,"41":0,"42":0,"43":0,"44":0,"45":0,"46":0,"47":0,"48":0,"49":0},"b":{"1":[0,0],"2":[0,0],"3":[0,0],"4":[0,0],"5":[0,0],"6":[0,0],"7":[0,0],"8":[0,0],"9":[0,0],"10":[0,0],"11":[0,0],"12":[0,0],"13":[0,0,0,0],"14":[0,0],"15":[0,0,0,0,0,0]},"f":{"1":0,"2":0,"3":0},"fnMap":{"1":{"name":"(anonymous_1)","line":7,"loc":{"start":{"line":7,"column":32},"end":{"line":7,"column":43}}},"2":{"name":"(anonymous_2)","line":23,"loc":{"start":{"line":23,"column":31},"end":{"line":23,"column":42}}},"3":{"name":"(anonymous_3)","line":45,"loc":{"start":{"line":45,"column":22},"end":{"line":45,"column":33}}}},"statementMap":{"1":{"start":{"line":6,"column":0},"end":{"line":72,"column":2}},"2":{"start":{"line":8,"column":4},"end":{"line":8,"column":26}},"3":{"start":{"line":9,"column":4},"end":{"line":18,"column":5}},"4":{"start":{"line":10,"column":6},"end":{"line":10,"column":24}},"5":{"start":{"line":11,"column":6},"end":{"line":13,"column":7}},"6":{"start":{"line":12,"column":8},"end":{"line":12,"column":42}},"7":{"start":{"line":14,"column":6},"end":{"line":14,"column":20}},"8":{"start":{"line":15,"column":11},"end":{"line":18,"column":5}},"9":{"start":{"line":16,"column":6},"end":{"line":16,"column":27}},"10":{"start":{"line":17,"column":6},"end":{"line":17,"column":31}},"11":{"start":{"line":19,"column":4},"end":{"line":19,"column":20}},"12":{"start":{"line":20,"column":4},"end":{"line":20,"column":18}},"13":{"start":{"line":21,"column":4},"end":{"line":21,"column":17}},"14":{"start":{"line":24,"column":4},"end":{"line":24,"column":26}},"15":{"start":{"line":25,"column":4},"end":{"line":43,"column":5}},"16":{"start":{"line":26,"column":6},"end":{"line":26,"column":27}},"17":{"start":{"line":27,"column":6},"end":{"line":27,"column":24}},"18":{"start":{"line":28,"column":6},"end":{"line":28,"column":22}},"19":{"start":{"line":29,"column":6},"end":{"line":36,"column":7}},"20":{"start":{"line":30,"column":8},"end":{"line":30,"column":38}},"21":{"start":{"line":31,"column":8},"end":{"line":31,"column":22}},"22":{"start":{"line":32,"column":8},"end":{"line":32,"column":41}},"23":{"start":{"line":34,"column":8},"end":{"line":34,"column":39}},"24":{"start":{"line":35,"column":8},"end":{"line":35,"column":21}},"25":{"start":{"line":38,"column":6},"end":{"line":38,"column":20}},"26":{"start":{"line":39,"column":6},"end":{"line":39,"column":22}},"27":{"start":{"line":40,"column":6},"end":{"line":40,"column":36}},"28":{"start":{"line":42,"column":6},"end":{"line":42,"column":19}},"29":{"start":{"line":46,"column":4},"end":{"line":46,"column":26}},"30":{"start":{"line":47,"column":4},"end":{"line":70,"column":5}},"31":{"start":{"line":48,"column":6},"end":{"line":48,"column":25}},"32":{"start":{"line":49,"column":6},"end":{"line":49,"column":35}},"33":{"start":{"line":50,"column":11},"end":{"line":70,"column":5}},"34":{"start":{"line":51,"column":6},"end":{"line":51,"column":22}},"35":{"start":{"line":52,"column":6},"end":{"line":52,"column":17}},"36":{"start":{"line":53,"column":11},"end":{"line":70,"column":5}},"37":{"start":{"line":54,"column":6},"end":{"line":54,"column":19}},"38":{"start":{"line":55,"column":6},"end":{"line":60,"column":7}},"39":{"start":{"line":56,"column":8},"end":{"line":56,"column":29}},"40":{"start":{"line":57,"column":8},"end":{"line":57,"column":35}},"41":{"start":{"line":59,"column":8},"end":{"line":59,"column":47}},"42":{"start":{"line":61,"column":11},"end":{"line":70,"column":5}},"43":{"start":{"line":62,"column":6},"end":{"line":62,"column":27}},"44":{"start":{"line":63,"column":6},"end":{"line":63,"column":31}},"45":{"start":{"line":64,"column":11},"end":{"line":70,"column":5}},"46":{"start":{"line":65,"column":6},"end":{"line":65,"column":48}},"47":{"start":{"line":66,"column":11},"end":{"line":70,"column":5}},"48":{"start":{"line":67,"column":6},"end":{"line":67,"column":16}},"49":{"start":{"line":69,"column":6},"end":{"line":69,"column":45}}},"branchMap":{"1":{"line":9,"type":"if","locations":[{"start":{"line":9,"column":4},"end":{"line":9,"column":4}},{"start":{"line":9,"column":4},"end":{"line":9,"column":4}}]},"2":{"line":11,"type":"if","locations":[{"start":{"line":11,"column":6},"end":{"line":11,"column":6}},{"start":{"line":11,"column":6},"end":{"line":11,"column":6}}]},"3":{"line":15,"type":"if","locations":[{"start":{"line":15,"column":11},"end":{"line":15,"column":11}},{"start":{"line":15,"column":11},"end":{"line":15,"column":11}}]},"4":{"line":25,"type":"if","locations":[{"start":{"line":25,"column":4},"end":{"line":25,"column":4}},{"start":{"line":25,"column":4},"end":{"line":25,"column":4}}]},"5":{"line":29,"type":"if","locations":[{"start":{"line":29,"column":6},"end":{"line":29,"column":6}},{"start":{"line":29,"column":6},"end":{"line":29,"column":6}}]},"6":{"line":29,"type":"binary-expr","locations":[{"start":{"line":29,"column":10},"end":{"line":29,"column":20}},{"start":{"line":29,"column":24},"end":{"line":29,"column":34}}]},"7":{"line":47,"type":"if","locations":[{"start":{"line":47,"column":4},"end":{"line":47,"column":4}},{"start":{"line":47,"column":4},"end":{"line":47,"column":4}}]},"8":{"line":50,"type":"if","locations":[{"start":{"line":50,"column":11},"end":{"line":50,"column":11}},{"start":{"line":50,"column":11},"end":{"line":50,"column":11}}]},"9":{"line":53,"type":"if","locations":[{"start":{"line":53,"column":11},"end":{"line":53,"column":11}},{"start":{"line":53,"column":11},"end":{"line":53,"column":11}}]},"10":{"line":55,"type":"if","locations":[{"start":{"line":55,"column":6},"end":{"line":55,"column":6}},{"start":{"line":55,"column":6},"end":{"line":55,"column":6}}]},"11":{"line":61,"type":"if","locations":[{"start":{"line":61,"column":11},"end":{"line":61,"column":11}},{"start":{"line":61,"column":11},"end":{"line":61,"column":11}}]},"12":{"line":64,"type":"if","locations":[{"start":{"line":64,"column":11},"end":{"line":64,"column":11}},{"start":{"line":64,"column":11},"end":{"line":64,"column":11}}]},"13":{"line":64,"type":"binary-expr","locations":[{"start":{"line":64,"column":15},"end":{"line":64,"column":35}},{"start":{"line":64,"column":39},"end":{"line":64,"column":50}},{"start":{"line":64,"column":54},"end":{"line":64,"column":65}},{"start":{"line":64,"column":69},"end":{"line":64,"column":79}}]},"14":{"line":66,"type":"if","locations":[{"start":{"line":66,"column":11},"end":{"line":66,"column":11}},{"start":{"line":66,"column":11},"end":{"line":66,"column":11}}]},"15":{"line":66,"type":"binary-expr","locations":[{"start":{"line":66,"column":15},"end":{"line":66,"column":25}},{"start":{"line":66,"column":29},"end":{"line":66,"column":39}},{"start":{"line":66,"column":43},"end":{"line":66,"column":53}},{"start":{"line":66,"column":57},"end":{"line":66,"column":67}},{"start":{"line":66,"column":71},"end":{"line":66,"column":81}},{"start":{"line":66,"column":85},"end":{"line":66,"column":100}}]}}},"/home/devbox/Documents/glayzzle/php-parser/src/lexer/scripting.js":{"path":"/home/devbox/Documents/glayzzle/php-parser/src/lexer/scripting.js","s":{"1":1,"2":57,"3":57,"4":16,"5":0,"6":0,"7":0,"8":0,"9":0,"10":0,"11":0,"12":0,"13":4,"14":1,"15":1,"16":1,"17":1,"18":1,"19":1,"20":0,"21":1,"22":1,"23":1,"24":0,"25":0,"26":0,"27":0,"28":0,"29":0,"30":0,"31":0,"32":0,"33":0,"34":0,"35":0,"36":0,"37":0,"38":0,"39":0,"40":35,"41":0,"42":0,"43":0,"44":0,"45":35,"46":0,"47":35,"48":11,"49":24,"50":24,"51":0,"52":16,"53":19,"54":19,"55":5,"56":14,"57":14,"58":16},"b":{"1":[8,8,16,16,16,0,0,0,4,1,1,0,0,0,35],"2":[0,0],"3":[0,0],"4":[1,0],"5":[1,1],"6":[0,1],"7":[1,1],"8":[1,0],"9":[0,0],"10":[0,0],"11":[0,0],"12":[0,0],"13":[0,0],"14":[0,0],"15":[0,35],"16":[0,0],"17":[0,35],"18":[11,24],"19":[24,0],"20":[5,14],"21":[19,19,16,14]},"f":{"1":57,"2":16},"fnMap":{"1":{"name":"(anonymous_1)","line":7,"loc":{"start":{"line":7,"column":24},"end":{"line":7,"column":35}}},"2":{"name":"(anonymous_2)","line":89,"loc":{"start":{"line":89,"column":16},"end":{"line":89,"column":27}}}},"statementMap":{"1":{"start":{"line":6,"column":0},"end":{"line":100,"column":2}},"2":{"start":{"line":8,"column":4},"end":{"line":8,"column":26}},"3":{"start":{"line":9,"column":4},"end":{"line":83,"column":5}},"4":{"start":{"line":15,"column":8},"end":{"line":15,"column":35}},"5":{"start":{"line":17,"column":8},"end":{"line":17,"column":32}},"6":{"start":{"line":19,"column":8},"end":{"line":24,"column":9}},"7":{"start":{"line":20,"column":10},"end":{"line":20,"column":34}},"8":{"start":{"line":21,"column":15},"end":{"line":24,"column":9}},"9":{"start":{"line":22,"column":10},"end":{"line":22,"column":23}},"10":{"start":{"line":23,"column":10},"end":{"line":23,"column":38}},"11":{"start":{"line":25,"column":8},"end":{"line":25,"column":36}},"12":{"start":{"line":27,"column":8},"end":{"line":27,"column":49}},"13":{"start":{"line":29,"column":8},"end":{"line":29,"column":39}},"14":{"start":{"line":31,"column":8},"end":{"line":31,"column":35}},"15":{"start":{"line":32,"column":8},"end":{"line":32,"column":19}},"16":{"start":{"line":34,"column":8},"end":{"line":42,"column":9}},"17":{"start":{"line":35,"column":10},"end":{"line":35,"column":23}},"18":{"start":{"line":36,"column":10},"end":{"line":36,"column":48}},"19":{"start":{"line":37,"column":10},"end":{"line":37,"column":63}},"20":{"start":{"line":37,"column":50},"end":{"line":37,"column":63}},"21":{"start":{"line":38,"column":10},"end":{"line":40,"column":11}},"22":{"start":{"line":39,"column":12},"end":{"line":39,"column":34}},"23":{"start":{"line":41,"column":10},"end":{"line":41,"column":38}},"24":{"start":{"line":43,"column":8},"end":{"line":43,"column":36}},"25":{"start":{"line":45,"column":8},"end":{"line":56,"column":9}},"26":{"start":{"line":46,"column":10},"end":{"line":46,"column":23}},"27":{"start":{"line":47,"column":10},"end":{"line":47,"column":40}},"28":{"start":{"line":48,"column":10},"end":{"line":50,"column":11}},"29":{"start":{"line":49,"column":12},"end":{"line":49,"column":25}},"30":{"start":{"line":51,"column":10},"end":{"line":51,"column":34}},"31":{"start":{"line":52,"column":10},"end":{"line":54,"column":11}},"32":{"start":{"line":53,"column":12},"end":{"line":53,"column":34}},"33":{"start":{"line":55,"column":10},"end":{"line":55,"column":38}},"34":{"start":{"line":57,"column":8},"end":{"line":57,"column":36}},"35":{"start":{"line":59,"column":8},"end":{"line":59,"column":38}},"36":{"start":{"line":60,"column":8},"end":{"line":60,"column":19}},"37":{"start":{"line":62,"column":8},"end":{"line":65,"column":9}},"38":{"start":{"line":64,"column":10},"end":{"line":64,"column":26}},"39":{"start":{"line":66,"column":8},"end":{"line":66,"column":19}},"40":{"start":{"line":68,"column":8},"end":{"line":75,"column":9}},"41":{"start":{"line":69,"column":10},"end":{"line":69,"column":23}},"42":{"start":{"line":70,"column":10},"end":{"line":74,"column":11}},"43":{"start":{"line":71,"column":12},"end":{"line":71,"column":38}},"44":{"start":{"line":73,"column":12},"end":{"line":73,"column":26}},"45":{"start":{"line":76,"column":8},"end":{"line":82,"column":9}},"46":{"start":{"line":77,"column":10},"end":{"line":77,"column":36}},"47":{"start":{"line":78,"column":15},"end":{"line":82,"column":9}},"48":{"start":{"line":79,"column":10},"end":{"line":79,"column":49}},"49":{"start":{"line":80,"column":15},"end":{"line":82,"column":9}},"50":{"start":{"line":81,"column":10},"end":{"line":81,"column":38}},"51":{"start":{"line":84,"column":4},"end":{"line":86,"column":6}},"52":{"start":{"line":90,"column":4},"end":{"line":97,"column":5}},"53":{"start":{"line":91,"column":6},"end":{"line":91,"column":28}},"54":{"start":{"line":92,"column":6},"end":{"line":94,"column":7}},"55":{"start":{"line":93,"column":8},"end":{"line":93,"column":17}},"56":{"start":{"line":95,"column":6},"end":{"line":95,"column":20}},"57":{"start":{"line":96,"column":6},"end":{"line":96,"column":12}},"58":{"start":{"line":98,"column":4},"end":{"line":98,"column":33}}},"branchMap":{"1":{"line":9,"type":"switch","locations":[{"start":{"line":10,"column":6},"end":{"line":10,"column":15}},{"start":{"line":11,"column":6},"end":{"line":11,"column":16}},{"start":{"line":12,"column":6},"end":{"line":12,"column":16}},{"start":{"line":13,"column":6},"end":{"line":13,"column":16}},{"start":{"line":14,"column":6},"end":{"line":15,"column":35}},{"start":{"line":16,"column":6},"end":{"line":17,"column":32}},{"start":{"line":18,"column":6},"end":{"line":25,"column":36}},{"start":{"line":26,"column":6},"end":{"line":27,"column":49}},{"start":{"line":28,"column":6},"end":{"line":29,"column":39}},{"start":{"line":30,"column":6},"end":{"line":32,"column":19}},{"start":{"line":33,"column":6},"end":{"line":43,"column":36}},{"start":{"line":44,"column":6},"end":{"line":57,"column":36}},{"start":{"line":58,"column":6},"end":{"line":60,"column":19}},{"start":{"line":61,"column":6},"end":{"line":66,"column":19}},{"start":{"line":67,"column":6},"end":{"line":82,"column":9}}]},"2":{"line":19,"type":"if","locations":[{"start":{"line":19,"column":8},"end":{"line":19,"column":8}},{"start":{"line":19,"column":8},"end":{"line":19,"column":8}}]},"3":{"line":21,"type":"if","locations":[{"start":{"line":21,"column":15},"end":{"line":21,"column":15}},{"start":{"line":21,"column":15},"end":{"line":21,"column":15}}]},"4":{"line":34,"type":"if","locations":[{"start":{"line":34,"column":8},"end":{"line":34,"column":8}},{"start":{"line":34,"column":8},"end":{"line":34,"column":8}}]},"5":{"line":34,"type":"binary-expr","locations":[{"start":{"line":34,"column":12},"end":{"line":34,"column":28}},{"start":{"line":34,"column":32},"end":{"line":34,"column":50}}]},"6":{"line":37,"type":"if","locations":[{"start":{"line":37,"column":10},"end":{"line":37,"column":10}},{"start":{"line":37,"column":10},"end":{"line":37,"column":10}}]},"7":{"line":37,"type":"binary-expr","locations":[{"start":{"line":37,"column":14},"end":{"line":37,"column":29}},{"start":{"line":37,"column":33},"end":{"line":37,"column":48}}]},"8":{"line":38,"type":"if","locations":[{"start":{"line":38,"column":10},"end":{"line":38,"column":10}},{"start":{"line":38,"column":10},"end":{"line":38,"column":10}}]},"9":{"line":45,"type":"if","locations":[{"start":{"line":45,"column":8},"end":{"line":45,"column":8}},{"start":{"line":45,"column":8},"end":{"line":45,"column":8}}]},"10":{"line":45,"type":"binary-expr","locations":[{"start":{"line":45,"column":12},"end":{"line":45,"column":27}},{"start":{"line":45,"column":31},"end":{"line":45,"column":63}}]},"11":{"line":48,"type":"if","locations":[{"start":{"line":48,"column":10},"end":{"line":48,"column":10}},{"start":{"line":48,"column":10},"end":{"line":48,"column":10}}]},"12":{"line":48,"type":"binary-expr","locations":[{"start":{"line":48,"column":14},"end":{"line":48,"column":25}},{"start":{"line":48,"column":29},"end":{"line":48,"column":40}}]},"13":{"line":52,"type":"if","locations":[{"start":{"line":52,"column":10},"end":{"line":52,"column":10}},{"start":{"line":52,"column":10},"end":{"line":52,"column":10}}]},"14":{"line":62,"type":"if","locations":[{"start":{"line":62,"column":8},"end":{"line":62,"column":8}},{"start":{"line":62,"column":8},"end":{"line":62,"column":8}}]},"15":{"line":68,"type":"if","locations":[{"start":{"line":68,"column":8},"end":{"line":68,"column":8}},{"start":{"line":68,"column":8},"end":{"line":68,"column":8}}]},"16":{"line":70,"type":"if","locations":[{"start":{"line":70,"column":10},"end":{"line":70,"column":10}},{"start":{"line":70,"column":10},"end":{"line":70,"column":10}}]},"17":{"line":76,"type":"if","locations":[{"start":{"line":76,"column":8},"end":{"line":76,"column":8}},{"start":{"line":76,"column":8},"end":{"line":76,"column":8}}]},"18":{"line":78,"type":"if","locations":[{"start":{"line":78,"column":15},"end":{"line":78,"column":15}},{"start":{"line":78,"column":15},"end":{"line":78,"column":15}}]},"19":{"line":80,"type":"if","locations":[{"start":{"line":80,"column":15},"end":{"line":80,"column":15}},{"start":{"line":80,"column":15},"end":{"line":80,"column":15}}]},"20":{"line":92,"type":"if","locations":[{"start":{"line":92,"column":6},"end":{"line":92,"column":6}},{"start":{"line":92,"column":6},"end":{"line":92,"column":6}}]},"21":{"line":92,"type":"binary-expr","locations":[{"start":{"line":92,"column":10},"end":{"line":92,"column":20}},{"start":{"line":92,"column":24},"end":{"line":92,"column":35}},{"start":{"line":92,"column":39},"end":{"line":92,"column":50}},{"start":{"line":92,"column":54},"end":{"line":92,"column":65}}]}}},"/home/devbox/Documents/glayzzle/php-parser/src/lexer/strings.js":{"path":"/home/devbox/Documents/glayzzle/php-parser/src/lexer/strings.js","s":{"1":1,"2":0,"3":0,"4":0,"5":0,"6":0,"7":0,"8":0,"9":0,"10":0,"11":0,"12":0,"13":0,"14":0,"15":0,"16":0,"17":0,"18":0,"19":0,"20":0,"21":0,"22":0,"23":0,"24":0,"25":0,"26":0,"27":0,"28":0,"29":0,"30":0,"31":0,"32":0,"33":0,"34":0,"35":0,"36":0,"37":0,"38":0,"39":0,"40":0,"41":0,"42":0,"43":4,"44":4,"45":24,"46":24,"47":0,"48":24,"49":4,"50":20,"51":0,"52":0,"53":0,"54":0,"55":0,"56":20,"57":0,"58":0,"59":0,"60":0,"61":0,"62":4,"63":4,"64":0,"65":0,"66":0,"67":0,"68":0,"69":0,"70":0,"71":0,"72":0,"73":0,"74":0,"75":0,"76":0,"77":0,"78":0,"79":0,"80":0,"81":0,"82":0,"83":0,"84":0,"85":0,"86":0,"87":0,"88":0,"89":0,"90":0,"91":0,"92":0,"93":0,"94":0,"95":0,"96":0,"97":0,"98":0,"99":0,"100":0,"101":0,"102":0,"103":0,"104":0,"105":0,"106":0,"107":0,"108":0,"109":0,"110":0,"111":0,"112":0,"113":0,"114":0,"115":0,"116":0,"117":0,"118":0,"119":0,"120":0,"121":0,"122":0,"123":0,"124":0,"125":0,"126":0,"127":0,"128":0,"129":0,"130":0,"131":0,"132":0,"133":0,"134":0,"135":0,"136":0,"137":0,"138":0,"139":0,"140":0,"141":0,"142":0,"143":0,"144":0,"145":0,"146":0,"147":0,"148":0,"149":0,"150":0,"151":0,"152":1,"153":1,"154":0,"155":0,"156":0,"157":0,"158":0,"159":0,"160":0,"161":1,"162":0,"163":0,"164":0,"165":1,"166":0,"167":0,"168":1,"169":10,"170":0,"171":10,"172":1,"173":1,"174":1,"175":1,"176":9,"177":0,"178":0,"179":0,"180":0,"181":0,"182":0,"183":0,"184":0,"185":0,"186":0,"187":0,"188":0,"189":0,"190":0,"191":0,"192":0,"193":0,"194":9,"195":0,"196":0,"197":0,"198":0,"199":0,"200":0,"201":0,"202":0,"203":0,"204":0,"205":9,"206":1,"207":0,"208":0,"209":0,"210":0,"211":0,"212":0,"213":0,"214":0,"215":0,"216":0,"217":0,"218":0,"219":0,"220":0,"221":0,"222":0,"223":0,"224":0,"225":0,"226":0,"227":0,"228":0,"229":0,"230":0,"231":0,"232":0,"233":0,"234":0,"235":0,"236":0,"237":0,"238":0,"239":0,"240":0,"241":0,"242":0,"243":0,"244":0,"245":0,"246":0,"247":0,"248":0,"249":0,"250":0,"251":0,"252":0,"253":0,"254":0,"255":0,"256":0,"257":0,"258":0,"259":0,"260":0,"261":0},"b":{"1":[0,0],"2":[0,0],"3":[0,0],"4":[0,0,0],"5":[0,0],"6":[0,0],"7":[0,0],"8":[0,0],"9":[0,0],"10":[0,0],"11":[0,0],"12":[0,0],"13":[0,0],"14":[0,0],"15":[0,0],"16":[0,0],"17":[0,24],"18":[4,20],"19":[0,20],"20":[0,0],"21":[0,0],"22":[0,20],"23":[0,0],"24":[4,0],"25":[0,0],"26":[0,0],"27":[0,0],"28":[0,0],"29":[0,0],"30":[0,0,0],"31":[0,0],"32":[0,0],"33":[0,0],"34":[0,0],"35":[0,0],"36":[0,0],"37":[0,0],"38":[0,0],"39":[0,0],"40":[0,0],"41":[0,0],"42":[0,0],"43":[0,0],"44":[0,0],"45":[0,0],"46":[0,0],"47":[0,0],"48":[0,0],"49":[0,0],"50":[0,0],"51":[0,0],"52":[0,0],"53":[0,0],"54":[0,1],"55":[0,0],"56":[0,0],"57":[0,1],"58":[0,0],"59":[0,1],"60":[0,10],"61":[1,9],"62":[0,9],"63":[0,0],"64":[0,0],"65":[0,0],"66":[0,0],"67":[0,9],"68":[0,0],"69":[0,0],"70":[0,0],"71":[0,0],"72":[0,0],"73":[0,0],"74":[0,0],"75":[0,0],"76":[0,0],"77":[0,0],"78":[0,0],"79":[0,0],"80":[0,0],"81":[0,0],"82":[0,0],"83":[0,0],"84":[0,0],"85":[0,0]},"f":{"1":0,"2":0,"3":4,"4":0,"5":0,"6":0,"7":0,"8":1,"9":0},"fnMap":{"1":{"name":"(anonymous_1)","line":7,"loc":{"start":{"line":7,"column":30},"end":{"line":7,"column":41}}},"2":{"name":"(anonymous_2)","line":20,"loc":{"start":{"line":20,"column":14},"end":{"line":20,"column":25}}},"3":{"name":"(anonymous_3)","line":79,"loc":{"start":{"line":79,"column":20},"end":{"line":79,"column":31}}},"4":{"name":"(anonymous_4)","line":123,"loc":{"start":{"line":123,"column":15},"end":{"line":123,"column":26}}},"5":{"name":"(anonymous_5)","line":134,"loc":{"start":{"line":134,"column":18},"end":{"line":134,"column":29}}},"6":{"name":"(anonymous_6)","line":161,"loc":{"start":{"line":161,"column":19},"end":{"line":161,"column":30}}},"7":{"name":"(anonymous_7)","line":236,"loc":{"start":{"line":236,"column":20},"end":{"line":236,"column":31}}},"8":{"name":"(anonymous_8)","line":260,"loc":{"start":{"line":260,"column":21},"end":{"line":260,"column":32}}},"9":{"name":"(anonymous_9)","line":337,"loc":{"start":{"line":337,"column":25},"end":{"line":337,"column":36}}}},"statementMap":{"1":{"start":{"line":6,"column":0},"end":{"line":412,"column":2}},"2":{"start":{"line":8,"column":4},"end":{"line":8,"column":11}},"3":{"start":{"line":9,"column":4},"end":{"line":16,"column":5}},"4":{"start":{"line":10,"column":6},"end":{"line":10,"column":24}},"5":{"start":{"line":11,"column":6},"end":{"line":15,"column":7}},"6":{"start":{"line":12,"column":8},"end":{"line":12,"column":21}},"7":{"start":{"line":13,"column":13},"end":{"line":15,"column":7}},"8":{"start":{"line":14,"column":8},"end":{"line":14,"column":14}},"9":{"start":{"line":17,"column":4},"end":{"line":17,"column":47}},"10":{"start":{"line":21,"column":4},"end":{"line":21,"column":29}},"11":{"start":{"line":22,"column":4},"end":{"line":75,"column":5}},"12":{"start":{"line":27,"column":6},"end":{"line":27,"column":23}},"13":{"start":{"line":30,"column":6},"end":{"line":37,"column":7}},"14":{"start":{"line":31,"column":8},"end":{"line":36,"column":9}},"15":{"start":{"line":32,"column":10},"end":{"line":32,"column":25}},"16":{"start":{"line":33,"column":10},"end":{"line":35,"column":11}},"17":{"start":{"line":34,"column":12},"end":{"line":34,"column":18}},"18":{"start":{"line":40,"column":6},"end":{"line":40,"column":47}},"19":{"start":{"line":41,"column":6},"end":{"line":45,"column":7}},"20":{"start":{"line":42,"column":8},"end":{"line":42,"column":23}},"21":{"start":{"line":44,"column":8},"end":{"line":44,"column":21}},"22":{"start":{"line":48,"column":6},"end":{"line":74,"column":7}},"23":{"start":{"line":49,"column":8},"end":{"line":49,"column":39}},"24":{"start":{"line":50,"column":8},"end":{"line":55,"column":9}},"25":{"start":{"line":51,"column":10},"end":{"line":51,"column":24}},"26":{"start":{"line":52,"column":10},"end":{"line":54,"column":11}},"27":{"start":{"line":53,"column":12},"end":{"line":53,"column":18}},"28":{"start":{"line":56,"column":8},"end":{"line":56,"column":71}},"29":{"start":{"line":57,"column":8},"end":{"line":73,"column":9}},"30":{"start":{"line":58,"column":10},"end":{"line":58,"column":36}},"31":{"start":{"line":58,"column":21},"end":{"line":58,"column":36}},"32":{"start":{"line":60,"column":10},"end":{"line":72,"column":11}},"33":{"start":{"line":62,"column":12},"end":{"line":62,"column":41}},"34":{"start":{"line":63,"column":12},"end":{"line":63,"column":44}},"35":{"start":{"line":64,"column":12},"end":{"line":64,"column":33}},"36":{"start":{"line":65,"column":12},"end":{"line":65,"column":35}},"37":{"start":{"line":66,"column":12},"end":{"line":70,"column":13}},"38":{"start":{"line":67,"column":14},"end":{"line":67,"column":38}},"39":{"start":{"line":69,"column":14},"end":{"line":69,"column":39}},"40":{"start":{"line":71,"column":12},"end":{"line":71,"column":44}},"41":{"start":{"line":76,"column":4},"end":{"line":76,"column":25}},"42":{"start":{"line":77,"column":4},"end":{"line":77,"column":17}},"43":{"start":{"line":80,"column":4},"end":{"line":80,"column":11}},"44":{"start":{"line":81,"column":4},"end":{"line":102,"column":5}},"45":{"start":{"line":82,"column":6},"end":{"line":82,"column":24}},"46":{"start":{"line":83,"column":6},"end":{"line":101,"column":7}},"47":{"start":{"line":84,"column":8},"end":{"line":84,"column":21}},"48":{"start":{"line":85,"column":13},"end":{"line":101,"column":7}},"49":{"start":{"line":86,"column":8},"end":{"line":86,"column":14}},"50":{"start":{"line":87,"column":13},"end":{"line":101,"column":7}},"51":{"start":{"line":88,"column":8},"end":{"line":88,"column":26}},"52":{"start":{"line":89,"column":8},"end":{"line":92,"column":9}},"53":{"start":{"line":90,"column":10},"end":{"line":90,"column":24}},"54":{"start":{"line":91,"column":10},"end":{"line":91,"column":16}},"55":{"start":{"line":93,"column":8},"end":{"line":93,"column":22}},"56":{"start":{"line":94,"column":13},"end":{"line":101,"column":7}},"57":{"start":{"line":95,"column":8},"end":{"line":95,"column":26}},"58":{"start":{"line":96,"column":8},"end":{"line":99,"column":9}},"59":{"start":{"line":97,"column":10},"end":{"line":97,"column":24}},"60":{"start":{"line":98,"column":10},"end":{"line":98,"column":16}},"61":{"start":{"line":100,"column":8},"end":{"line":100,"column":22}},"62":{"start":{"line":103,"column":4},"end":{"line":119,"column":5}},"63":{"start":{"line":104,"column":6},"end":{"line":104,"column":49}},"64":{"start":{"line":106,"column":6},"end":{"line":106,"column":21}},"65":{"start":{"line":107,"column":6},"end":{"line":109,"column":7}},"66":{"start":{"line":108,"column":8},"end":{"line":108,"column":19}},"67":{"start":{"line":110,"column":6},"end":{"line":115,"column":7}},"68":{"start":{"line":111,"column":8},"end":{"line":114,"column":10}},"69":{"start":{"line":116,"column":6},"end":{"line":116,"column":46}},"70":{"start":{"line":117,"column":6},"end":{"line":117,"column":37}},"71":{"start":{"line":118,"column":6},"end":{"line":118,"column":25}},"72":{"start":{"line":125,"column":4},"end":{"line":130,"column":5}},"73":{"start":{"line":126,"column":6},"end":{"line":126,"column":72}},"74":{"start":{"line":127,"column":6},"end":{"line":129,"column":7}},"75":{"start":{"line":128,"column":8},"end":{"line":128,"column":20}},"76":{"start":{"line":131,"column":4},"end":{"line":131,"column":17}},"77":{"start":{"line":136,"column":4},"end":{"line":140,"column":5}},"78":{"start":{"line":137,"column":6},"end":{"line":137,"column":46}},"79":{"start":{"line":138,"column":6},"end":{"line":138,"column":22}},"80":{"start":{"line":139,"column":6},"end":{"line":139,"column":36}},"81":{"start":{"line":142,"column":4},"end":{"line":142,"column":42}},"82":{"start":{"line":143,"column":4},"end":{"line":156,"column":5}},"83":{"start":{"line":144,"column":6},"end":{"line":155,"column":7}},"84":{"start":{"line":145,"column":8},"end":{"line":145,"column":26}},"85":{"start":{"line":146,"column":8},"end":{"line":152,"column":9}},"86":{"start":{"line":147,"column":10},"end":{"line":147,"column":35}},"87":{"start":{"line":148,"column":10},"end":{"line":150,"column":12}},"88":{"start":{"line":151,"column":10},"end":{"line":151,"column":52}},"89":{"start":{"line":154,"column":8},"end":{"line":154,"column":26}},"90":{"start":{"line":158,"column":4},"end":{"line":158,"column":46}},"91":{"start":{"line":163,"column":4},"end":{"line":163,"column":26}},"92":{"start":{"line":164,"column":4},"end":{"line":168,"column":5}},"93":{"start":{"line":165,"column":6},"end":{"line":165,"column":50}},"94":{"start":{"line":166,"column":6},"end":{"line":166,"column":22}},"95":{"start":{"line":167,"column":6},"end":{"line":167,"column":36}},"96":{"start":{"line":170,"column":4},"end":{"line":230,"column":5}},"97":{"start":{"line":172,"column":6},"end":{"line":177,"column":7}},"98":{"start":{"line":173,"column":8},"end":{"line":173,"column":26}},"99":{"start":{"line":174,"column":8},"end":{"line":176,"column":9}},"100":{"start":{"line":175,"column":10},"end":{"line":175,"column":28}},"101":{"start":{"line":179,"column":6},"end":{"line":229,"column":7}},"102":{"start":{"line":180,"column":8},"end":{"line":180,"column":26}},"103":{"start":{"line":181,"column":8},"end":{"line":187,"column":9}},"104":{"start":{"line":182,"column":10},"end":{"line":182,"column":35}},"105":{"start":{"line":183,"column":10},"end":{"line":185,"column":12}},"106":{"start":{"l
[...]
2":1,"3":1,"4":1,"5":1,"6":1,"7":1},"b":{},"f":{"1":1},"fnMap":{"1":{"name":"Array","line":17,"loc":{"start":{"line":17,"column":35},"end":{"line":17,"column":78}}}},"statementMap":{"1":{"start":{"line":7,"column":0},"end":{"line":7,"column":35}},"2":{"start":{"line":8,"column":0},"end":{"line":8,"column":19}},"3":{"start":{"line":17,"column":0},"end":{"line":21,"column":3}},"4":{"start":{"line":18,"column":2},"end":{"line":18,"column":37}},"5":{"start":{"line":19,"column":2},"end":{"line":19,"column":21}},"6":{"start":{"line":20,"column":2},"end":{"line":20,"column":29}},"7":{"start":{"line":23,"column":0},"end":{"line":23,"column":33}}},"branchMap":{}},"/home/devbox/Documents/glayzzle/php-parser/src/ast/expression.js":{"path":"/home/devbox/Documents/glayzzle/php-parser/src/ast/expression.js","s":{"1":1,"2":1,"3":1,"4":15,"5":1},"b":{"1":[15,0]},"f":{"1":15},"fnMap":{"1":{"name":"Expression","line":16,"loc":{"start":{"line":16,"column":30},"end":{"line":16,"column":66}}}},"statementMap":{"1":{"start":{"line":7,"column":0},"end":{"line":7,"column":29}},"2":{"start":{"line":8,"column":0},"end":{"line":8,"column":24}},"3":{"start":{"line":16,"column":0},"end":{"line":18,"column":3}},"4":{"start":{"line":17,"column":2},"end":{"line":17,"column":45}},"5":{"start":{"line":20,"column":0},"end":{"line":20,"column":28}}},"branchMap":{"1":{"line":17,"type":"binary-expr","locations":[{"start":{"line":17,"column":20},"end":{"line":17,"column":24}},{"start":{"line":17,"column":28},"end":{"line":17,"column":32}}]}}},"/home/devbox/Documents/glayzzle/php-parser/src/ast/node.js":{"path":"/home/devbox/Documents/glayzzle/php-parser/src/ast/node.js","s":{"1":1,"2":32,"3":32,"4":1,"5":22,"6":22,"7":22,"8":22,"9":1},"b":{"1":[12,20]},"f":{"1":32,"2":22},"fnMap":{"1":{"name":"Node","line":13,"loc":{"start":{"line":13,"column":11},"end":{"line":13,"column":41}}},"2":{"name":"(anonymous_2)","line":23,"loc":{"start":{"line":23,"column":15},"end":{"line":23,"column":37}}}},"statementMap":{"1":{"start":{"line":13,"column":0},"end":{"line":16,"column":2}},"2":{"start":{"line":14,"column":2},"end":{"line":14,"column":19}},"3":{"start":{"line":15,"column":2},"end":{"line":15,"column":40}},"4":{"start":{"line":23,"column":0},"end":{"line":28,"column":2}},"5":{"start":{"line":24,"column":2},"end":{"line":24,"column":56}},"6":{"start":{"line":25,"column":2},"end":{"line":25,"column":37}},"7":{"start":{"line":26,"column":2},"end":{"line":26,"column":50}},"8":{"start":{"line":27,"column":2},"end":{"line":27,"column":21}},"9":{"start":{"line":30,"column":0},"end":{"line":30,"column":22}}},"branchMap":{"1":{"line":15,"type":"cond-expr","locations":[{"start":{"line":15,"column":24},"end":{"line":15,"column":32}},{"start":{"line":15,"column":35},"end":{"line":15,"column":39}}]}}},"/home/devbox/Documents/glayzzle/php-parser/src/ast/assign.js":{"path":"/home/devbox/Documents/glayzzle/php-parser/src/ast/assign.js","s":{"1":1,"2":1,"3":1,"4":1,"5":1,"6":1,"7":1,"8":1},"b":{},"f":{"1":1},"fnMap":{"1":{"name":"Assign","line":18,"loc":{"start":{"line":18,"column":31},"end":{"line":18,"column":80}}}},"statementMap":{"1":{"start":{"line":7,"column":0},"end":{"line":7,"column":39}},"2":{"start":{"line":8,"column":0},"end":{"line":8,"column":20}},"3":{"start":{"line":18,"column":0},"end":{"line":23,"column":3}},"4":{"start":{"line":19,"column":2},"end":{"line":19,"column":42}},"5":{"start":{"line":20,"column":2},"end":{"line":20,"column":27}},"6":{"start":{"line":21,"column":2},"end":{"line":21,"column":19}},"7":{"start":{"line":22,"column":2},"end":{"line":22,"column":21}},"8":{"start":{"line":25,"column":0},"end":{"line":25,"column":24}}},"branchMap":{}},"/home/devbox/Documents/glayzzle/php-parser/src/ast/statement.js":{"path":"/home/devbox/Documents/glayzzle/php-parser/src/ast/statement.js","s":{"1":1,"2":1,"3":1,"4":14,"5":1},"b":{"1":[14,0]},"f":{"1":14},"fnMap":{"1":{"name":"Statement","line":15,"loc":{"start":{"line":15,"column":29},"end":{"line":15,"column":64}}}},"statementMap":{"1":{"start":{"line":7,"column":0},"end":{"line":7,"column":29}},"2":{"start":{"line":8,"column":0},"end":{"line":8,"column":23}},"3":{"start":{"line":15,"column":0},"end":{"line":17,"column":3}},"4":{"start":{"line":16,"column":2},"end":{"line":16,"column":45}},"5":{"start":{"line":19,"column":0},"end":{"line":19,"column":27}}},"branchMap":{"1":{"line":16,"type":"binary-expr","locations":[{"start":{"line":16,"column":20},"end":{"line":16,"column":24}},{"start":{"line":16,"column":28},"end":{"line":16,"column":32}}]}}},"/home/devbox/Documents/glayzzle/php-parser/src/ast/class.js":{"path":"/home/devbox/Documents/glayzzle/php-parser/src/ast/class.js","s":{"1":1,"2":1,"3":1,"4":0,"5":0,"6":0,"7":0,"8":0,"9":0,"10":0,"11":1},"b":{"1":[0,0]},"f":{"1":0},"fnMap":{"1":{"name":"Class","line":22,"loc":{"start":{"line":22,"column":26},"end":{"line":25,"column":2}}}},"statementMap":{"1":{"start":{"line":7,"column":0},"end":{"line":7,"column":31}},"2":{"start":{"line":8,"column":0},"end":{"line":8,"column":19}},"3":{"start":{"line":22,"column":0},"end":{"line":33,"column":3}},"4":{"start":{"line":26,"column":2},"end":{"line":26,"column":48}},"5":{"start":{"line":27,"column":2},"end":{"line":27,"column":41}},"6":{"start":{"line":28,"column":2},"end":{"line":28,"column":31}},"7":{"start":{"line":29,"column":2},"end":{"line":29,"column":25}},"8":{"start":{"line":30,"column":2},"end":{"line":30,"column":19}},"9":{"start":{"line":31,"column":2},"end":{"line":31,"column":21}},"10":{"start":{"line":32,"column":2},"end":{"line":32,"column":25}},"11":{"start":{"line":35,"column":0},"end":{"line":35,"column":23}}},"branchMap":{"1":{"line":27,"type":"cond-expr","locations":[{"start":{"line":27,"column":28},"end":{"line":27,"column":33}},{"start":{"line":27,"column":36},"end":{"line":27,"column":40}}]}}},"/home/devbox/Documents/glayzzle/php-parser/src/ast/block.js":{"path":"/home/devbox/Documents/glayzzle/php-parser/src/ast/block.js","s":{"1":1,"2":1,"3":1,"4":6,"5":6,"6":1},"b":{"1":[6,0]},"f":{"1":6},"fnMap":{"1":{"name":"Block","line":16,"loc":{"start":{"line":16,"column":30},"end":{"line":16,"column":71}}}},"statementMap":{"1":{"start":{"line":7,"column":0},"end":{"line":7,"column":39}},"2":{"start":{"line":8,"column":0},"end":{"line":8,"column":19}},"3":{"start":{"line":16,"column":0},"end":{"line":19,"column":3}},"4":{"start":{"line":17,"column":2},"end":{"line":17,"column":50}},"5":{"start":{"line":18,"column":2},"end":{"line":18,"column":27}},"6":{"start":{"line":21,"column":0},"end":{"line":21,"column":23}}},"branchMap":{"1":{"line":17,"type":"binary-expr","locations":[{"start":{"line":17,"column":25},"end":{"line":17,"column":29}},{"start":{"line":17,"column":33},"end":{"line":17,"column":37}}]}}},"/home/devbox/Documents/glayzzle/php-parser/src/ast/clone.js":{"path":"/home/devbox/Documents/glayzzle/php-parser/src/ast/clone.js","s":{"1":1,"2":1,"3":1,"4":1,"5":1,"6":1},"b":{},"f":{"1":1},"fnMap":{"1":{"name":"Clone","line":16,"loc":{"start":{"line":16,"column":30},"end":{"line":16,"column":61}}}},"statementMap":{"1":{"start":{"line":7,"column":0},"end":{"line":7,"column":39}},"2":{"start":{"line":8,"column":0},"end":{"line":8,"column":19}},"3":{"start":{"line":16,"column":0},"end":{"line":19,"column":3}},"4":{"start":{"line":17,"column":2},"end":{"line":17,"column":42}},"5":{"start":{"line":18,"column":2},"end":{"line":18,"column":19}},"6":{"start":{"line":21,"column":0},"end":{"line":21,"column":23}}},"branchMap":{}},"/home/devbox/Documents/glayzzle/php-parser/src/ast/echo.js":{"path":"/home/devbox/Documents/glayzzle/php-parser/src/ast/echo.js","s":{"1":1,"2":1,"3":1,"4":4,"5":1},"b":{},"f":{"1":4},"fnMap":{"1":{"name":"Echo","line":15,"loc":{"start":{"line":15,"column":23},"end":{"line":15,"column":53}}}},"statementMap":{"1":{"start":{"line":7,"column":0},"end":{"line":7,"column":27}},"2":{"start":{"line":8,"column":0},"end":{"line":8,"column":18}},"3":{"start":{"line":15,"column":0},"end":{"line":17,"column":3}},"4":{"start":{"line":16,"column":2},"end":{"line":16,"column":42}},"5":{"start":{"line":19,"column":0},"end":{"line":19,"column":22}}},"branchMap":{}},"/home/devbox/Documents/glayzzle/php-parser/src/ast/sys.js":{"path":"/home/devbox/Documents/glayzzle/php-parser/src/ast/sys.js","s":{"1":1,"2":1,"3":1,"4":6,"5":6,"6":1},"b":{"1":[6,0]},"f":{"1":6},"fnMap":{"1":{"name":"Sys","line":16,"loc":{"start":{"line":16,"column":28},"end":{"line":16,"column":63}}}},"statementMap":{"1":{"start":{"line":7,"column":0},"end":{"line":7,"column":39}},"2":{"start":{"line":8,"column":0},"end":{"line":8,"column":17}},"3":{"start":{"line":16,"column":0},"end":{"line":19,"column":3}},"4":{"start":{"line":17,"column":2},"end":{"line":17,"column":50}},"5":{"start":{"line":18,"column":2},"end":{"line":18,"column":24}},"6":{"start":{"line":21,"column":0},"end":{"line":21,"column":21}}},"branchMap":{"1":{"line":17,"type":"binary-expr","locations":[{"start":{"line":17,"column":25},"end":{"line":17,"column":29}},{"start":{"line":17,"column":33},"end":{"line":17,"column":37}}]}}},"/home/devbox/Documents/glayzzle/php-parser/src/ast/entry.js":{"path":"/home/devbox/Documents/glayzzle/php-parser/src/ast/entry.js","s":{"1":1,"2":1,"3":1,"4":3,"5":3,"6":3,"7":1},"b":{},"f":{"1":3},"fnMap":{"1":{"name":"Entry","line":17,"loc":{"start":{"line":17,"column":25},"end":{"line":17,"column":62}}}},"statementMap":{"1":{"start":{"line":7,"column":0},"end":{"line":7,"column":29}},"2":{"start":{"line":8,"column":0},"end":{"line":8,"column":19}},"3":{"start":{"line":17,"column":0},"end":{"line":21,"column":3}},"4":{"start":{"line":18,"column":2},"end":{"line":18,"column":37}},"5":{"start":{"line":19,"column":2},"end":{"line":19,"column":17}},"6":{"start":{"line":20,"column":2},"end":{"line":20,"column":21}},"7":{"start":{"line":23,"column":0},"end":{"line":23,"column":23}}},"branchMap":{}},"/home/devbox/Documents/glayzzle/php-parser/src/ast/error.js":{"path":"/home/devbox/Documents/glayzzle/php-parser/src/ast/error.js","s":{"1":1,"2":1,"3":1,"4":0,"5":0,"6":0,"7":0,"8":0,"9":1},"b":{},"f":{"1":0},"fnMap":{"1":{"name":"Error","line":20,"loc":{"start":{"line":20,"column":25},"end":{"line":20,"column":82}}}},"statementMap":{"1":{"start":{"line":7,"column":0},"end":{"line":7,"column":29}},"2":{"start":{"line":8,"column":0},"end":{"line":8,"column":19}},"3":{"start":{"line":20,"column":0},"end":{"line":26,"column":3}},"4":{"start":{"line":21,"column":2},"end":{"line":21,"column":37}},"5":{"start":{"line":22,"column":2},"end":{"line":22,"column":25}},"6":{"start":{"line":23,"column":2},"end":{"line":23,"column":21}},"7":{"start":{"line":24,"column":2},"end":{"line":24,"column":19}},"8":{"start":{"line":25,"column":2},"end":{"line":25,"column":27}},"9":{"start":{"line":28,"column":0},"end":{"line":28,"column":23}}},"branchMap":{}},"/home/devbox/Documents/glayzzle/php-parser/src/ast/inline.js":{"path":"/home/devbox/Documents/glayzzle/php-parser/src/ast/inline.js","s":{"1":1,"2":1,"3":1,"4":2,"5":1},"b":{},"f":{"1":2},"fnMap":{"1":{"name":"Inline","line":15,"loc":{"start":{"line":15,"column":29},"end":{"line":15,"column":62}}}},"statementMap":{"1":{"start":{"line":7,"column":0},"end":{"line":7,"column":35}},"2":{"start":{"line":8,"column":0},"end":{"line":8,"column":20}},"3":{"start":{"line":15,"column":0},"end":{"line":17,"column":3}},"4":{"start":{"line":16,"column":2},"end":{"line":16,"column":47}},"5":{"start":{"line":19,"column":0},"end":{"line":19,"column":24}}},"branchMap":{}},"/home/devbox/Documents/glayzzle/php-parser/src/ast/literal.js":{"path":"/home/devbox/Documents/glayzzle/php-parser/src/ast/literal.js","s":{"1":1,"2":1,"3":1,"4":10,"5":10,"6":1},"b":{"1":[10,0]},"f":{"1":10},"fnMap":{"1":{"name":"Literal","line":16,"loc":{"start":{"line":16,"column":27},"end":{"line":16,"column":67}}}},"statementMap":{"1":{"start":{"line":7,"column":0},"end":{"line":7,"column":35}},"2":{"start":{"line":8,"column":0},"end":{"line":8,"column":21}},"3":{"start":{"line":16,"column":0},"end":{"line":19,"column":3}},"4":{"start":{"line":17,"column":2},"end":{"line":17,"column":45}},"5":{"start":{"line":18,"column":2},"end":{"line":18,"column":21}},"6":{"start":{"line":21,"column":0},"end":{"line":21,"column":25}}},"branchMap":{"1":{"line":17,"type":"binary-expr","locations":[{"start":{"line":17,"column":20},"end":{"line":17,"column":24}},{"start":{"line":17,"column":28},"end":{"line":17,"column":32}}]}}},"/home/devbox/Documents/glayzzle/php-parser/src/ast/isset.js":{"path":"/home/devbox/Documents/glayzzle/php-parser/src/ast/isset.js","s":{"1":1,"2":1,"3":1,"4":1,"5":1},"b":{},"f":{"1":1},"fnMap":{"1":{"name":"Isset","line":15,"loc":{"start":{"line":15,"column":24},"end":{"line":15,"column":55}}}},"statementMap":{"1":{"start":{"line":7,"column":0},"end":{"line":7,"column":27}},"2":{"start":{"line":8,"column":0},"end":{"line":8,"column":19}},"3":{"start":{"line":15,"column":0},"end":{"line":17,"column":3}},"4":{"start":{"line":16,"column":2},"end":{"line":16,"column":42}},"5":{"start":{"line":19,"column":0},"end":{"line":19,"column":23}}},"branchMap":{}},"/home/devbox/Documents/glayzzle/php-parser/src/ast/magic.js":{"path":"/home/devbox/Documents/glayzzle/php-parser/src/ast/magic.js","s":{"1":1,"2":1,"3":1,"4":2,"5":1},"b":{},"f":{"1":2},"fnMap":{"1":{"name":"Magic","line":15,"loc":{"start":{"line":15,"column":28},"end":{"line":15,"column":60}}}},"statementMap":{"1":{"start":{"line":7,"column":0},"end":{"line":7,"column":35}},"2":{"start":{"line":8,"column":0},"end":{"line":8,"column":19}},"3":{"start":{"line":15,"column":0},"end":{"line":17,"column":3}},"4":{"start":{"line":16,"column":2},"end":{"line":16,"column":47}},"5":{"start":{"line":19,"column":0},"end":{"line":19,"column":23}}},"branchMap":{}},"/home/devbox/Documents/glayzzle/php-parser/src/ast/namespace.js":{"path":"/home/devbox/Documents/glayzzle/php-parser/src/ast/namespace.js","s":{"1":1,"2":1,"3":1,"4":1,"5":0,"6":0,"7":0,"8":0,"9":0,"10":1},"b":{"1":[0,0],"2":[0,0]},"f":{"1":0},"fnMap":{"1":{"name":"Namespace","line":18,"loc":{"start":{"line":18,"column":30},"end":{"line":18,"column":89}}}},"statementMap":{"1":{"start":{"line":7,"column":0},"end":{"line":7,"column":31}},"2":{"start":{"line":8,"column":0},"end":{"line":8,"column":41}},"3":{"start":{"line":9,"column":0},"end":{"line":9,"column":23}},"4":{"start":{"line":18,"column":0},"end":{"line":26,"column":3}},"5":{"start":{"line":19,"column":2},"end":{"line":19,"column":48}},"6":{"start":{"line":20,"column":2},"end":{"line":24,"column":3}},"7":{"start":{"line":21,"column":4},"end":{"line":21,"column":21}},"8":{"start":{"line":23,"column":4},"end":{"line":23,"column":37}},"9":{"start":{"line":25,"column":2},"end":{"line":25,"column":44}},"10":{"start":{"line":28,"column":0},"end":{"line":28,"column":27}}},"branchMap":{"1":{"line":20,"type":"if","locations":[{"start":{"line":20,"column":2},"end":{"line":20,"column":2}},{"start":{"line":20,"column":2},"end":{"line":20,"column":2}}]},"2":{"line":25,"type":"binary-expr","locations":[{"start":{"line":25,"column":22},"end":{"line":25,"column":34}},{"start":{"line":25,"column":38},"end":{"line":25,"column":43}}]}}},"/home/devbox/Documents/glayzzle/php-parser/src/ast/identifier.js":{"path":"/home/devbox/Documents/glayzzle/php-parser/src/ast/identifier.js","s":{"1":1,"2":1,"3":1,"4":0,"5":0,"6":0,"7":0,"8":0,"9":1},"b":{"1":[0,0],"2":[0,0]},"f":{"1":0},"fnMap":{"1":{"name":"Identifier","line":18,"loc":{"start":{"line":18,"column":30},"end":{"line":18,"column":71}}}},"statementMap":{"1":{"start":{"line":7,"column":0},"end":{"line":7,"column":29}},"2":{"start":{"line":8,"column":0},"end":{"line":8,"column":24}},"3":{"start":{"line":18,"column":0},"end":{"line":26,"column":3}},"4":{"start":{"line":19,"column":2},"end":{"line":19,"column":37}},"5":{"start":{"line":20,"column":2},"end":{"line":20,"column":59}},"6":{"start":{"line":21,"column":2},"end":{"line":25,"column":3}},"7":{"start":{"line":22,"column":4},"end":{"line":22,"column":37}},"8":{"start":{"line":24,"column":4},"end":{"line":24,"column":19}},"9":{"start":{"line":28,"column":0},"end":{"line":28,"column":28}}},"branchMap":{"1":{"line":20,"type":"cond-expr","locations":[{"start":{"line":20,"column":36},"end":{"line":20,"column":51}},{"start":{"line":20,"column":54},"end":{"line":20,"column":58}}]},"2":{"line":21,"type":"if","locations":[{"start":{"line":21,"column":2},"end":{"line":21,"column":2}},{"start":{"line":21,"column":2},"end":{"line":21,"column":2}}]}}},"/home/devbox/Documents/glayzzle/php-parser/src/ast/program.js":{"path":"/home/devbox/Documents/glayzzle/php-parser/src/ast/program.js","s":{"1":1,"2":1,"3":1,"4":6,"5":6,"6":1},"b":{},"f":{"1":6},"fnMap":{"1":{"name":"Program","line":16,"loc":{"start":{"line":16,"column":28},"end":{"line":16,"column":73}}}},"statementMap":{"1":{"start":{"line":7,"column":0},"end":{"line":7,"column":31}},"2":{"start":{"line":8,"column":0},"end":{"line":8,"column":21}},"3":{"start":{"line":16,"column":0},"end":{"line":19,"column":3}},"4":{"start":{"line":17,"column":2},"end":{"line":17,"column":48}},"5":{"start":{"line":18,"column":2},"end":{"line":18,"column":23}},"6":{"start":{"line":21,"column":0},"end":{"line":21,"column":25}}},"branchMap":{}},"/home/devbox/Documents/glayzzle/php-parser/src/ast/shell.js":{"path":"/home/devbox/Documents/glayzzle/php-parser/src/ast/shell.js","s":{"1":1,"2":1,"3":1,"4":1,"5":1},"b":{},"f":{"1":1},"fnMap":{"1":{"name":"Shell","line":16,"loc":{"start":{"line":16,"column":28},"end":{"line":16,"column":60}}}},"statementMap":{"1":{"start":{"line":7,"column":0},"end":{"line":7,"column":35}},"2":{"start":{"line":8,"column":0},"end":{"line":8,"column":19}},"3":{"start":{"line":16,"column":0},"end":{"line":18,"column":3}},"4":{"start":{"line":17,"column":2},"end":{"line":17,"column":47}},"5":{"start":{"line":20,"column":0},"end":{"line":20,"column":23}}},"branchMap":{}},"/home/devbox/Documents/glayzzle/php-parser/src/ast/string.js":{"path":"/home/devbox/Documents/glayzzle/php-parser/src/ast/string.js","s":{"1":1,"2":1,"3":1,"4":5,"5":5,"6":1},"b":{},"f":{"1":5},"fnMap":{"1":{"name":"String","line":17,"loc":{"start":{"line":17,"column":29},"end":{"line":17,"column":77}}}},"statementMap":{"1":{"start":{"line":7,"column":0},"end":{"line":7,"column":35}},"2":{"start":{"line":8,"column":0},"end":{"line":8,"column":20}},"3":{"start":{"line":17,"column":0},"end":{"line":20,"column":3}},"4":{"start":{"line":18,"column":2},"end":{"line":18,"column":47}},"5":{"start":{"line":19,"column":2},"end":{"line":19,"column":37}},"6":{"start":{"line":22,"column":0},"end":{"line":22,"column":24}}},"branchMap":{}},"/home/devbox/Documents/glayzzle/php-parser/src/ast/unset.js":{"path":"/home/devbox/Documents/glayzzle/php-parser/src/ast/unset.js","s":{"1":1,"2":1,"3":1,"4":1,"5":1},"b":{},"f":{"1":1},"fnMap":{"1":{"name":"Unset","line":15,"loc":{"start":{"line":15,"column":24},"end":{"line":15,"column":55}}}},"statementMap":{"1":{"start":{"line":7,"column":0},"end":{"line":7,"column":27}},"2":{"start":{"line":8,"column":0},"end":{"line":8,"column":19}},"3":{"start":{"line":15,"column":0},"end":{"line":17,"column":3}},"4":{"start":{"line":16,"column":2},"end":{"line":16,"column":42}},"5":{"start":{"line":19,"column":0},"end":{"line":19,"column":23}}},"branchMap":{}},"/home/devbox/Documents/glayzzle/php-parser/src/ast/variable.js":{"path":"/home/devbox/Documents/glayzzle/php-parser/src/ast/variable.js","s":{"1":1,"2":1,"3":1,"4":4,"5":4,"6":1},"b":{},"f":{"1":4},"fnMap":{"1":{"name":"Variable","line":17,"loc":{"start":{"line":17,"column":28},"end":{"line":17,"column":68}}}},"statementMap":{"1":{"start":{"line":7,"column":0},"end":{"line":7,"column":35}},"2":{"start":{"line":8,"column":0},"end":{"line":8,"column":22}},"3":{"start":{"line":17,"column":0},"end":{"line":20,"column":3}},"4":{"start":{"line":18,"column":2},"end":{"line":18,"column":37}},"5":{"start":{"line":19,"column":2},"end":{"line":19,"column":31}},"6":{"start":{"line":22,"column":0},"end":{"line":22,"column":26}}},"branchMap":{}}}