TN:
SF:/home/devbox/Documents/glayzzle/php-parser/src/index.js
FN:15,combine
FN:44,(anonymous_2)
FN:62,(anonymous_3)
FN:69,(anonymous_4)
FN:78,(anonymous_5)
FN:87,(anonymous_6)
FN:95,(anonymous_7)
FN:104,(anonymous_8)
FN:112,(anonymous_9)
FNF:9
FNH:6
FNDA:4,combine
FNDA:7,(anonymous_2)
FNDA:0,(anonymous_3)
FNDA:5,(anonymous_4)
FNDA:5,(anonymous_5)
FNDA:1,(anonymous_6)
FNDA:1,(anonymous_7)
FNDA:0,(anonymous_8)
FNDA:0,(anonymous_9)
DA:7,1
DA:8,1
DA:9,1
DA:10,1
DA:15,1
DA:16,4
DA:17,4
DA:18,4
DA:19,6
DA:20,6
DA:21,6
DA:22,0
DA:23,6
DA:24,0
DA:25,6
DA:26,0
DA:27,6
DA:28,2
DA:30,4
DA:33,4
DA:44,1
DA:45,7
DA:46,0
DA:48,7
DA:49,7
DA:50,7
DA:51,7
DA:52,7
DA:53,2
DA:62,1
DA:63,0
DA:69,1
DA:70,5
DA:71,5
DA:78,1
DA:79,5
DA:80,5
DA:81,5
DA:87,1
DA:88,1
DA:89,1
DA:95,1
DA:96,1
DA:97,1
DA:98,1
DA:104,1
DA:105,0
DA:106,0
DA:112,1
DA:113,0
DA:114,0
DA:115,0
DA:116,0
DA:117,0
DA:118,0
DA:119,0
DA:120,0
DA:121,0
DA:122,0
DA:123,0
DA:125,0
DA:126,0
DA:128,0
DA:132,1
LF:64
LH:43
BRDA:21,1,0,0
BRDA:21,1,1,6
BRDA:23,2,0,0
BRDA:23,2,1,6
BRDA:25,3,0,0
BRDA:25,3,1,6
BRDA:26,4,0,0
BRDA:26,4,1,0
BRDA:27,5,0,2
BRDA:27,5,1,4
BRDA:28,6,0,2
BRDA:28,6,1,0
BRDA:45,7,0,0
BRDA:45,7,1,7
BRDA:52,8,0,2
BRDA:52,8,1,5
BRDA:52,9,0,7
BRDA:52,9,1,2
BRDA:118,10,0,0
BRDA:118,10,1,0
BRDA:122,11,0,0
BRDA:122,11,1,0
BRDA:126,12,0,0
BRDA:126,12,1,0
BRF:24
BRH:11
end_of_record
TN:
SF:/home/devbox/Documents/glayzzle/php-parser/src/lexer.js
FN:21,(anonymous_1)
FN:126,(anonymous_2)
FN:155,(anonymous_3)
FN:177,(anonymous_4)
FN:233,(anonymous_5)
FN:238,(anonymous_6)
FN:243,(anonymous_7)
FN:252,(anonymous_8)
FN:277,(anonymous_9)
FN:296,(anonymous_10)
FN:306,(anonymous_11)
FN:312,(anonymous_12)
FN:341,(anonymous_13)
FN:352,(anonymous_14)
FN:364,(anonymous_15)
FN:404,(anonymous_16)
FNF:16
FNH:14
FNDA:7,(anonymous_1)
FNDA:6,(anonymous_2)
FNDA:197,(anonymous_3)
FNDA:36,(anonymous_4)
FNDA:2,(anonymous_5)
FNDA:1,(anonymous_6)
FNDA:4,(anonymous_7)
FNDA:2,(anonymous_8)
FNDA:0,(anonymous_9)
FNDA:0,(anonymous_10)
FNDA:2,(anonymous_11)
FNDA:51,(anonymous_12)
FNDA:9,(anonymous_13)
FNDA:1,(anonymous_14)
FNDA:68,(anonymous_15)
FNDA:8,(anonymous_16)
DA:21,1
DA:22,7
DA:23,7
DA:24,7
DA:25,7
DA:26,7
DA:27,7
DA:28,7
DA:29,7
DA:30,7
DA:31,7
DA:107,7
DA:126,1
DA:127,6
DA:128,6
DA:129,6
DA:130,6
DA:131,6
DA:132,6
DA:133,6
DA:140,6
DA:141,6
DA:142,6
DA:143,6
DA:144,5
DA:146,1
DA:148,6
DA:155,1
DA:156,197
DA:157,197
DA:158,197
DA:159,197
DA:160,197
DA:161,0
DA:162,0
DA:164,197
DA:165,11
DA:166,11
DA:167,11
DA:169,186
DA:171,197
DA:177,1
DA:178,36
DA:180,35
DA:181,35
DA:182,0
DA:183,0
DA:185,35
DA:186,1
DA:187,1
DA:188,1
DA:190,35
DA:191,1
DA:192,1
DA:193,1
DA:194,1
DA:196,1
DA:197,1
DA:198,1
DA:199,1
DA:200,1
DA:201,0
DA:202,0
DA:203,0
DA:204,0
DA:205,0
DA:206,0
DA:207,0
DA:209,0
DA:212,1
DA:213,0
DA:214,0
DA:215,0
DA:217,1
DA:220,1
DA:223,0
DA:224,0
DA:225,0
DA:229,36
DA:233,1
DA:234,2
DA:238,1
DA:239,1
DA:243,1
DA:244,4
DA:245,4
DA:246,0
DA:248,4
DA:252,1
DA:253,2
DA:254,7
DA:255,7
DA:256,7
DA:257,7
DA:258,7
DA:259,0
DA:260,0
DA:261,0
DA:263,7
DA:264,0
DA:265,0
DA:266,0
DA:268,7
DA:271,2
DA:277,1
DA:278,0
DA:296,1
DA:297,0
DA:298,0
DA:299,0
DA:300,0
DA:301,0
DA:302,0
DA:306,1
DA:307,2
DA:308,2
DA:312,1
DA:313,51
DA:314,51
DA:315,51
DA:330,17
DA:332,51
DA:334,0
DA:337,51
DA:341,1
DA:342,9
DA:343,9
DA:344,9
DA:345,9
DA:346,0
DA:348,9
DA:352,1
DA:353,1
DA:354,1
DA:355,1
DA:356,1
DA:357,1
DA:358,0
DA:360,1
DA:364,1
DA:365,68
DA:366,68
DA:367,0
DA:369,68
DA:370,6
DA:372,62
DA:373,62
DA:374,62
DA:375,62
DA:376,62
DA:377,2
DA:378,2
DA:379,0
DA:381,2
DA:383,2
DA:385,60
DA:387,62
DA:388,6
DA:390,62
DA:395,1
DA:405,8
DA:406,35
DA:410,1
LF:163
LH:126
BRDA:143,1,0,5
BRDA:143,1,1,1
BRDA:143,2,0,6
BRDA:143,2,1,6
BRDA:157,3,0,0
BRDA:157,3,1,197
BRDA:160,4,0,0
BRDA:160,4,1,197
BRDA:160,5,0,197
BRDA:160,5,1,0
BRDA:164,6,0,11
BRDA:164,6,1,186
BRDA:164,7,0,197
BRDA:164,7,1,186
BRDA:178,8,0,35
BRDA:178,8,1,1
BRDA:181,9,0,0
BRDA:181,9,1,35
BRDA:181,10,0,35
BRDA:181,10,1,1
BRDA:185,11,0,1
BRDA:185,11,1,34
BRDA:185,12,0,35
BRDA:185,12,1,35
BRDA:191,13,0,1
BRDA:191,13,1,0
BRDA:193,14,0,1
BRDA:193,14,1,0
BRDA:200,15,0,0
BRDA:200,15,1,1
BRDA:205,16,0,0
BRDA:205,16,1,0
BRDA:206,17,0,0
BRDA:206,17,1,0
BRDA:212,18,0,0
BRDA:212,18,1,1
BRDA:245,19,0,0
BRDA:245,19,1,4
BRDA:245,20,0,4
BRDA:245,20,1,0
BRDA:255,21,0,0
BRDA:255,21,1,7
BRDA:258,22,0,0
BRDA:258,22,1,7
BRDA:258,23,0,7
BRDA:258,23,1,0
BRDA:263,24,0,0
BRDA:263,24,1,7
BRDA:263,25,0,7
BRDA:263,25,1,7
BRDA:313,26,0,51
BRDA:313,26,1,0
BRDA:314,27,0,51
BRDA:314,27,1,0
BRDA:316,28,0,68
BRDA:316,28,1,52
BRDA:316,28,2,52
BRDA:316,28,3,52
BRDA:316,28,4,52
BRDA:316,28,5,8
BRDA:330,29,0,17
BRDA:330,29,1,0
BRDA:332,30,0,0
BRDA:332,30,1,51
BRDA:332,31,0,51
BRDA:332,31,1,7
BRDA:345,32,0,0
BRDA:345,32,1,9
BRDA:354,33,0,1
BRDA:354,33,1,0
BRDA:357,34,0,0
BRDA:357,34,1,1
BRDA:366,35,0,0
BRDA:366,35,1,68
BRDA:369,36,0,6
BRDA:369,36,1,62
BRDA:376,37,0,2
BRDA:376,37,1,60
BRDA:378,38,0,0
BRDA:378,38,1,2
BRDA:387,39,0,6
BRDA:387,39,1,56
BRDA:387,40,0,62
BRDA:387,40,1,6
BRF:84
BRH:57
end_of_record
TN:
SF:/home/devbox/Documents/glayzzle/php-parser/src/lexer/comments.js
FN:7,(anonymous_1)
FN:25,(anonymous_2)
FNF:2
FNH:0
FNDA:0,(anonymous_1)
FNDA:0,(anonymous_2)
DA:6,1
DA:8,0
DA:9,0
DA:10,0
DA:11,0
DA:12,0
DA:13,0
DA:14,0
DA:15,0
DA:16,0
DA:17,0
DA:20,0
DA:26,0
DA:27,0
DA:28,0
DA:29,0
DA:30,0
DA:31,0
DA:33,0
DA:34,0
DA:36,0
DA:39,0
DA:40,0
DA:41,0
DA:42,0
DA:43,0
DA:46,0
LF:27
LH:1
BRDA:10,1,0,0
BRDA:10,1,1,0
BRDA:10,2,0,0
BRDA:10,2,1,0
BRDA:12,3,0,0
BRDA:12,3,1,0
BRDA:12,4,0,0
BRDA:12,4,1,0
BRDA:12,4,2,0
BRDA:15,5,0,0
BRDA:15,5,1,0
BRDA:15,6,0,0
BRDA:15,6,1,0
BRDA:15,6,2,0
BRDA:28,7,0,0
BRDA:28,7,1,0
BRDA:30,8,0,0
BRDA:30,8,1,0
BRDA:33,9,0,0
BRDA:33,9,1,0
BRDA:41,10,0,0
BRDA:41,10,1,0
BRDA:41,11,0,0
BRDA:41,11,1,0
BRF:24
BRH:0
end_of_record
TN:
SF:/home/devbox/Documents/glayzzle/php-parser/src/lexer/initial.js
FN:7,(anonymous_1)
FN:19,(anonymous_2)
FNF:2
FNH:2
FNDA:1,(anonymous_1)
FNDA:2,(anonymous_2)
DA:6,1
DA:8,1
DA:13,0
DA:15,1
DA:17,1
DA:20,2
DA:21,9
DA:22,9
DA:23,1
DA:24,1
DA:25,1
DA:26,0
DA:27,0
DA:28,1
DA:29,1
DA:30,1
DA:31,1
DA:32,1
DA:35,0
DA:36,0
DA:37,0
DA:39,0
DA:40,0
DA:41,0
DA:42,0
DA:43,0
DA:45,0
DA:46,0
DA:47,0
DA:52,2
DA:53,2
DA:55,0
LF:32
LH:17
BRDA:8,1,0,0
BRDA:8,1,1,1
BRDA:9,2,0,1
BRDA:9,2,1,0
BRDA:22,3,0,1
BRDA:22,3,1,8
BRDA:24,4,0,1
BRDA:24,4,1,0
BRDA:25,5,0,0
BRDA:25,5,1,1
BRDA:28,6,0,1
BRDA:28,6,1,0
BRDA:30,7,0,1
BRDA:30,7,1,0
BRDA:30,8,0,1
BRDA:30,8,1,0
BRDA:30,8,2,0
BRDA:30,8,3,0
BRDA:35,9,0,0
BRDA:35,9,1,0
BRDA:39,10,0,0
BRDA:39,10,1,0
BRDA:39,11,0,0
BRDA:39,11,1,0
BRDA:40,12,0,0
BRDA:40,12,1,0
BRDA:52,13,0,2
BRDA:52,13,1,0
BRF:28
BRH:10
end_of_record
TN:
SF:/home/devbox/Documents/glayzzle/php-parser/src/lexer/numbers.js
FN:19,(anonymous_1)
FN:88,(anonymous_2)
FN:99,(anonymous_3)
FN:110,(anonymous_4)
FNF:4
FNH:0
FNDA:0,(anonymous_1)
FNDA:0,(anonymous_2)
FNDA:0,(anonymous_3)
FNDA:0,(anonymous_4)
DA:8,1
DA:9,1
DA:10,1
DA:11,1
DA:13,0
DA:14,0
DA:15,0
DA:18,1
DA:20,0
DA:21,0
DA:22,0
DA:23,0
DA:25,0
DA:26,0
DA:27,0
DA:28,0
DA:30,0
DA:32,0
DA:33,0
DA:34,0
DA:35,0
DA:37,0
DA:39,0
DA:40,0
DA:44,0
DA:45,0
DA:46,0
DA:47,0
DA:48,0
DA:49,0
DA:50,0
DA:51,0
DA:52,0
DA:53,0
DA:54,0
DA:55,0
DA:57,0
DA:58,0
DA:60,0
DA:61,0
DA:62,0
DA:64,0
DA:65,0
DA:68,0
DA:69,0
DA:73,0
DA:74,0
DA:75,0
DA:76,0
DA:78,0
DA:82,0
DA:84,0
DA:89,0
DA:90,0
DA:91,0
DA:92,0
DA:93,0
DA:96,0
DA:100,0
DA:101,0
DA:102,0
DA:103,0
DA:104,0
DA:107,0
DA:111,0
DA:112,0
DA:113,0
DA:114,0
DA:115,0
DA:116,0
DA:119,0
LF:71
LH:5
BRDA:8,1,0,1
BRDA:8,1,1,0
BRDA:22,2,0,0
BRDA:22,2,1,0
BRDA:25,3,0,0
BRDA:25,3,1,0
BRDA:25,4,0,0
BRDA:25,4,1,0
BRDA:27,5,0,0
BRDA:27,5,1,0
BRDA:32,6,0,0
BRDA:32,6,1,0
BRDA:32,7,0,0
BRDA:32,7,1,0
BRDA:34,8,0,0
BRDA:34,8,1,0
BRDA:34,9,0,0
BRDA:34,9,1,0
BRDA:39,10,0,0
BRDA:39,10,1,0
BRDA:46,11,0,0
BRDA:46,11,1,0
BRDA:47,12,0,0
BRDA:47,12,1,0
BRDA:47,13,0,0
BRDA:47,13,1,0
BRDA:49,14,0,0
BRDA:49,14,1,0
BRDA:49,15,0,0
BRDA:49,15,1,0
BRDA:51,16,0,0
BRDA:51,16,1,0
BRDA:51,17,0,0
BRDA:51,17,1,0
BRDA:53,18,0,0
BRDA:53,18,1,0
BRDA:60,19,0,0
BRDA:60,19,1,0
BRDA:73,20,0,0
BRDA:73,20,1,0
BRDA:75,21,0,0
BRDA:75,21,1,0
BRDA:78,22,0,0
BRDA:78,22,1,0
BRDA:79,23,0,0
BRDA:79,23,1,0
BRDA:91,24,0,0
BRDA:91,24,1,0
BRDA:102,25,0,0
BRDA:102,25,1,0
BRDA:114,26,0,0
BRDA:114,26,1,0
BRDA:114,27,0,0
BRDA:114,27,1,0
BRF:54
BRH:1
end_of_record
TN:
SF:/home/devbox/Documents/glayzzle/php-parser/src/lexer/property.js
FN:7,(anonymous_1)
FN:23,(anonymous_2)
FN:45,(anonymous_3)
FNF:3
FNH:0
FNDA:0,(anonymous_1)
FNDA:0,(anonymous_2)
FNDA:0,(anonymous_3)
DA:6,1
DA:8,0
DA:9,0
DA:10,0
DA:11,0
DA:12,0
DA:14,0
DA:15,0
DA:16,0
DA:17,0
DA:19,0
DA:20,0
DA:21,0
DA:24,0
DA:25,0
DA:26,0
DA:27,0
DA:28,0
DA:29,0
DA:30,0
DA:31,0
DA:32,0
DA:34,0
DA:35,0
DA:38,0
DA:39,0
DA:40,0
DA:42,0
DA:46,0
DA:47,0
DA:48,0
DA:49,0
DA:50,0
DA:51,0
DA:52,0
DA:53,0
DA:54,0
DA:55,0
DA:56,0
DA:57,0
DA:59,0
DA:61,0
DA:62,0
DA:63,0
DA:64,0
DA:65,0
DA:66,0
DA:67,0
DA:69,0
LF:49
LH:1
BRDA:9,1,0,0
BRDA:9,1,1,0
BRDA:11,2,0,0
BRDA:11,2,1,0
BRDA:15,3,0,0
BRDA:15,3,1,0
BRDA:25,4,0,0
BRDA:25,4,1,0
BRDA:29,5,0,0
BRDA:29,5,1,0
BRDA:29,6,0,0
BRDA:29,6,1,0
BRDA:47,7,0,0
BRDA:47,7,1,0
BRDA:50,8,0,0
BRDA:50,8,1,0
BRDA:53,9,0,0
BRDA:53,9,1,0
BRDA:55,10,0,0
BRDA:55,10,1,0
BRDA:61,11,0,0
BRDA:61,11,1,0
BRDA:64,12,0,0
BRDA:64,12,1,0
BRDA:64,13,0,0
BRDA:64,13,1,0
BRDA:64,13,2,0
BRDA:64,13,3,0
BRDA:66,14,0,0
BRDA:66,14,1,0
BRDA:66,15,0,0
BRDA:66,15,1,0
BRDA:66,15,2,0
BRDA:66,15,3,0
BRDA:66,15,4,0
BRDA:66,15,5,0
BRF:36
BRH:0
end_of_record
TN:
SF:/home/devbox/Documents/glayzzle/php-parser/src/lexer/scripting.js
FN:7,(anonymous_1)
FN:89,(anonymous_2)
FNF:2
FNH:2
FNDA:57,(anonymous_1)
FNDA:16,(anonymous_2)
DA:6,1
DA:8,57
DA:9,57
DA:15,16
DA:17,0
DA:19,0
DA:20,0
DA:21,0
DA:22,0
DA:23,0
DA:25,0
DA:27,0
DA:29,4
DA:31,1
DA:32,1
DA:34,1
DA:35,1
DA:36,1
DA:37,1
DA:38,1
DA:39,1
DA:41,1
DA:43,0
DA:45,0
DA:46,0
DA:47,0
DA:48,0
DA:49,0
DA:51,0
DA:52,0
DA:53,0
DA:55,0
DA:57,0
DA:59,0
DA:60,0
DA:62,0
DA:64,0
DA:66,0
DA:68,35
DA:69,0
DA:70,0
DA:71,0
DA:73,0
DA:76,35
DA:77,0
DA:78,35
DA:79,11
DA:80,24
DA:81,24
DA:84,0
DA:90,16
DA:91,19
DA:92,19
DA:93,5
DA:95,14
DA:96,14
DA:98,16
LF:57
LH:27
BRDA:9,1,0,8
BRDA:9,1,1,8
BRDA:9,1,2,16
BRDA:9,1,3,16
BRDA:9,1,4,16
BRDA:9,1,5,0
BRDA:9,1,6,0
BRDA:9,1,7,0
BRDA:9,1,8,4
BRDA:9,1,9,1
BRDA:9,1,10,1
BRDA:9,1,11,0
BRDA:9,1,12,0
BRDA:9,1,13,0
BRDA:9,1,14,35
BRDA:19,2,0,0
BRDA:19,2,1,0
BRDA:21,3,0,0
BRDA:21,3,1,0
BRDA:34,4,0,1
BRDA:34,4,1,0
BRDA:34,5,0,1
BRDA:34,5,1,1
BRDA:37,6,0,0
BRDA:37,6,1,1
BRDA:37,7,0,1
BRDA:37,7,1,1
BRDA:38,8,0,1
BRDA:38,8,1,0
BRDA:45,9,0,0
BRDA:45,9,1,0
BRDA:45,10,0,0
BRDA:45,10,1,0
BRDA:48,11,0,0
BRDA:48,11,1,0
BRDA:48,12,0,0
BRDA:48,12,1,0
BRDA:52,13,0,0
BRDA:52,13,1,0
BRDA:62,14,0,0
BRDA:62,14,1,0
BRDA:68,15,0,0
BRDA:68,15,1,35
BRDA:70,16,0,0
BRDA:70,16,1,0
BRDA:76,17,0,0
BRDA:76,17,1,35
BRDA:78,18,0,11
BRDA:78,18,1,24
BRDA:80,19,0,24
BRDA:80,19,1,0
BRDA:92,20,0,5
BRDA:92,20,1,14
BRDA:92,21,0,19
BRDA:92,21,1,19
BRDA:92,21,2,16
BRDA:92,21,3,14
BRF:57
BRH:27
end_of_record
TN:
SF:/home/devbox/Documents/glayzzle/php-parser/src/lexer/strings.js
FN:7,(anonymous_1)
FN:20,(anonymous_2)
FN:79,(anonymous_3)
FN:123,(anonymous_4)
FN:134,(anonymous_5)
FN:161,(anonymous_6)
FN:236,(anonymous_7)
FN:260,(anonymous_8)
FN:337,(anonymous_9)
FNF:9
FNH:2
FNDA:0,(anonymous_1)
FNDA:0,(anonymous_2)
FNDA:4,(anonymous_3)
FNDA:0,(anonymous_4)
FNDA:0,(anonymous_5)
FNDA:0,(anonymous_6)
FNDA:0,(anonymous_7)
FNDA:1,(anonymous_8)
FNDA:0,(anonymous_9)
DA:6,1
DA:8,0
DA:9,0
DA:10,0
DA:11,0
DA:12,0
DA:13,0
DA:14,0
DA:17,0
DA:21,0
DA:22,0
DA:27,0
DA:30,0
DA:31,0
DA:32,0
DA:33,0
DA:34,0
DA:40,0
DA:41,0
DA:42,0
DA:44,0
DA:48,0
DA:49,0
DA:50,0
DA:51,0
DA:52,0
DA:53,0
DA:56,0
DA:57,0
DA:58,0
DA:60,0
DA:62,0
DA:63,0
DA:64,0
DA:65,0
DA:66,0
DA:67,0
DA:69,0
DA:71,0
DA:76,0
DA:77,0
DA:80,4
DA:81,4
DA:82,24
DA:83,24
DA:84,0
DA:85,24
DA:86,4
DA:87,20
DA:88,0
DA:89,0
DA:90,0
DA:91,0
DA:93,0
DA:94,20
DA:95,0
DA:96,0
DA:97,0
DA:98,0
DA:100,0
DA:103,4
DA:104,4
DA:106,0
DA:107,0
DA:108,0
DA:110,0
DA:111,0
DA:116,0
DA:117,0
DA:118,0
DA:125,0
DA:126,0
DA:127,0
DA:128,0
DA:131,0
DA:136,0
DA:137,0
DA:138,0
DA:139,0
DA:142,0
DA:143,0
DA:144,0
DA:145,0
DA:146,0
DA:147,0
DA:148,0
DA:151,0
DA:154,0
DA:158,0
DA:163,0
DA:164,0
DA:165,0
DA:166,0
DA:167,0
DA:170,0
DA:172,0
DA:173,0
DA:174,0
DA:175,0
DA:179,0
DA:180,0
DA:181,0
DA:182,0
DA:183,0
DA:186,0
DA:188,0
DA:189,0
DA:190,0
DA:192,0
DA:193,0
DA:194,0
DA:195,0
DA:196,0
DA:198,0
DA:200,0
DA:202,0
DA:203,0
DA:204,0
DA:205,0
DA:206,0
DA:207,0
DA:209,0
DA:213,0
DA:214,0
DA:215,0
DA:217,0
DA:218,0
DA:219,0
DA:220,0
DA:221,0
DA:223,0
DA:224,0
DA:228,0
DA:233,0
DA:237,0
DA:238,0
DA:239,0
DA:240,0
DA:241,0
DA:242,0
DA:243,0
DA:244,0
DA:245,0
DA:246,0
DA:247,0
DA:249,0
DA:250,0
DA:252,0
DA:255,0
DA:257,0
DA:262,1
DA:263,1
DA:264,0
DA:265,0
DA:266,0
DA:267,0
DA:268,0
DA:269,0
DA:270,0
DA:272,1
DA:273,0
DA:274,0
DA:275,0
DA:277,1
DA:278,0
DA:279,0
DA:283,1
DA:284,10
DA:285,0
DA:286,10
DA:287,1
DA:288,1
DA:289,1
DA:290,1
DA:291,9
DA:292,0
DA:293,0
DA:294,0
DA:295,0
DA:296,0
DA:297,0
DA:298,0
DA:300,0
DA:302,0
DA:304,0
DA:305,0
DA:306,0
DA:307,0
DA:308,0
DA:309,0
DA:311,0
DA:314,0
DA:315,9
DA:316,0
DA:317,0
DA:319,0
DA:320,0
DA:321,0
DA:322,0
DA:323,0
DA:325,0
DA:326,0
DA:329,0
DA:331,9
DA:333,1
DA:339,0
DA:340,0
DA:341,0
DA:342,0
DA:343,0
DA:344,0
DA:345,0
DA:346,0
DA:347,0
DA:349,0
DA:350,0
DA:351,0
DA:352,0
DA:354,0
DA:355,0
DA:356,0
DA:360,0
DA:361,0
DA:362,0
DA:363,0
DA:364,0
DA:365,0
DA:366,0
DA:367,0
DA:368,0
DA:369,0
DA:370,0
DA:371,0
DA:372,0
DA:373,0
DA:374,0
DA:375,0
DA:377,0
DA:379,0
DA:381,0
DA:382,0
DA:383,0
DA:384,0
DA:385,0
DA:386,0
DA:388,0
DA:391,0
DA:392,0
DA:393,0
DA:394,0
DA:396,0
DA:397,0
DA:398,0
DA:399,0
DA:400,0
DA:402,0
DA:403,0
DA:406,0
DA:408,0
DA:410,0
LF:260
LH:26
BRDA:11,1,0,0
BRDA:11,1,1,0
BRDA:13,2,0,0
BRDA:13,2,1,0
BRDA:22,3,0,0
BRDA:22,3,1,0
BRDA:23,4,0,0
BRDA:23,4,1,0
BRDA:23,4,2,0
BRDA:30,5,0,0
BRDA:30,5,1,0
BRDA:33,6,0,0
BRDA:33,6,1,0
BRDA:41,7,0,0
BRDA:41,7,1,0
BRDA:41,8,0,0
BRDA:41,8,1,0
BRDA:48,9,0,0
BRDA:48,9,1,0
BRDA:52,10,0,0
BRDA:52,10,1,0
BRDA:57,11,0,0
BRDA:57,11,1,0
BRDA:57,12,0,0
BRDA:57,12,1,0
BRDA:58,13,0,0
BRDA:58,13,1,0
BRDA:60,14,0,0
BRDA:60,14,1,0
BRDA:60,15,0,0
BRDA:60,15,1,0
BRDA:66,16,0,0
BRDA:66,16,1,0
BRDA:83,17,0,0
BRDA:83,17,1,24
BRDA:85,18,0,4
BRDA:85,18,1,20
BRDA:87,19,0,0
BRDA:87,19,1,20
BRDA:89,20,0,0
BRDA:89,20,1,0
BRDA:89,21,0,0
BRDA:89,21,1,0
BRDA:94,22,0,0
BRDA:94,22,1,20
BRDA:96,23,0,0
BRDA:96,23,1,0
BRDA:103,24,0,4
BRDA:103,24,1,0
BRDA:107,25,0,0
BRDA:107,25,1,0
BRDA:107,26,0,0
BRDA:107,26,1,0
BRDA:110,27,0,0
BRDA:110,27,1,0
BRDA:125,28,0,0
BRDA:125,28,1,0
BRDA:127,29,0,0
BRDA:127,29,1,0
BRDA:127,30,0,0
BRDA:127,30,1,0
BRDA:127,30,2,0
BRDA:136,31,0,0
BRDA:136,31,1,0
BRDA:144,32,0,0
BRDA:144,32,1,0
BRDA:144,33,0,0
BRDA:144,33,1,0
BRDA:146,34,0,0
BRDA:146,34,1,0
BRDA:164,35,0,0
BRDA:164,35,1,0
BRDA:172,36,0,0
BRDA:172,36,1,0
BRDA:174,37,0,0
BRDA:174,37,1,0
BRDA:174,38,0,0
BRDA:174,38,1,0
BRDA:179,39,0,0
BRDA:179,39,1,0
BRDA:179,40,0,0
BRDA:179,40,1,0
BRDA:181,41,0,0
BRDA:181,41,1,0
BRDA:188,42,0,0
BRDA:188,42,1,0
BRDA:190,43,0,0
BRDA:190,43,1,0
BRDA:193,44,0,0
BRDA:193,44,1,0
BRDA:200,45,0,0
BRDA:200,45,1,0
BRDA:204,46,0,0
BRDA:204,46,1,0
BRDA:213,47,0,0
BRDA:213,47,1,0
BRDA:215,48,0,0
BRDA:215,48,1,0
BRDA:218,49,0,0
BRDA:218,49,1,0
BRDA:239,50,0,0
BRDA:239,50,1,0
BRDA:243,51,0,0
BRDA:243,51,1,0
BRDA:244,52,0,0
BRDA:244,52,1,0
BRDA:246,53,0,0
BRDA:246,53,1,0
BRDA:263,54,0,0
BRDA:263,54,1,1
BRDA:265,55,0,0
BRDA:265,55,1,0
BRDA:268,56,0,0
BRDA:268,56,1,0
BRDA:272,57,0,0
BRDA:272,57,1,1
BRDA:273,58,0,0
BRDA:273,58,1,0
BRDA:277,59,0,0
BRDA:277,59,1,1
BRDA:284,60,0,0
BRDA:284,60,1,10
BRDA:286,61,0,1
BRDA:286,61,1,9
BRDA:291,62,0,0
BRDA:291,62,1,9
BRDA:293,63,0,0
BRDA:293,63,1,0
BRDA:295,64,0,0
BRDA:295,64,1,0
BRDA:302,65,0,0
BRDA:302,65,1,0
BRDA:306,66,0,0
BRDA:306,66,1,0
BRDA:315,67,0,0
BRDA:315,67,1,9
BRDA:317,68,0,0
BRDA:317,68,1,0
BRDA:320,69,0,0
BRDA:320,69,1,0
BRDA:340,70,0,0
BRDA:340,70,1,0
BRDA:342,71,0,0
BRDA:342,71,1,0
BRDA:345,72,0,0
BRDA:345,72,1,0
BRDA:349,73,0,0
BRDA:349,73,1,0
BRDA:350,74,0,0
BRDA:350,74,1,0
BRDA:354,75,0,0
BRDA:354,75,1,0
BRDA:361,76,0,0
BRDA:361,76,1,0
BRDA:363,77,0,0
BRDA:363,77,1,0
BRDA:368,78,0,0
BRDA:368,78,1,0
BRDA:370,79,0,0
BRDA:370,79,1,0
BRDA:372,80,0,0
BRDA:372,80,1,0
BRDA:379,81,0,0
BRDA:379,81,1,0
BRDA:383,82,0,0
BRDA:383,82,1,0
BRDA:392,83,0,0
BRDA:392,83,1,0
BRDA:394,84,0,0
BRDA:394,84,1,0
BRDA:397,85,0,0
BRDA:397,85,1,0
BRF:172
BRH:14
end_of_record
TN:
SF:/home/devbox/Documents/glayzzle/php-parser/src/lexer/tokens.js
FN:7,(anonymous_1)
FN:35,(anonymous_2)
FN:46,(anonymous_3)
FN:57,(anonymous_4)
FN:71,(anonymous_5)
FN:74,(anonymous_6)
FN:81,(anonymous_7)
FN:89,(anonymous_8)
FN:114,(anonymous_9)
FN:130,(anonymous_10)
FN:141,(anonymous_11)
FN:153,(anonymous_12)
FN:160,(anonymous_13)
FN:188,(anonymous_14)
FN:205,(anonymous_15)
FN:221,(anonymous_16)
FN:232,(anonymous_17)
FN:239,(anonymous_18)
FN:250,(anonymous_19)
FN:261,(anonymous_20)
FNF:20
FNH:5
FNDA:11,(anonymous_1)
FNDA:24,(anonymous_2)
FNDA:4,(anonymous_3)
FNDA:0,(anonymous_4)
FNDA:0,(anonymous_5)
FNDA:0,(anonymous_6)
FNDA:0,(anonymous_7)
FNDA:4,(anonymous_8)
FNDA:1,(anonymous_9)
FNDA:0,(anonymous_10)
FNDA:0,(anonymous_11)
FNDA:0,(anonymous_12)
FNDA:0,(anonymous_13)
FNDA:0,(anonymous_14)
FNDA:0,(anonymous_15)
FNDA:0,(anonymous_16)
FNDA:0,(anonymous_17)
FNDA:0,(anonymous_18)
FNDA:0,(anonymous_19)
FNDA:0,(anonymous_20)
DA:6,1
DA:8,11
DA:9,11
DA:10,11
DA:11,1
DA:12,0
DA:13,0
DA:14,0
DA:16,0
DA:19,1
DA:20,1
DA:21,0
DA:22,0
DA:23,0
DA:24,0
DA:25,0
DA:27,0
DA:32,11
DA:36,24
DA:37,24
DA:38,24
DA:39,9
DA:41,15
DA:47,4
DA:48,4
DA:49,4
DA:50,4
DA:51,4
DA:53,0
DA:54,0
DA:58,0
DA:59,0
DA:60,0
DA:61,0
DA:62,0
DA:63,0
DA:64,0
DA:65,0
DA:66,0
DA:67,0
DA:69,0
DA:72,0
DA:75,0
DA:76,0
DA:77,0
DA:79,0
DA:82,0
DA:83,0
DA:84,0
DA:86,0
DA:90,4
DA:91,4
DA:92,4
DA:93,0
DA:95,4
DA:96,1
DA:97,1
DA:98,1
DA:99,1
DA:100,1
DA:101,0
DA:102,0
DA:103,0
DA:105,0
DA:106,0
DA:111,4
DA:112,4
DA:115,1
DA:116,1
DA:117,0
DA:118,0
DA:119,1
DA:120,0
DA:121,0
DA:122,0
DA:124,0
DA:125,0
DA:128,1
DA:131,0
DA:132,0
DA:133,0
DA:134,0
DA:135,0
DA:136,0
DA:137,0
DA:139,0
DA:142,0
DA:143,0
DA:144,0
DA:145,0
DA:147,0
DA:148,0
DA:151,0
DA:154,0
DA:155,0
DA:156,0
DA:158,0
DA:161,0
DA:162,0
DA:163,0
DA:164,0
DA:165,0
DA:166,0
DA:167,0
DA:168,0
DA:169,0
DA:172,0
DA:173,0
DA:174,0
DA:175,0
DA:176,0
DA:177,0
DA:178,0
DA:180,0
DA:182,0
DA:183,0
DA:184,0
DA:186,0
DA:189,0
DA:190,0
DA:191,0
DA:192,0
DA:193,0
DA:194,0
DA:195,0
DA:196,0
DA:197,0
DA:199,0
DA:200,0
DA:203,0
DA:206,0
DA:207,0
DA:208,0
DA:209,0
DA:210,0
DA:211,0
DA:212,0
DA:213,0
DA:214,0
DA:216,0
DA:219,0
DA:222,0
DA:223,0
DA:224,0
DA:225,0
DA:226,0
DA:227,0
DA:228,0
DA:230,0
DA:233,0
DA:234,0
DA:235,0
DA:237,0
DA:240,0
DA:241,0
DA:242,0
DA:243,0
DA:244,0
DA:245,0
DA:246,0
DA:248,0
DA:251,0
DA:252,0
DA:253,0
DA:254,0
DA:255,0
DA:256,0
DA:257,0
DA:259,0
DA:262,0
DA:263,0
DA:264,0
DA:266,0
LF:173
LH:33
BRDA:10,1,0,1
BRDA:10,1,1,10
BRDA:11,2,0,0
BRDA:11,2,1,1
BRDA:12,3,0,0
BRDA:12,3,1,0
BRDA:20,4,0,0
BRDA:20,4,1,1
BRDA:20,5,0,1
BRDA:20,5,1,1
BRDA:22,6,0,0
BRDA:22,6,1,0
BRDA:24,7,0,0
BRDA:24,7,1,0
BRDA:38,8,0,9
BRDA:38,8,1,15
BRDA:48,9,0,4
BRDA:48,9,1,0
BRDA:59,10,0,0
BRDA:59,10,1,0
BRDA:62,11,0,0
BRDA:62,11,1,0
BRDA:65,12,0,0
BRDA:65,12,1,0
BRDA:75,13,0,0
BRDA:75,13,1,0
BRDA:82,14,0,0
BRDA:82,14,1,0
BRDA:92,15,0,0
BRDA:92,15,1,4
BRDA:95,16,0,1
BRDA:95,16,1,3
BRDA:100,17,0,0
BRDA:100,17,1,1
BRDA:102,18,0,0
BRDA:102,18,1,0
BRDA:105,19,0,0
BRDA:105,19,1,0
BRDA:116,20,0,0
BRDA:116,20,1,1
BRDA:119,21,0,0
BRDA:119,21,1,1
BRDA:120,22,0,0
BRDA:120,22,1,0
BRDA:132,23,0,0
BRDA:132,23,1,0
BRDA:135,24,0,0
BRDA:135,24,1,0
BRDA:142,25,0,0
BRDA:142,25,1,0
BRDA:143,26,0,0
BRDA:143,26,1,0
BRDA:154,27,0,0
BRDA:154,27,1,0
BRDA:162,28,0,0
BRDA:162,28,1,0
BRDA:164,29,0,0
BRDA:164,29,1,0
BRDA:167,30,0,0
BRDA:167,30,1,0
BRDA:168,31,0,0
BRDA:168,31,1,0
BRDA:174,32,0,0
BRDA:174,32,1,0
BRDA:176,33,0,0
BRDA:176,33,1,0
BRDA:182,34,0,0
BRDA:182,34,1,0
BRDA:190,35,0,0
BRDA:190,35,1,0
BRDA:193,36,0,0
BRDA:193,36,1,0
BRDA:195,37,0,0
BRDA:195,37,1,0
BRDA:207,38,0,0
BRDA:207,38,1,0
BRDA:210,39,0,0
BRDA:210,39,1,0
BRDA:212,40,0,0
BRDA:212,40,1,0
BRDA:223,41,0,0
BRDA:223,41,1,0
BRDA:226,42,0,0
BRDA:226,42,1,0
BRDA:226,43,0,0
BRDA:226,43,1,0
BRDA:233,44,0,0
BRDA:233,44,1,0
BRDA:241,45,0,0
BRDA:241,45,1,0
BRDA:244,46,0,0
BRDA:244,46,1,0
BRDA:252,47,0,0
BRDA:252,47,1,0
BRDA:255,48,0,0
BRDA:255,48,1,0
BRDA:262,49,0,0
BRDA:262,49,1,0
BRF:98
BRH:15
end_of_record
TN:
SF:/home/devbox/Documents/glayzzle/php-parser/src/lexer/utils.js
FN:11,(anonymous_1)
FN:17,(anonymous_2)
FN:28,(anonymous_3)
FN:39,(anonymous_4)
FN:51,(anonymous_5)
FN:56,(anonymous_6)
FN:61,(anonymous_7)
FN:66,(anonymous_8)
FN:71,(anonymous_9)
FN:82,(anonymous_10)
FNF:10
FNH:6
FNDA:35,(anonymous_1)
FNDA:73,(anonymous_2)
FNDA:43,(anonymous_3)
FNDA:16,(anonymous_4)
FNDA:24,(anonymous_5)
FNDA:0,(anonymous_6)
FNDA:0,(anonymous_7)
FNDA:4,(anonymous_8)
FNDA:0,(anonymous_9)
FNDA:0,(anonymous_10)
DA:6,1
DA:8,1
DA:12,35
DA:13,35
DA:18,73
DA:19,73
DA:29,43
DA:30,43
DA:40,16
DA:41,73
DA:42,73
DA:43,16
DA:44,16
DA:47,16
DA:52,24
DA:53,24
DA:57,0
DA:58,0
DA:62,0
DA:63,0
DA:67,4
DA:68,4
DA:72,0
DA:73,0
DA:74,0
DA:75,0
DA:76,0
DA:79,0
DA:83,0
DA:84,0
LF:30
LH:18
BRDA:13,1,0,35
BRDA:13,1,1,20
BRDA:19,2,0,73
BRDA:19,2,1,44
BRDA:19,2,2,29
BRDA:19,2,3,13
BRDA:19,2,4,22
BRDA:19,2,5,16
BRDA:19,2,6,2
BRDA:19,2,7,16
BRDA:30,3,0,43
BRDA:30,3,1,14
BRDA:30,3,2,29
BRDA:30,3,3,2
BRDA:30,3,4,29
BRDA:30,3,5,27
BRDA:42,4,0,16
BRDA:42,4,1,57
BRDA:58,5,0,0
BRDA:58,5,1,0
BRDA:63,6,0,0
BRDA:63,6,1,0
BRDA:63,6,2,0
BRDA:63,6,3,0
BRDA:68,7,0,4
BRDA:68,7,1,4
BRDA:74,8,0,0
BRDA:74,8,1,0
BRDA:84,9,0,0
BRDA:84,9,1,0
BRDA:84,9,2,0
BRDA:84,9,3,0
BRDA:84,9,4,0
BRDA:84,9,5,0
BRF:34
BRH:20
end_of_record
TN:
SF:/home/devbox/Documents/glayzzle/php-parser/src/parser.js
FN:10,isNumber
FN:25,(anonymous_2)
FN:146,(anonymous_3)
FN:158,(anonymous_4)
FN:180,(anonymous_5)
FN:195,(anonymous_6)
FN:227,(anonymous_7)
FN:234,(anonymous_8)
FN:251,(anonymous_9)
FN:292,(anonymous_10)
FN:309,(anonymous_11)
FN:314,(anonymous_12)
FN:327,(anonymous_13)
FN:337,(anonymous_14)
FN:351,(anonymous_15)
FN:360,(anonymous_16)
FN:375,(anonymous_17)
FN:419,(anonymous_18)
FNF:18
FNH:12
FNDA:0,isNumber
FNDA:7,(anonymous_2)
FNDA:0,(anonymous_3)
FNDA:6,(anonymous_4)
FNDA:0,(anonymous_5)
FNDA:0,(anonymous_6)
FNDA:26,(anonymous_7)
FNDA:7,(anonymous_8)
FNDA:0,(anonymous_9)
FNDA:14,(anonymous_10)
FNDA:14,(anonymous_11)
FNDA:36,(anonymous_12)
FNDA:36,(anonymous_13)
FNDA:51,(anonymous_14)
FNDA:31,(anonymous_15)
FNDA:0,(anonymous_16)
FNDA:7,(anonymous_17)
FNDA:14,(anonymous_18)
DA:10,1
DA:11,0
DA:25,1
DA:26,7
DA:27,7
DA:28,7
DA:29,7
DA:31,7
DA:32,7
DA:33,7
DA:34,7
DA:35,7
DA:36,7
DA:37,7
DA:38,7
DA:39,7
DA:40,7
DA:146,1
DA:147,0
DA:148,0
DA:150,0
DA:151,0
DA:158,1
DA:159,6
DA:160,6
DA:161,6
DA:162,6
DA:163,6
DA:164,6
DA:165,6
DA:166,6
DA:167,6
DA:168,6
DA:169,10
DA:170,10
DA:171,10
DA:174,6
DA:180,1
DA:181,0
DA:182,0
DA:185,0
DA:188,0
DA:189,0
DA:195,1
DA:196,0
DA:197,0
DA:198,0
DA:199,0
DA:200,0
DA:201,0
DA:202,0
DA:204,0
DA:206,0
DA:208,0
DA:209,0
DA:210,0
DA:211,0
DA:213,0
DA:215,0
DA:216,0
DA:227,1
DA:228,26
DA:234,1
DA:235,7
DA:236,7
DA:237,7
DA:239,1
DA:241,0
DA:242,0
DA:243,0
DA:244,0
DA:246,7
DA:250,1
DA:251,1
DA:252,0
DA:253,0
DA:254,0
DA:255,0
DA:256,0
DA:257,0
DA:258,0
DA:259,0
DA:260,0
DA:263,0
DA:264,0
DA:268,0
DA:276,0
DA:292,1
DA:293,14
DA:294,5
DA:295,0
DA:296,0
DA:298,9
DA:299,0
DA:300,0
DA:302,14
DA:309,1
DA:310,14
DA:314,1
DA:315,36
DA:316,0
DA:317,0
DA:318,0
DA:319,0
DA:321,36
DA:323,36
DA:327,1
DA:328,36
DA:329,36
DA:331,0
DA:333,36
DA:337,1
DA:338,51
DA:343,51
DA:344,51
DA:345,51
DA:351,1
DA:352,31
DA:353,6
DA:355,25
DA:360,1
DA:361,0
DA:362,0
DA:363,0
DA:365,0
DA:366,0
DA:375,1
DA:376,7
DA:378,7
DA:379,0
DA:380,0
DA:383,7
DA:384,6
DA:385,7
DA:386,7
DA:387,6
DA:391,1
DA:392,1
DA:393,1
DA:395,0
DA:396,0
DA:399,7
DA:404,1
DA:420,14
DA:421,74
DA:425,1
LF:146
LH:85
BRDA:11,1,0,0
BRDA:11,1,1,0
BRDA:11,1,2,0
BRDA:11,1,3,0
BRDA:147,2,0,0
BRDA:147,2,1,0
BRDA:150,3,0,0
BRDA:150,3,1,0
BRDA:170,4,0,10
BRDA:170,4,1,0
BRDA:170,5,0,10
BRDA:170,5,1,10
BRDA:181,6,0,0
BRDA:181,6,1,0
BRDA:198,7,0,0
BRDA:198,7,1,0
BRDA:199,8,0,0
BRDA:199,8,1,0
BRDA:201,9,0,0
BRDA:201,9,1,0
BRDA:209,10,0,0
BRDA:209,10,1,0
BRDA:209,11,0,0
BRDA:209,11,1,0
BRDA:210,12,0,0
BRDA:210,12,1,0
BRDA:210,13,0,0
BRDA:210,13,1,0
BRDA:235,14,0,7
BRDA:235,14,1,0
BRDA:237,15,0,1
BRDA:237,15,1,6
BRDA:241,16,0,0
BRDA:241,16,1,0
BRDA:243,17,0,0
BRDA:243,17,1,0
BRDA:243,18,0,0
BRDA:243,18,1,0
BRDA:258,19,0,0
BRDA:258,19,1,0
BRDA:263,20,0,0
BRDA:263,20,1,0
BRDA:293,21,0,5
BRDA:293,21,1,9
BRDA:294,22,0,0
BRDA:294,22,1,5
BRDA:298,23,0,0
BRDA:298,23,1,9
BRDA:315,24,0,0
BRDA:315,24,1,36
BRDA:328,25,0,0
BRDA:328,25,1,36
BRDA:329,26,0,36
BRDA:329,26,1,36
BRDA:343,27,0,51
BRDA:343,27,1,0
BRDA:344,28,0,0
BRDA:344,28,1,51
BRDA:352,29,0,6
BRDA:352,29,1,25
BRDA:362,30,0,0
BRDA:362,30,1,0
BRDA:378,31,0,0
BRDA:378,31,1,7
BRDA:379,32,0,0
BRDA:379,32,1,0
BRDA:383,33,0,6
BRDA:383,33,1,1
BRDA:386,34,0,6
BRDA:386,34,1,1
BRDA:393,35,0,1
BRDA:393,35,1,0
BRDA:395,36,0,0
BRDA:395,36,1,0
BRF:74
BRH:24
end_of_record
TN:
SF:/home/devbox/Documents/glayzzle/php-parser/src/parser/array.js
FN:17,(anonymous_1)
FN:55,(anonymous_2)
FN:83,(anonymous_3)
FNF:3
FNH:2
FNDA:1,(anonymous_1)
FNDA:3,(anonymous_2)
FNDA:0,(anonymous_3)
DA:6,1
DA:7,1
DA:9,1
DA:18,1
DA:19,1
DA:20,1
DA:21,1
DA:23,1
DA:24,1
DA:26,0
DA:28,1
DA:29,1
DA:30,3
DA:31,3
DA:32,2
DA:33,2
DA:34,0
DA:36,1
DA:39,1
DA:40,1
DA:56,3
DA:57,3
DA:58,3
DA:59,3
DA:60,0
DA:63,3
DA:64,3
DA:65,0
DA:66,0
DA:67,0
DA:70,0
DA:73,3
DA:76,3
DA:84,0
DA:85,0
LF:35
LH:26
BRDA:23,1,0,1
BRDA:23,1,1,0
BRDA:28,2,0,1
BRDA:28,2,1,0
BRDA:31,3,0,2
BRDA:31,3,1,1
BRDA:33,4,0,0
BRDA:33,4,1,2
BRDA:39,5,0,0
BRDA:39,5,1,1
BRDA:59,6,0,0
BRDA:59,6,1,3
BRDA:64,7,0,0
BRDA:64,7,1,3
BRDA:66,8,0,0
BRDA:66,8,1,0
BRDA:84,9,0,0
BRDA:84,9,1,0
BRF:18
BRH:8
end_of_record
TN:
SF:/home/devbox/Documents/glayzzle/php-parser/src/parser/class.js
FN:14,(anonymous_1)
FN:47,(anonymous_2)
FN:64,(anonymous_3)
FN:151,(anonymous_4)
FN:163,(anonymous_5)
FN:183,(anonymous_6)
FN:197,(anonymous_7)
FN:210,(anonymous_8)
FN:254,(anonymous_9)
FN:281,(anonymous_10)
FN:338,(anonymous_11)
FN:369,(anonymous_12)
FN:398,(anonymous_13)
FNF:13
FNH:0
FNDA:0,(anonymous_1)
FNDA:0,(anonymous_2)
FNDA:0,(anonymous_3)
FNDA:0,(anonymous_4)
FNDA:0,(anonymous_5)
FNDA:0,(anonymous_6)
FNDA:0,(anonymous_7)
FNDA:0,(anonymous_8)
FNDA:0,(anonymous_9)
FNDA:0,(anonymous_10)
FNDA:0,(anonymous_11)
FNDA:0,(anonymous_12)
FNDA:0,(anonymous_13)
DA:7,1
DA:15,0
DA:16,0
DA:20,0
DA:24,0
DA:25,0
DA:27,0
DA:28,0
DA:33,0
DA:48,0
DA:49,0
DA:50,0
DA:51,0
DA:52,0
DA:53,0
DA:54,0
DA:56,0
DA:65,0
DA:67,0
DA:69,0
DA:70,0
DA:71,0
DA:74,0
DA:75,0
DA:76,0
DA:80,0
DA:81,0
DA:84,0
DA:89,0
DA:92,0
DA:94,0
DA:95,0
DA:97,0
DA:98,0
DA:99,0
DA:100,0
DA:102,0
DA:106,0
DA:107,0
DA:108,0
DA:111,0
DA:114,0
DA:115,0
DA:117,0
DA:118,0
DA:119,0
DA:120,0
DA:123,0
DA:126,0
DA:131,0
DA:138,0
DA:142,0
DA:143,0
DA:152,0
DA:164,0
DA:165,0
DA:166,0
DA:167,0
DA:168,0
DA:169,0
DA:171,0
DA:173,0
DA:174,0
DA:184,0
DA:198,0
DA:199,0
DA:200,0
DA:201,0
DA:211,0
DA:212,0
DA:213,0
DA:214,0
DA:215,0
DA:216,0
DA:217,0
DA:218,0
DA:219,0
DA:220,0
DA:221,0
DA:223,0
DA:224,0
DA:226,0
DA:227,0
DA:228,0
DA:230,0
DA:231,0
DA:234,0
DA:236,0
DA:237,0
DA:238,0
DA:243,0
DA:244,0
DA:245,0
DA:246,0
DA:255,0
DA:256,0
DA:261,0
DA:262,0
DA:263,0
DA:268,0
DA:282,0
DA:284,0
DA:286,0
DA:287,0
DA:288,0
DA:291,0
DA:292,0
DA:293,0
DA:297,0
DA:300,0
DA:301,0
DA:302,0
DA:304,0
DA:305,0
DA:306,0
DA:307,0
DA:313,0
DA:314,0
DA:315,0
DA:316,0
DA:317,0
DA:320,0
DA:326,0
DA:329,0
DA:330,0
DA:339,0
DA:340,0
DA:344,0
DA:347,0
DA:348,0
DA:350,0
DA:351,0
DA:356,0
DA:371,0
DA:372,0
DA:373,0
DA:374,0
DA:375,0
DA:376,0
DA:377,0
DA:379,0
DA:381,0
DA:382,0
DA:383,0
DA:384,0
DA:386,0
DA:388,0
DA:390,0
DA:399,0
DA:400,0
DA:401,0
DA:402,0
DA:403,0
DA:405,0
DA:406,0
DA:412,0
DA:415,0
DA:416,0
DA:417,0
DA:418,0
DA:419,0
DA:420,0
DA:421,0
DA:423,0
DA:424,0
DA:425,0
DA:426,0
DA:428,0
DA:431,0
DA:436,0
LF:170
LH:1
BRDA:24,1,0,0
BRDA:24,1,1,0
BRDA:27,2,0,0
BRDA:27,2,1,0
BRDA:49,3,0,0
BRDA:49,3,1,0
BRDA:52,4,0,0
BRDA:52,4,1,0
BRDA:67,5,0,0
BRDA:67,5,1,0
BRDA:69,6,0,0
BRDA:69,6,1,0
BRDA:74,7,0,0
BRDA:74,7,1,0
BRDA:80,8,0,0
BRDA:80,8,1,0
BRDA:92,9,0,0
BRDA:92,9,1,0
BRDA:99,10,0,0
BRDA:99,10,1,0
BRDA:106,11,0,0
BRDA:106,11,1,0
BRDA:111,12,0,0
BRDA:111,12,1,0
BRDA:119,13,0,0
BRDA:119,13,1,0
BRDA:123,14,0,0
BRDA:123,14,1,0
BRDA:167,15,0,0
BRDA:167,15,1,0
BRDA:167,16,0,0
BRDA:167,16,1,0
BRDA:169,17,0,0
BRDA:169,17,1,0
BRDA:212,18,0,0
BRDA:212,18,1,0
BRDA:215,19,0,0
BRDA:215,19,1,0
BRDA:215,19,2,0
BRDA:215,19,3,0
BRDA:215,19,4,0
BRDA:215,19,5,0
BRDA:223,20,0,0
BRDA:223,20,1,0
BRDA:224,21,0,0
BRDA:224,21,1,0
BRDA:224,22,0,0
BRDA:224,22,1,0
BRDA:228,23,0,0
BRDA:228,23,1,0
BRDA:228,24,0,0
BRDA:228,24,1,0
BRDA:234,25,0,0
BRDA:234,25,1,0
BRDA:237,26,0,0
BRDA:237,26,1,0
BRDA:243,27,0,0
BRDA:243,27,1,0
BRDA:244,28,0,0
BRDA:244,28,1,0
BRDA:245,29,0,0
BRDA:245,29,1,0
BRDA:262,30,0,0
BRDA:262,30,1,0
BRDA:284,31,0,0
BRDA:284,31,1,0
BRDA:286,32,0,0
BRDA:286,32,1,0
BRDA:291,33,0,0
BRDA:291,33,1,0
BRDA:300,34,0,0
BRDA:300,34,1,0
BRDA:306,35,0,0
BRDA:306,35,1,0
BRDA:313,36,0,0
BRDA:313,36,1,0
BRDA:315,37,0,0
BRDA:315,37,1,0
BRDA:347,38,0,0
BRDA:347,38,1,0
BRDA:350,39,0,0
BRDA:350,39,1,0
BRDA:379,40,0,0
BRDA:379,40,1,0
BRDA:382,41,0,0
BRDA:382,41,1,0
BRDA:405,42,0,0
BRDA:405,42,1,0
BRDA:415,43,0,0
BRDA:415,43,1,0
BRDA:418,44,0,0
BRDA:418,44,1,0
BRDA:420,45,0,0
BRDA:420,45,1,0
BRDA:423,46,0,0
BRDA:423,46,1,0
BRDA:426,47,0,0
BRDA:426,47,1,0
BRF:98
BRH:0
end_of_record
TN:
SF:/home/devbox/Documents/glayzzle/php-parser/src/parser/expr.js
FN:9,(anonymous_1)
FN:66,(anonymous_2)
FN:344,(anonymous_3)
FN:380,(anonymous_4)
FN:400,(anonymous_5)
FN:411,(anonymous_6)
FNF:6
FNH:2
FNDA:14,(anonymous_1)
FNDA:14,(anonymous_2)
FNDA:0,(anonymous_3)
FNDA:0,(anonymous_4)
FNDA:0,(anonymous_5)
FNDA:0,(anonymous_6)
DA:7,1
DA:10,14
DA:11,14
DA:13,0
DA:14,0
DA:15,0
DA:16,0
DA:17,0
DA:18,0
DA:19,0
DA:20,0
DA:21,0
DA:22,0
DA:23,0
DA:24,0
DA:28,0
DA:31,0
DA:33,0
DA:34,0
DA:35,0
DA:36,0
DA:37,0
DA:38,0
DA:39,0
DA:41,0
DA:42,0
DA:43,0
DA:44,0
DA:48,0
DA:50,0
DA:51,0
DA:52,0
DA:54,0
DA:55,0
DA:57,14
DA:68,14
DA:71,0
DA:77,0
DA:80,0
DA:81,0
DA:84,0
DA:85,0
DA:86,0
DA:87,0
DA:88,0
DA:90,0
DA:94,0
DA:99,1
DA:100,1
DA:101,1
DA:104,0
DA:105,0
DA:106,0
DA:108,0
DA:109,0
DA:112,0
DA:113,0
DA:114,0
DA:115,0
DA:116,0
DA:119,0
DA:120,0
DA:124,0
DA:126,0
DA:127,0
DA:128,0
DA:129,0
DA:131,0
DA:135,1
DA:140,0
DA:141,0
DA:144,0
DA:145,0
DA:148,0
DA:151,1
DA:152,1
DA:153,1
DA:154,1
DA:155,1
DA:158,0
DA:159,0
DA:160,0
DA:161,0
DA:164,0
DA:170,0
DA:176,0
DA:182,0
DA:188,0
DA:189,0
DA:190,0
DA:191,0
DA:192,0
DA:195,0
DA:198,0
DA:201,0
DA:204,0
DA:207,0
DA:210,0
DA:213,0
DA:218,0
DA:219,0
DA:220,0
DA:221,0
DA:222,0
DA:223,0
DA:225,0
DA:228,0
DA:231,0
DA:238,0
DA:239,0
DA:241,0
DA:242,0
DA:244,0
DA:247,0
DA:251,0
DA:255,0
DA:260,11
DA:261,11
DA:262,4
DA:264,4
DA:266,1
DA:267,1
DA:268,1
DA:283,0
DA:285,0
DA:287,0
DA:289,0
DA:291,0
DA:294,0
DA:296,0
DA:298,0
DA:300,0
DA:302,0
DA:304,0
DA:306,0
DA:308,0
DA:309,0
DA:311,0
DA:312,0
DA:314,7
DA:315,7
DA:317,7
DA:318,7
DA:319,0
DA:320,7
DA:321,0
DA:322,7
DA:324,0
DA:326,7
DA:330,0
DA:331,0
DA:335,3
DA:345,0
DA:346,0
DA:348,0
DA:349,0
DA:350,0
DA:352,0
DA:353,0
DA:358,0
DA:366,0
DA:367,0
DA:368,0
DA:369,0
DA:371,0
DA:381,0
DA:382,0
DA:383,0
DA:384,0
DA:386,0
DA:388,0
DA:389,0
DA:390,0
DA:392,0
DA:401,0
DA:412,0
DA:413,0
DA:414,0
DA:415,0
DA:421,0
LF:180
LH:29
BRDA:11,1,0,0
BRDA:11,1,1,0
BRDA:11,1,2,0
BRDA:11,1,3,0
BRDA:11,1,4,0
BRDA:11,1,5,0
BRDA:11,1,6,0
BRDA:11,1,7,0
BRDA:11,1,8,0
BRDA:11,1,9,0
BRDA:11,1,10,0
BRDA:11,1,11,0
BRDA:11,1,12,0
BRDA:11,1,13,0
BRDA:11,1,14,0
BRDA:11,1,15,0
BRDA:11,1,16,0
BRDA:11,1,17,0
BRDA:11,1,18,0
BRDA:11,1,19,0
BRDA:11,1,20,0
BRDA:11,1,21,0
BRDA:11,1,22,0
BRDA:11,1,23,0
BRDA:11,1,24,0
BRDA:11,1,25,0
BRDA:11,1,26,0
BRDA:11,1,27,0
BRDA:11,1,28,0
BRDA:51,2,0,0
BRDA:51,2,1,0
BRDA:68,3,0,0
BRDA:68,3,1,0
BRDA:68,3,2,0
BRDA:68,3,3,0
BRDA:68,3,4,0
BRDA:68,3,5,0
BRDA:68,3,6,1
BRDA:68,3,7,0
BRDA:68,3,8,1
BRDA:68,3,9,0
BRDA:68,3,10,0
BRDA:68,3,11,0
BRDA:68,3,12,1
BRDA:68,3,13,0
BRDA:68,3,14,0
BRDA:68,3,15,0
BRDA:68,3,16,0
BRDA:68,3,17,0
BRDA:68,3,18,0
BRDA:68,3,19,0
BRDA:68,3,20,0
BRDA:68,3,21,0
BRDA:68,3,22,0
BRDA:68,3,23,0
BRDA:68,3,24,0
BRDA:68,3,25,0
BRDA:68,3,26,0
BRDA:68,3,27,0
BRDA:68,3,28,0
BRDA:68,3,29,0
BRDA:68,3,30,0
BRDA:84,4,0,0
BRDA:84,4,1,0
BRDA:86,5,0,0
BRDA:86,5,1,0
BRDA:86,6,0,0
BRDA:86,6,1,0
BRDA:88,7,0,0
BRDA:88,7,1,0
BRDA:108,8,0,0
BRDA:108,8,1,0
BRDA:114,9,0,0
BRDA:114,9,1,0
BRDA:119,10,0,0
BRDA:119,10,1,0
BRDA:126,11,0,0
BRDA:126,11,1,0
BRDA:220,12,0,0
BRDA:220,12,1,0
BRDA:221,13,0,0
BRDA:221,13,1,0
BRDA:239,14,0,0
BRDA:239,14,1,0
BRDA:242,15,0,0
BRDA:242,15,1,0
BRDA:261,16,0,4
BRDA:261,16,1,7
BRDA:264,17,0,1
BRDA:264,17,1,0
BRDA:264,17,2,0
BRDA:264,17,3,0
BRDA:264,17,4,0
BRDA:264,17,5,0
BRDA:264,17,6,0
BRDA:264,17,7,0
BRDA:264,17,8,0
BRDA:264,17,9,0
BRDA:264,17,10,0
BRDA:264,17,11,0
BRDA:264,17,12,0
BRDA:264,17,13,0
BRDA:264,17,14,0
BRDA:314,18,0,7
BRDA:314,18,1,0
BRDA:318,19,0,0
BRDA:318,19,1,7
BRDA:320,20,0,0
BRDA:320,20,1,7
BRDA:320,21,0,7
BRDA:320,21,1,7
BRDA:322,22,0,0
BRDA:322,22,1,7
BRDA:346,23,0,0
BRDA:346,23,1,0
BRDA:349,24,0,0
BRDA:349,24,1,0
BRDA:352,25,0,0
BRDA:352,25,1,0
BRDA:368,26,0,0
BRDA:368,26,1,0
BRDA:381,27,0,0
BRDA:381,27,1,0
BRDA:381,28,0,0
BRDA:381,28,1,0
BRDA:383,29,0,0
BRDA:383,29,1,0
BRDA:389,30,0,0
BRDA:389,30,1,0
BRDA:412,31,0,0
BRDA:412,31,1,0
BRDA:412,32,0,0
BRDA:412,32,1,0
BRDA:414,33,0,0
BRDA:414,33,1,0
BRF:135
BRH:12
end_of_record
TN:
SF:/home/devbox/Documents/glayzzle/php-parser/src/parser/function.js
FN:11,(anonymous_1)
FN:21,(anonymous_2)
FN:34,(anonymous_3)
FN:57,(anonymous_4)
FN:92,(anonymous_5)
FN:112,(anonymous_6)
FN:135,(anonymous_7)
FN:152,(anonymous_8)
FN:171,(anonymous_9)
FN:183,(anonymous_10)
FNF:10
FNH:0
FNDA:0,(anonymous_1)
FNDA:0,(anonymous_2)
FNDA:0,(anonymous_3)
FNDA:0,(anonymous_4)
FNDA:0,(anonymous_5)
FNDA:0,(anonymous_6)
FNDA:0,(anonymous_7)
FNDA:0,(anonymous_8)
FNDA:0,(anonymous_9)
FNDA:0,(anonymous_10)
DA:7,1
DA:12,0
DA:13,0
DA:14,0
DA:16,0
DA:22,0
DA:23,0
DA:24,0
DA:26,0
DA:35,0
DA:38,0
DA:39,0
DA:40,0
DA:42,0
DA:43,0
DA:44,0
DA:46,0
DA:49,0
DA:58,0
DA:59,0
DA:60,0
DA:61,0
DA:62,0
DA:64,0
DA:65,0
DA:66,0
DA:67,0
DA:68,0
DA:69,0
DA:70,0
DA:72,0
DA:73,0
DA:74,0
DA:75,0
DA:76,0
DA:77,0
DA:79,0
DA:80,0
DA:82,0
DA:83,0
DA:85,0
DA:93,0
DA:94,0
DA:95,0
DA:96,0
DA:98,0
DA:99,0
DA:100,0
DA:102,0
DA:104,0
DA:113,0
DA:114,0
DA:115,0
DA:116,0
DA:117,0
DA:118,0
DA:119,0
DA:120,0
DA:122,0
DA:123,0
DA:127,0
DA:136,0
DA:137,0
DA:138,0
DA:139,0
DA:140,0
DA:141,0
DA:142,0
DA:143,0
DA:145,0
DA:153,0
DA:154,0
DA:155,0
DA:156,0
DA:157,0
DA:158,0
DA:159,0
DA:160,0
DA:163,0
DA:164,0
DA:172,0
DA:173,0
DA:175,0
DA:184,0
DA:186,0
DA:187,0
DA:190,0
DA:192,0
DA:193,0
DA:195,0
LF:90
LH:1
BRDA:12,1,0,0
BRDA:12,1,1,0
BRDA:22,2,0,0
BRDA:22,2,1,0
BRDA:36,3,0,0
BRDA:36,3,1,0
BRDA:36,4,0,0
BRDA:36,4,1,0
BRDA:38,5,0,0
BRDA:38,5,1,0
BRDA:38,6,0,0
BRDA:38,6,1,0
BRDA:43,7,0,0
BRDA:43,7,1,0
BRDA:59,8,0,0
BRDA:59,8,1,0
BRDA:61,9,0,0
BRDA:61,9,1,0
BRDA:68,10,0,0
BRDA:68,10,1,0
BRDA:75,11,0,0
BRDA:75,11,1,0
BRDA:75,12,0,0
BRDA:75,12,1,0
BRDA:79,13,0,0
BRDA:79,13,1,0
BRDA:82,14,0,0
BRDA:82,14,1,0
BRDA:94,15,0,0
BRDA:94,15,1,0
BRDA:98,16,0,0
BRDA:98,16,1,0
BRDA:114,17,0,0
BRDA:114,17,1,0
BRDA:117,18,0,0
BRDA:117,18,1,0
BRDA:119,19,0,0
BRDA:119,19,1,0
BRDA:142,20,0,0
BRDA:142,20,1,0
BRDA:155,21,0,0
BRDA:155,21,1,0
BRDA:158,22,0,0
BRDA:158,22,1,0
BRDA:172,23,0,0
BRDA:172,23,1,0
BRDA:184,24,0,0
BRDA:184,24,1,0
BRDA:184,24,2,0
BRDA:184,24,3,0
BRDA:184,24,4,0
BRF:51
BRH:0
end_of_record
TN:
SF:/home/devbox/Documents/glayzzle/php-parser/src/parser/if.js
FN:13,(anonymous_1)
FN:48,(anonymous_2)
FN:57,(anonymous_3)
FN:80,(anonymous_4)
FNF:4
FNH:0
FNDA:0,(anonymous_1)
FNDA:0,(anonymous_2)
FNDA:0,(anonymous_3)
FNDA:0,(anonymous_4)
DA:7,1
DA:14,0
DA:15,0
DA:16,0
DA:17,0
DA:19,0
DA:20,0
DA:21,0
DA:22,0
DA:23,0
DA:24,0
DA:25,0
DA:26,0
DA:27,0
DA:28,0
DA:29,0
DA:31,0
DA:33,0
DA:35,0
DA:36,0
DA:37,0
DA:38,0
DA:39,0
DA:40,0
DA:43,0
DA:49,0
DA:50,0
DA:51,0
DA:52,0
DA:58,0
DA:59,0
DA:60,0
DA:61,0
DA:62,0
DA:64,0
DA:65,0
DA:66,0
DA:67,0
DA:68,0
DA:69,0
DA:70,0
DA:72,0
DA:75,0
DA:81,0
DA:82,0
DA:83,0
DA:84,0
DA:86,0
LF:48
LH:1
BRDA:19,1,0,0
BRDA:19,1,1,0
BRDA:22,2,0,0
BRDA:22,2,1,0
BRDA:24,3,0,0
BRDA:24,3,1,0
BRDA:27,4,0,0
BRDA:27,4,1,0
BRDA:37,5,0,0
BRDA:37,5,1,0
BRDA:39,6,0,0
BRDA:39,6,1,0
BRDA:64,7,0,0
BRDA:64,7,1,0
BRDA:65,8,0,0
BRDA:65,8,1,0
BRDA:68,9,0,0
BRDA:68,9,1,0
BRDA:83,10,0,0
BRDA:83,10,1,0
BRF:20
BRH:0
end_of_record
TN:
SF:/home/devbox/Documents/glayzzle/php-parser/src/parser/loops.js
FN:11,(anonymous_1)
FN:23,(anonymous_2)
FN:36,(anonymous_3)
FN:44,(anonymous_4)
FN:79,(anonymous_5)
FN:104,(anonymous_6)
FNF:6
FNH:0
FNDA:0,(anonymous_1)
FNDA:0,(anonymous_2)
FNDA:0,(anonymous_3)
FNDA:0,(anonymous_4)
FNDA:0,(anonymous_5)
FNDA:0,(anonymous_6)
DA:7,1
DA:12,0
DA:13,0
DA:14,0
DA:15,0
DA:17,0
DA:18,0
DA:24,0
DA:25,0
DA:26,0
DA:27,0
DA:28,0
DA:29,0
DA:30,0
DA:32,0
DA:34,0
DA:37,0
DA:38,0
DA:39,0
DA:40,0
DA:41,0
DA:42,0
DA:45,0
DA:46,0
DA:47,0
DA:48,0
DA:49,0
DA:50,0
DA:52,0
DA:54,0
DA:55,0
DA:56,0
DA:58,0
DA:60,0
DA:61,0
DA:62,0
DA:64,0
DA:66,0
DA:67,0
DA:68,0
DA:70,0
DA:72,0
DA:80,0
DA:81,0
DA:82,0
DA:83,0
DA:84,0
DA:86,0
DA:87,0
DA:88,0
DA:90,0
DA:91,0
DA:92,0
DA:93,0
DA:95,0
DA:97,0
DA:105,0
DA:106,0
DA:107,0
DA:108,0
DA:109,0
DA:110,0
DA:111,0
DA:112,0
DA:114,0
LF:65
LH:1
BRDA:14,1,0,0
BRDA:14,1,1,0
BRDA:29,2,0,0
BRDA:29,2,1,0
BRDA:48,3,0,0
BRDA:48,3,1,0
BRDA:54,4,0,0
BRDA:54,4,1,0
BRDA:60,5,0,0
BRDA:60,5,1,0
BRDA:67,6,0,0
BRDA:67,6,1,0
BRDA:86,7,0,0
BRDA:86,7,1,0
BRDA:92,8,0,0
BRDA:92,8,1,0
BRDA:105,9,0,0
BRDA:105,9,1,0
BRDA:107,10,0,0
BRDA:107,10,1,0
BRF:20
BRH:0
end_of_record
TN:
SF:/home/devbox/Documents/glayzzle/php-parser/src/parser/main.js
FN:13,(anonymous_1)
FNF:1
FNH:1
FNDA:10,(anonymous_1)
DA:7,1
DA:14,10
DA:15,0
DA:17,10
LF:4
LH:3
BRDA:14,1,0,0
BRDA:14,1,1,10
BRF:2
BRH:1
end_of_record
TN:
SF:/home/devbox/Documents/glayzzle/php-parser/src/parser/namespace.js
FN:16,(anonymous_1)
FN:58,(anonymous_2)
FN:71,(anonymous_3)
FN:75,(anonymous_4)
FN:79,(anonymous_5)
FN:94,(anonymous_6)
FN:124,(anonymous_7)
FN:145,(anonymous_8)
FNF:8
FNH:1
FNDA:0,(anonymous_1)
FNDA:1,(anonymous_2)
FNDA:0,(anonymous_3)
FNDA:0,(anonymous_4)
FNDA:0,(anonymous_5)
FNDA:0,(anonymous_6)
FNDA:0,(anonymous_7)
FNDA:0,(anonymous_8)
DA:7,1
DA:17,0
DA:18,0
DA:19,0
DA:20,0
DA:21,0
DA:23,0
DA:24,0
DA:25,0
DA:27,0
DA:28,0
DA:29,0
DA:30,0
DA:31,0
DA:32,0
DA:33,0
DA:34,0
DA:35,0
DA:36,0
DA:38,0
DA:43,0
DA:45,0
DA:46,0
DA:47,0
DA:48,0
DA:59,1
DA:60,0
DA:62,1
DA:72,0
DA:73,0
DA:74,0
DA:75,0
DA:76,0
DA:77,0
DA:79,0
DA:80,0
DA:84,0
DA:86,0
DA:95,0
DA:96,0
DA:97,0
DA:98,0
DA:99,0
DA:100,0
DA:101,0
DA:102,0
DA:104,0
DA:105,0
DA:106,0
DA:108,0
DA:109,0
DA:110,0
DA:112,0
DA:115,0
DA:125,0
DA:126,0
DA:127,0
DA:128,0
DA:129,0
DA:130,0
DA:131,0
DA:132,0
DA:133,0
DA:134,0
DA:136,0
DA:146,0
DA:147,0
DA:150,0
DA:151,0
DA:153,0
DA:154,0
LF:71
LH:3
BRDA:19,1,0,0
BRDA:19,1,1,0
BRDA:23,2,0,0
BRDA:23,2,1,0
BRDA:28,3,0,0
BRDA:28,3,1,0
BRDA:33,4,0,0
BRDA:33,4,1,0
BRDA:36,5,0,0
BRDA:36,5,1,0
BRDA:59,6,0,0
BRDA:59,6,1,1
BRDA:76,7,0,0
BRDA:76,7,1,0
BRDA:84,8,0,0
BRDA:84,8,1,0
BRDA:99,9,0,0
BRDA:99,9,1,0
BRDA:105,10,0,0
BRDA:105,10,1,0
BRDA:109,11,0,0
BRDA:109,11,1,0
BRDA:127,12,0,0
BRDA:127,12,1,0
BRDA:131,13,0,0
BRDA:131,13,1,0
BRDA:147,14,0,0
BRDA:147,14,1,0
BRDA:148,15,0,0
BRDA:148,15,1,0
BRDA:148,15,2,0
BRDA:150,16,0,0
BRDA:150,16,1,0
BRF:33
BRH:1
end_of_record
TN:
SF:/home/devbox/Documents/glayzzle/php-parser/src/parser/scalar.js
FN:31,(anonymous_1)
FN:52,(anonymous_2)
FN:126,(anonymous_3)
FN:146,(anonymous_4)
FN:183,(anonymous_5)
FN:209,(anonymous_6)
FNF:6
FNH:4
FNDA:7,(anonymous_1)
FNDA:0,(anonymous_2)
FNDA:0,(anonymous_3)
FNDA:1,(anonymous_4)
FNDA:1,(anonymous_5)
FNDA:2,(anonymous_6)
DA:7,1
DA:20,1
DA:32,7
DA:33,2
DA:35,5
DA:39,4
DA:40,4
DA:41,4
DA:42,4
DA:43,4
DA:44,0
DA:45,0
DA:47,4
DA:48,4
DA:50,4
DA:53,0
DA:56,4
DA:57,0
DA:59,4
DA:60,4
DA:62,0
DA:65,4
DA:68,0
DA:72,0
DA:75,0
DA:81,0
DA:82,0
DA:83,0
DA:84,0
DA:87,0
DA:89,0
DA:90,0
DA:96,0
DA:97,0
DA:98,0
DA:100,0
DA:101,0
DA:102,0
DA:105,0
DA:106,0
DA:107,0
DA:109,0
DA:114,1
DA:116,0
DA:118,0
DA:119,0
DA:127,0
DA:128,0
DA:129,0
DA:130,0
DA:131,0
DA:132,0
DA:134,0
DA:147,1
DA:148,1
DA:149,1
DA:150,1
DA:151,0
DA:152,0
DA:153,0
DA:154,0
DA:155,0
DA:156,0
DA:159,0
DA:161,0
DA:162,0
DA:163,0
DA:164,0
DA:165,0
DA:166,0
DA:167,0
DA:168,0
DA:169,0
DA:171,0
DA:178,1
DA:184,1
DA:185,0
DA:186,0
DA:188,1
DA:189,1
DA:190,1
DA:191,1
DA:193,0
DA:198,0
DA:199,0
DA:203,0
DA:204,0
DA:210,2
DA:211,2
DA:212,2
DA:213,2
LF:91
LH:32
BRDA:32,1,0,2
BRDA:32,1,1,5
BRDA:35,2,0,4
BRDA:35,2,1,0
BRDA:35,2,2,0
BRDA:35,2,3,0
BRDA:35,2,4,0
BRDA:35,2,5,0
BRDA:35,2,6,0
BRDA:35,2,7,0
BRDA:35,2,8,0
BRDA:35,2,9,0
BRDA:35,2,10,0
BRDA:35,2,11,1
BRDA:35,2,12,1
BRDA:35,2,13,0
BRDA:42,3,0,4
BRDA:42,3,1,4
BRDA:43,4,0,0
BRDA:43,4,1,4
BRDA:56,5,0,0
BRDA:56,5,1,4
BRDA:60,6,0,0
BRDA:60,6,1,4
BRDA:83,7,0,0
BRDA:83,7,1,0
BRDA:98,8,0,0
BRDA:98,8,1,0
BRDA:128,9,0,0
BRDA:128,9,1,0
BRDA:131,10,0,0
BRDA:131,10,1,0
BRDA:148,11,0,1
BRDA:148,11,1,0
BRDA:151,12,0,0
BRDA:151,12,1,0
BRDA:152,13,0,0
BRDA:152,13,1,0
BRDA:154,14,0,0
BRDA:154,14,1,0
BRDA:162,15,0,0
BRDA:162,15,1,0
BRDA:165,16,0,0
BRDA:165,16,1,0
BRDA:168,17,0,0
BRDA:168,17,1,0
BRDA:184,18,0,0
BRDA:184,18,1,1
BRDA:189,19,0,1
BRDA:189,19,1,0
BRF:50
BRH:13
end_of_record
TN:
SF:/home/devbox/Documents/glayzzle/php-parser/src/parser/statement.js
FN:13,(anonymous_1)
FN:37,(anonymous_2)
FN:86,(anonymous_3)
FN:106,(anonymous_4)
FN:107,(anonymous_5)
FN:122,(anonymous_6)
FN:123,(anonymous_7)
FN:136,(anonymous_8)
FN:171,(anonymous_9)
FN:224,(anonymous_10)
FN:327,(anonymous_11)
FNF:11
FNH:2
FNDA:0,(anonymous_1)
FNDA:10,(anonymous_2)
FNDA:0,(anonymous_3)
FNDA:0,(anonymous_4)
FNDA:0,(anonymous_5)
FNDA:0,(anonymous_6)
FNDA:0,(anonymous_7)
FNDA:0,(anonymous_8)
FNDA:10,(anonymous_9)
FNDA:0,(anonymous_10)
FNDA:0,(anonymous_11)
DA:6,1
DA:14,0
DA:15,0
DA:16,0
DA:17,0
DA:18,0
DA:19,0
DA:21,0
DA:25,0
DA:38,10
DA:40,0
DA:44,0
DA:45,0
DA:47,0
DA:49,0
DA:51,0
DA:52,0
DA:53,0
DA:56,0
DA:58,0
DA:60,0
DA:62,0
DA:63,0
DA:64,0
DA:66,0
DA:68,0
DA:70,0
DA:71,0
DA:72,0
DA:73,0
DA:77,10
DA:87,0
DA:88,0
DA:89,0
DA:90,0
DA:91,0
DA:92,0
DA:94,0
DA:98,0
DA:107,0
DA:108,0
DA:109,0
DA:110,0
DA:111,0
DA:113,0
DA:114,0
DA:123,0
DA:124,0
DA:125,0
DA:126,0
DA:127,0
DA:137,0
DA:139,0
DA:143,0
DA:144,0
DA:146,0
DA:148,0
DA:150,0
DA:152,0
DA:153,0
DA:156,0
DA:158,0
DA:160,0
DA:162,0
DA:163,0
DA:165,0
DA:173,10
DA:175,0
DA:177,0
DA:179,0
DA:181,0
DA:183,0
DA:185,0
DA:187,0
DA:189,0
DA:191,0
DA:196,0
DA:197,0
DA:198,0
DA:199,0
DA:200,0
DA:202,0
DA:203,0
DA:204,0
DA:206,0
DA:207,0
DA:210,0
DA:211,0
DA:212,0
DA:215,0
DA:216,0
DA:217,0
DA:219,0
DA:220,0
DA:221,0
DA:222,0
DA:224,0
DA:225,0
DA:226,0
DA:227,0
DA:228,0
DA:230,0
DA:232,0
DA:233,0
DA:236,4
DA:237,4
DA:238,4
DA:239,4
DA:240,4
DA:241,1
DA:243,4
DA:244,4
DA:247,2
DA:248,2
DA:249,2
DA:252,1
DA:253,1
DA:254,1
DA:255,1
DA:256,1
DA:257,1
DA:259,0
DA:261,1
DA:264,0
DA:265,0
DA:266,0
DA:267,0
DA:268,0
DA:269,0
DA:270,0
DA:271,0
DA:272,0
DA:274,0
DA:276,0
DA:278,0
DA:279,0
DA:282,0
DA:285,0
DA:286,0
DA:287,0
DA:288,0
DA:292,0
DA:293,0
DA:296,0
DA:297,0
DA:298,0
DA:299,0
DA:300,0
DA:301,0
DA:304,0
DA:305,0
DA:306,0
DA:307,0
DA:311,0
DA:312,0
DA:313,0
DA:314,0
DA:317,3
DA:318,3
DA:319,3
DA:328,0
DA:329,0
DA:333,0
DA:334,0
LF:164
LH:25
BRDA:15,1,0,0
BRDA:15,1,1,0
BRDA:17,2,0,0
BRDA:17,2,1,0
BRDA:18,3,0,0
BRDA:18,3,1,0
BRDA:38,4,0,0
BRDA:38,4,1,0
BRDA:38,4,2,0
BRDA:38,4,3,0
BRDA:38,4,4,0
BRDA:38,4,5,0
BRDA:38,4,6,0
BRDA:38,4,7,0
BRDA:38,4,8,0
BRDA:38,4,9,0
BRDA:38,4,10,10
BRDA:45,5,0,0
BRDA:45,5,1,0
BRDA:45,5,2,0
BRDA:88,6,0,0
BRDA:88,6,1,0
BRDA:90,7,0,0
BRDA:90,7,1,0
BRDA:91,8,0,0
BRDA:91,8,1,0
BRDA:137,9,0,0
BRDA:137,9,1,0
BRDA:137,9,2,0
BRDA:137,9,3,0
BRDA:137,9,4,0
BRDA:137,9,5,0
BRDA:137,9,6,0
BRDA:137,9,7,0
BRDA:144,10,0,0
BRDA:144,10,1,0
BRDA:144,10,2,0
BRDA:173,11,0,0
BRDA:173,11,1,0
BRDA:173,11,2,0
BRDA:173,11,3,0
BRDA:173,11,4,0
BRDA:173,11,5,0
BRDA:173,11,6,0
BRDA:173,11,7,0
BRDA:173,11,8,0
BRDA:173,11,9,0
BRDA:173,11,10,0
BRDA:173,11,11,0
BRDA:173,11,12,0
BRDA:173,11,13,0
BRDA:173,11,14,4
BRDA:173,11,15,2
BRDA:173,11,16,1
BRDA:173,11,17,0
BRDA:173,11,18,0
BRDA:173,11,19,0
BRDA:173,11,20,0
BRDA:173,11,21,0
BRDA:173,11,22,0
BRDA:173,11,23,0
BRDA:173,11,24,3
BRDA:197,12,0,0
BRDA:197,12,1,0
BRDA:197,12,2,0
BRDA:203,13,0,0
BRDA:203,13,1,0
BRDA:217,14,0,0
BRDA:217,14,1,0
BRDA:227,15,0,0
BRDA:227,15,1,0
BRDA:238,16,0,4
BRDA:238,16,1,1
BRDA:240,17,0,1
BRDA:240,17,1,3
BRDA:255,18,0,1
BRDA:255,18,1,0
BRDA:268,19,0,0
BRDA:268,19,1,0
BRDA:271,20,0,0
BRDA:271,20,1,0
BRDA:298,21,0,0
BRDA:298,21,1,0
BRDA:329,22,0,0
BRDA:329,22,1,0
BRF:85
BRH:10
end_of_record
TN:
SF:/home/devbox/Documents/glayzzle/php-parser/src/parser/switch.js
FN:13,(anonymous_1)
FN:27,(anonymous_2)
FN:63,(anonymous_3)
FNF:3
FNH:0
FNDA:0,(anonymous_1)
FNDA:0,(anonymous_2)
FNDA:0,(anonymous_3)
DA:6,1
DA:14,0
DA:15,0
DA:16,0
DA:17,0
DA:18,0
DA:19,0
DA:20,0
DA:29,0
DA:30,0
DA:31,0
DA:32,0
DA:33,0
DA:35,0
DA:38,0
DA:39,0
DA:41,0
DA:44,0
DA:45,0
DA:48,0
DA:49,0
DA:52,0
DA:53,0
DA:54,0
DA:56,0
DA:64,0
DA:68,0
DA:69,0
DA:70,0
DA:72,0
DA:74,0
DA:76,0
DA:77,0
DA:83,0
DA:85,0
LF:35
LH:1
BRDA:30,1,0,0
BRDA:30,1,1,0
BRDA:32,2,0,0
BRDA:32,2,1,0
BRDA:39,3,0,0
BRDA:39,3,1,0
BRDA:44,4,0,0
BRDA:44,4,1,0
BRDA:48,5,0,0
BRDA:48,5,1,0
BRDA:53,6,0,0
BRDA:53,6,1,0
BRDA:68,7,0,0
BRDA:68,7,1,0
BRDA:70,8,0,0
BRDA:70,8,1,0
BRDA:78,9,0,0
BRDA:78,9,1,0
BRDA:78,9,2,0
BRDA:78,9,3,0
BRF:20
BRH:0
end_of_record
TN:
SF:/home/devbox/Documents/glayzzle/php-parser/src/parser/try.js
FN:16,(anonymous_1)
FNF:1
FNH:0
FNDA:0,(anonymous_1)
DA:6,1
DA:19,0
DA:20,0
DA:21,0
DA:22,0
DA:23,0
DA:25,0
DA:26,0
DA:27,0
DA:28,0
DA:29,0
DA:30,0
DA:31,0
DA:36,0
DA:38,0
DA:39,0
DA:41,0
LF:17
LH:1
BRDA:38,1,0,0
BRDA:38,1,1,0
BRF:2
BRH:0
end_of_record
TN:
SF:/home/devbox/Documents/glayzzle/php-parser/src/parser/comment.js
FN:10,(anonymous_1)
FN:21,(anonymous_2)
FNF:2
FNH:0
FNDA:0,(anonymous_1)
FNDA:0,(anonymous_2)
DA:6,1
DA:11,0
DA:12,0
DA:13,0
DA:14,0
DA:16,0
DA:22,0
DA:23,0
DA:24,0
LF:9
LH:1
BRF:0
BRH:0
end_of_record
TN:
SF:/home/devbox/Documents/glayzzle/php-parser/src/parser/variable.js
FN:22,(anonymous_1)
FN:55,(anonymous_2)
FN:76,(anonymous_3)
FN:156,(anonymous_4)
FN:185,(anonymous_5)
FN:208,(anonymous_6)
FNF:6
FNH:4
FNDA:5,(anonymous_1)
FNDA:0,(anonymous_2)
FNDA:5,(anonymous_3)
FNDA:0,(anonymous_4)
FNDA:4,(anonymous_5)
FNDA:4,(anonymous_6)
DA:6,1
DA:23,5
DA:26,5
DA:27,4
DA:28,1
DA:29,1
DA:30,1
DA:35,1
DA:37,0
DA:39,0
DA:40,0
DA:41,0
DA:43,0
DA:47,5
DA:48,0
DA:51,5
DA:56,0
DA:57,0
DA:58,0
DA:59,0
DA:63,0
DA:64,0
DA:66,0
DA:68,0
DA:70,0
DA:71,0
DA:73,0
DA:77,5
DA:78,5
DA:79,5
DA:81,0
DA:82,0
DA:84,0
DA:86,0
DA:88,0
DA:89,0
DA:90,0
DA:91,0
DA:92,0
DA:95,0
DA:96,0
DA:97,0
DA:99,0
DA:102,0
DA:103,0
DA:105,0
DA:106,0
DA:108,0
DA:109,0
DA:110,0
DA:112,0
DA:113,0
DA:115,0
DA:116,0
DA:118,0
DA:120,0
DA:121,0
DA:122,0
DA:125,0
DA:126,0
DA:128,0
DA:129,0
DA:132,0
DA:134,0
DA:136,0
DA:137,0
DA:138,0
DA:140,0
DA:142,0
DA:143,0
DA:145,0
DA:146,0
DA:148,5
DA:151,5
DA:157,0
DA:158,0
DA:159,0
DA:160,0
DA:161,0
DA:162,0
DA:163,0
DA:165,0
DA:171,0
DA:172,0
DA:186,4
DA:187,4
DA:188,4
DA:189,0
DA:190,0
DA:192,0
DA:193,0
DA:195,0
DA:196,4
DA:197,0
DA:198,0
DA:199,4
DA:201,4
DA:209,4
DA:210,4
DA:212,4
DA:213,4
DA:216,0
DA:218,0
DA:219,0
DA:220,0
DA:222,0
DA:223,0
DA:225,0
DA:226,0
DA:227,0
DA:229,0
DA:231,0
DA:233,0
DA:235,4
LF:114
LH:26
BRDA:26,1,0,4
BRDA:26,1,1,1
BRDA:28,2,0,1
BRDA:28,2,1,0
BRDA:30,3,0,1
BRDA:30,3,1,0
BRDA:31,4,0,1
BRDA:31,4,1,1
BRDA:35,5,0,1
BRDA:35,5,1,0
BRDA:39,6,0,0
BRDA:39,6,1,0
BRDA:47,7,0,0
BRDA:47,7,1,5
BRDA:57,8,0,0
BRDA:57,8,1,0
BRDA:59,9,0,0
BRDA:59,9,1,0
BRDA:60,10,0,0
BRDA:60,10,1,0
BRDA:70,11,0,0
BRDA:70,11,1,0
BRDA:79,12,0,0
BRDA:79,12,1,0
BRDA:79,12,2,0
BRDA:79,12,3,5
BRDA:81,13,0,0
BRDA:81,13,1,0
BRDA:90,14,0,0
BRDA:90,14,1,0
BRDA:95,15,0,0
BRDA:95,15,1,0
BRDA:106,16,0,0
BRDA:106,16,1,0
BRDA:106,16,2,0
BRDA:106,16,3,0
BRDA:106,16,4,0
BRDA:110,17,0,0
BRDA:110,17,1,0
BRDA:113,18,0,0
BRDA:113,18,1,0
BRDA:126,19,0,0
BRDA:126,19,1,0
BRDA:158,20,0,0
BRDA:158,20,1,0
BRDA:160,21,0,0
BRDA:160,21,1,0
BRDA:162,22,0,0
BRDA:162,22,1,0
BRDA:188,23,0,0
BRDA:188,23,1,4
BRDA:189,24,0,0
BRDA:189,24,1,0
BRDA:192,25,0,0
BRDA:192,25,1,0
BRDA:196,26,0,0
BRDA:196,26,1,4
BRDA:196,27,0,4
BRDA:196,27,1,0
BRDA:210,28,0,4
BRDA:210,28,1,0
BRDA:216,29,0,0
BRDA:216,29,1,0
BRDA:216,29,2,0
BRDA:216,29,3,0
BRF:65
BRH:13
end_of_record
TN:
SF:/home/devbox/Documents/glayzzle/php-parser/src/tokens.js
FNF:0
FNH:0
DA:8,1
LF:1
LH:1
BRF:0
BRH:0
end_of_record
TN:
SF:/home/devbox/Documents/glayzzle/php-parser/src/ast.js
FN:48,(anonymous_1)
FN:56,(anonymous_2)
FN:67,(anonymous_3)
FN:120,(anonymous_4)
FNF:4
FNH:4
FNDA:7,(anonymous_1)
FNDA:32,(anonymous_2)
FNDA:32,(anonymous_3)
FNDA:17,(anonymous_4)
DA:7,1
DA:8,1
DA:48,1
DA:49,7
DA:50,7
DA:56,1
DA:57,32
DA:58,32
DA:59,12
DA:65,32
DA:67,32
DA:68,32
DA:69,32
DA:70,32
DA:71,12
DA:72,12
DA:73,12
DA:78,12
DA:79,12
DA:85,0
DA:88,12
DA:91,32
DA:92,32
DA:93,0
DA:95,32
DA:96,32
DA:97,32
DA:102,1
DA:121,17
DA:122,17
DA:123,17
DA:126,1
LF:32
LH:30
BRDA:58,1,0,12
BRDA:58,1,1,20
BRDA:58,2,0,32
BRDA:58,2,1,20
BRDA:70,3,0,12
BRDA:70,3,1,20
BRDA:70,4,0,32
BRDA:70,4,1,20
BRDA:72,5,0,12
BRDA:72,5,1,0
BRDA:78,6,0,12
BRDA:78,6,1,0
BRDA:92,7,0,0
BRDA:92,7,1,32
BRDA:122,8,0,0
BRDA:122,8,1,17
BRF:16
BRH:12
end_of_record
TN:
SF:/home/devbox/Documents/glayzzle/php-parser/src/ast/location.js
FN:14,(anonymous_1)
FNF:1
FNH:1
FNDA:12,(anonymous_1)
DA:14,1
DA:15,12
DA:16,12
DA:17,12
DA:20,1
LF:5
LH:5
BRF:0
BRH:0
end_of_record
TN:
SF:/home/devbox/Documents/glayzzle/php-parser/src/ast/position.js
FN:14,(anonymous_1)
FNF:1
FNH:1
FNDA:24,(anonymous_1)
DA:14,1
DA:15,24
DA:16,24
DA:17,24
DA:20,1
LF:5
LH:5
BRF:0
BRH:0
end_of_record
TN:
SF:/home/devbox/Documents/glayzzle/php-parser/src/ast/array.js
FN:17,Array
FNF:1
FNH:1
FNDA:1,Array
DA:7,1
DA:8,1
DA:17,1
DA:18,1
DA:19,1
DA:20,1
DA:23,1
LF:7
LH:7
BRF:0
BRH:0
end_of_record
TN:
SF:/home/devbox/Documents/glayzzle/php-parser/src/ast/expression.js
FN:16,Expression
FNF:1
FNH:1
FNDA:15,Expression
DA:7,1
DA:8,1
DA:16,1
DA:17,15
DA:20,1
LF:5
LH:5
BRDA:17,1,0,15
BRDA:17,1,1,0
BRF:2
BRH:1
end_of_record
TN:
SF:/home/devbox/Documents/glayzzle/php-parser/src/ast/node.js
FN:13,Node
FN:23,(anonymous_2)
FNF:2
FNH:2
FNDA:32,Node
FNDA:22,(anonymous_2)
DA:13,1
DA:14,32
DA:15,32
DA:23,1
DA:24,22
DA:25,22
DA:26,22
DA:27,22
DA:30,1
LF:9
LH:9
BRDA:15,1,0,12
BRDA:15,1,1,20
BRF:2
BRH:2
end_of_record
TN:
SF:/home/devbox/Documents/glayzzle/php-parser/src/ast/assign.js
FN:18,Assign
FNF:1
FNH:1
FNDA:1,Assign
DA:7,1
DA:8,1
DA:18,1
DA:19,1
DA:20,1
DA:21,1
DA:22,1
DA:25,1
LF:8
LH:8
BRF:0
BRH:0
end_of_record
TN:
SF:/home/devbox/Documents/glayzzle/php-parser/src/ast/statement.js
FN:15,Statement
FNF:1
FNH:1
FNDA:14,Statement
DA:7,1
DA:8,1
DA:15,1
DA:16,14
DA:19,1
LF:5
LH:5
BRDA:16,1,0,14
BRDA:16,1,1,0
BRF:2
BRH:1
end_of_record
TN:
SF:/home/devbox/Documents/glayzzle/php-parser/src/ast/class.js
FN:22,Class
FNF:1
FNH:0
FNDA:0,Class
DA:7,1
DA:8,1
DA:22,1
DA:26,0
DA:27,0
DA:28,0
DA:29,0
DA:30,0
DA:31,0
DA:32,0
DA:35,1
LF:11
LH:4
BRDA:27,1,0,0
BRDA:27,1,1,0
BRF:2
BRH:0
end_of_record
TN:
SF:/home/devbox/Documents/glayzzle/php-parser/src/ast/block.js
FN:16,Block
FNF:1
FNH:1
FNDA:6,Block
DA:7,1
DA:8,1
DA:16,1
DA:17,6
DA:18,6
DA:21,1
LF:6
LH:6
BRDA:17,1,0,6
BRDA:17,1,1,0
BRF:2
BRH:1
end_of_record
TN:
SF:/home/devbox/Documents/glayzzle/php-parser/src/ast/clone.js
FN:16,Clone
FNF:1
FNH:1
FNDA:1,Clone
DA:7,1
DA:8,1
DA:16,1
DA:17,1
DA:18,1
DA:21,1
LF:6
LH:6
BRF:0
BRH:0
end_of_record
TN:
SF:/home/devbox/Documents/glayzzle/php-parser/src/ast/echo.js
FN:15,Echo
FNF:1
FNH:1
FNDA:4,Echo
DA:7,1
DA:8,1
DA:15,1
DA:16,4
DA:19,1
LF:5
LH:5
BRF:0
BRH:0
end_of_record
TN:
SF:/home/devbox/Documents/glayzzle/php-parser/src/ast/sys.js
FN:16,Sys
FNF:1
FNH:1
FNDA:6,Sys
DA:7,1
DA:8,1
DA:16,1
DA:17,6
DA:18,6
DA:21,1
LF:6
LH:6
BRDA:17,1,0,6
BRDA:17,1,1,0
BRF:2
BRH:1
end_of_record
TN:
SF:/home/devbox/Documents/glayzzle/php-parser/src/ast/entry.js
FN:17,Entry
FNF:1
FNH:1
FNDA:3,Entry
DA:7,1
DA:8,1
DA:17,1
DA:18,3
DA:19,3
DA:20,3
DA:23,1
LF:7
LH:7
BRF:0
BRH:0
end_of_record
TN:
SF:/home/devbox/Documents/glayzzle/php-parser/src/ast/error.js
FN:20,Error
FNF:1
FNH:0
FNDA:0,Error
DA:7,1
DA:8,1
DA:20,1
DA:21,0
DA:22,0
DA:23,0
DA:24,0
DA:25,0
DA:28,1
LF:9
LH:4
BRF:0
BRH:0
end_of_record
TN:
SF:/home/devbox/Documents/glayzzle/php-parser/src/ast/inline.js
FN:15,Inline
FNF:1
FNH:1
FNDA:2,Inline
DA:7,1
DA:8,1
DA:15,1
DA:16,2
DA:19,1
LF:5
LH:5
BRF:0
BRH:0
end_of_record
TN:
SF:/home/devbox/Documents/glayzzle/php-parser/src/ast/literal.js
FN:16,Literal
FNF:1
FNH:1
FNDA:10,Literal
DA:7,1
DA:8,1
DA:16,1
DA:17,10
DA:18,10
DA:21,1
LF:6
LH:6
BRDA:17,1,0,10
BRDA:17,1,1,0
BRF:2
BRH:1
end_of_record
TN:
SF:/home/devbox/Documents/glayzzle/php-parser/src/ast/isset.js
FN:15,Isset
FNF:1
FNH:1
FNDA:1,Isset
DA:7,1
DA:8,1
DA:15,1
DA:16,1
DA:19,1
LF:5
LH:5
BRF:0
BRH:0
end_of_record
TN:
SF:/home/devbox/Documents/glayzzle/php-parser/src/ast/magic.js
FN:15,Magic
FNF:1
FNH:1
FNDA:2,Magic
DA:7,1
DA:8,1
DA:15,1
DA:16,2
DA:19,1
LF:5
LH:5
BRF:0
BRH:0
end_of_record
TN:
SF:/home/devbox/Documents/glayzzle/php-parser/src/ast/namespace.js
FN:18,Namespace
FNF:1
FNH:0
FNDA:0,Namespace
DA:7,1
DA:8,1
DA:9,1
DA:18,1
DA:19,0
DA:20,0
DA:21,0
DA:23,0
DA:25,0
DA:28,1
LF:10
LH:5
BRDA:20,1,0,0
BRDA:20,1,1,0
BRDA:25,2,0,0
BRDA:25,2,1,0
BRF:4
BRH:0
end_of_record
TN:
SF:/home/devbox/Documents/glayzzle/php-parser/src/ast/identifier.js
FN:18,Identifier
FNF:1
FNH:0
FNDA:0,Identifier
DA:7,1
DA:8,1
DA:18,1
DA:19,0
DA:20,0
DA:21,0
DA:22,0
DA:24,0
DA:28,1
LF:9
LH:4
BRDA:20,1,0,0
BRDA:20,1,1,0
BRDA:21,2,0,0
BRDA:21,2,1,0
BRF:4
BRH:0
end_of_record
TN:
SF:/home/devbox/Documents/glayzzle/php-parser/src/ast/program.js
FN:16,Program
FNF:1
FNH:1
FNDA:6,Program
DA:7,1
DA:8,1
DA:16,1
DA:17,6
DA:18,6
DA:21,1
LF:6
LH:6
BRF:0
BRH:0
end_of_record
TN:
SF:/home/devbox/Documents/glayzzle/php-parser/src/ast/shell.js
FN:16,Shell
FNF:1
FNH:1
FNDA:1,Shell
DA:7,1
DA:8,1
DA:16,1
DA:17,1
DA:20,1
LF:5
LH:5
BRF:0
BRH:0
end_of_record
TN:
SF:/home/devbox/Documents/glayzzle/php-parser/src/ast/string.js
FN:17,String
FNF:1
FNH:1
FNDA:5,String
DA:7,1
DA:8,1
DA:17,1
DA:18,5
DA:19,5
DA:22,1
LF:6
LH:6
BRF:0
BRH:0
end_of_record
TN:
SF:/home/devbox/Documents/glayzzle/php-parser/src/ast/unset.js
FN:15,Unset
FNF:1
FNH:1
FNDA:1,Unset
DA:7,1
DA:8,1
DA:15,1
DA:16,1
DA:19,1
LF:5
LH:5
BRF:0
BRH:0
end_of_record
TN:
SF:/home/devbox/Documents/glayzzle/php-parser/src/ast/variable.js
FN:17,Variable
FNF:1
FNH:1
FNDA:4,Variable
DA:7,1
DA:8,1
DA:17,1
DA:18,4
DA:19,4
DA:22,1
LF:6
LH:6
BRF:0
BRH:0
end_of_record
